2021-04-11 14:08:43,916 INFO client.py Запущен клиент с парамертами: адрес сервера: 127.0.0.1, порт: 7777
2021-04-11 14:08:43,917 INFO client.py Запущен клиент с парамертами: адрес сервера: 127.0.0.1, порт: 7777
2021-04-11 14:08:44,088 DEBUG decorator.py Была вызвана функция create_presence c параметрами (<class '__main__.JIMClient'>, 'KIBORG2'), {}. Используемый модуль: __main__ и функция main(). Также была вызвана функция start.
2021-04-11 14:08:44,088 DEBUG client.py Сформировано presence сообщение для пользователя KIBORG2
2021-04-11 14:08:44,089 DEBUG decorator.py Была вызвана функция create_presence c параметрами (<class '__main__.JIMClient'>, 'KIBORG1'), {}. Используемый модуль: __main__ и функция main(). Также была вызвана функция start.
2021-04-11 14:08:44,089 DEBUG client.py Сформировано presence сообщение для пользователя KIBORG1
2021-04-11 14:08:44,090 DEBUG decorator.py Была вызвана функция send_message c параметрами (<common.json_messenger.JSONMessenger object at 0x03A88880>, {'action': 'presence', 'time': 1618139324.0895505, 'user': {'account_name': 'KIBORG2'}}), {}. Используемый модуль: common.json_messenger и функция main(). Также была вызвана функция start.
2021-04-11 14:08:44,091 DEBUG decorator.py Была вызвана функция send_message c параметрами (<common.json_messenger.JSONMessenger object at 0x036F8880>, {'action': 'presence', 'time': 1618139324.0895505, 'user': {'account_name': 'KIBORG1'}}), {}. Используемый модуль: common.json_messenger и функция main(). Также была вызвана функция start.
2021-04-11 14:08:44,092 DEBUG decorator.py Была вызвана функция get_message c параметрами (<common.json_messenger.JSONMessenger object at 0x03A88880>,), {}. Используемый модуль: common.json_messenger и функция main(). Также была вызвана функция start.
2021-04-11 14:08:44,093 DEBUG decorator.py Была вызвана функция get_message c параметрами (<common.json_messenger.JSONMessenger object at 0x036F8880>,), {}. Используемый модуль: common.json_messenger и функция main(). Также была вызвана функция start.
2021-04-11 14:08:44,625 DEBUG decorator.py Была вызвана функция process_ans c параметрами (<class '__main__.JIMClient'>, {'response': 200}), {}. Используемый модуль: __main__ и функция main(). Также была вызвана функция start.
2021-04-11 14:08:44,625 DEBUG client.py Разбор сообщения от сервера: {'response': 200}
2021-04-11 14:08:44,625 INFO client.py Принят ответ от сервера Получен ответ от сервера!
2021-04-11 14:08:44,673 DEBUG decorator.py Была вызвана функция process_ans c параметрами (<class '__main__.JIMClient'>, {'response': 200}), {}. Используемый модуль: __main__ и функция main(). Также была вызвана функция start.
2021-04-11 14:08:44,674 DEBUG client.py Разбор сообщения от сервера: {'response': 200}
2021-04-11 14:08:44,674 INFO client.py Принят ответ от сервера Получен ответ от сервера!
2021-04-11 14:08:44,701 DEBUG client.py Запрос списка известных пользователей KIBORG2
2021-04-11 14:08:44,703 DEBUG decorator.py Была вызвана функция send_message c параметрами (<common.json_messenger.JSONMessenger object at 0x03A88880>, {'action': 'get_users', 'time': 1618139324.7015502, 'account_name': 'KIBORG2'}), {}. Используемый модуль: common.json_messenger и функция main(). Также была вызвана функция user_list_request.
2021-04-11 14:08:44,706 DEBUG decorator.py Была вызвана функция get_message c параметрами (<common.json_messenger.JSONMessenger object at 0x03A88880>,), {}. Используемый модуль: common.json_messenger и функция main(). Также была вызвана функция user_list_request.
2021-04-11 14:08:44,742 DEBUG client.py Запрос списка известных пользователей KIBORG1
2021-04-11 14:08:44,745 DEBUG decorator.py Была вызвана функция send_message c параметрами (<common.json_messenger.JSONMessenger object at 0x036F8880>, {'action': 'get_users', 'time': 1618139324.743551, 'account_name': 'KIBORG1'}), {}. Используемый модуль: common.json_messenger и функция main(). Также была вызвана функция user_list_request.
2021-04-11 14:08:44,747 DEBUG decorator.py Была вызвана функция get_message c параметрами (<common.json_messenger.JSONMessenger object at 0x036F8880>,), {}. Используемый модуль: common.json_messenger и функция main(). Также была вызвана функция user_list_request.
2021-04-11 14:08:45,211 DEBUG client.py Запрос контакт листа для пользователся KIBORG2
2021-04-11 14:08:45,212 DEBUG client.py Сформирован запрос {'action': 'get_contacts', 'time': 1618139325.2125514, 'user': 'KIBORG2'}
2021-04-11 14:08:45,214 DEBUG decorator.py Была вызвана функция send_message c параметрами (<common.json_messenger.JSONMessenger object at 0x03A88880>, {'action': 'get_contacts', 'time': 1618139325.2125514, 'user': 'KIBORG2'}), {}. Используемый модуль: common.json_messenger и функция main(). Также была вызвана функция contacts_list_request.
2021-04-11 14:08:45,217 DEBUG decorator.py Была вызвана функция get_message c параметрами (<common.json_messenger.JSONMessenger object at 0x03A88880>,), {}. Используемый модуль: common.json_messenger и функция main(). Также была вызвана функция contacts_list_request.
2021-04-11 14:08:45,219 DEBUG client.py Запрос контакт листа для пользователся KIBORG1
2021-04-11 14:08:45,219 DEBUG client.py Сформирован запрос {'action': 'get_contacts', 'time': 1618139325.2195501, 'user': 'KIBORG1'}
2021-04-11 14:08:45,221 DEBUG decorator.py Была вызвана функция send_message c параметрами (<common.json_messenger.JSONMessenger object at 0x036F8880>, {'action': 'get_contacts', 'time': 1618139325.2195501, 'user': 'KIBORG1'}), {}. Используемый модуль: common.json_messenger и функция main(). Также была вызвана функция contacts_list_request.
2021-04-11 14:08:45,224 DEBUG decorator.py Была вызвана функция get_message c параметрами (<common.json_messenger.JSONMessenger object at 0x036F8880>,), {}. Используемый модуль: common.json_messenger и функция main(). Также была вызвана функция contacts_list_request.
2021-04-11 14:08:45,711 DEBUG client.py Получен ответ {'response': 202, 'data_list': []}
2021-04-11 14:08:45,713 DEBUG client.py Запущены процессы
2021-04-11 14:08:45,716 DEBUG decorator.py Была вызвана функция message_from_server c параметрами (<__main__.JIMClient object at 0x03A884A8>,), {}. Используемый модуль: __main__ и функция self._bootstrap_inner(). Также была вызвана функция listen_func.
2021-04-11 14:08:45,719 DEBUG decorator.py Была вызвана функция get_message c параметрами (<common.json_messenger.JSONMessenger object at 0x03A88880>,), {}. Используемый модуль: common.json_messenger и функция self._bootstrap_inner(). Также была вызвана функция message_from_server.
2021-04-11 14:08:45,723 DEBUG client.py Получен ответ {'response': 202, 'data_list': []}
2021-04-11 14:08:45,724 DEBUG client.py Запущены процессы
2021-04-11 14:08:45,727 DEBUG decorator.py Была вызвана функция message_from_server c параметрами (<__main__.JIMClient object at 0x036F84A8>,), {}. Используемый модуль: __main__ и функция self._bootstrap_inner(). Также была вызвана функция listen_func.
2021-04-11 14:08:45,730 DEBUG decorator.py Была вызвана функция get_message c параметрами (<common.json_messenger.JSONMessenger object at 0x036F8880>,), {}. Используемый модуль: common.json_messenger и функция self._bootstrap_inner(). Также была вызвана функция message_from_server.
2021-04-11 14:09:05,399 DEBUG decorator.py Была вызвана функция send_message c параметрами (<__main__.JIMClient object at 0x03A884A8>, 'lsdfjlsdfkj', 'KIBORG1'), {}. Используемый модуль: __main__ и функция self._bootstrap_inner(). Также была вызвана функция sender_message.
2021-04-11 14:09:05,402 DEBUG decorator.py Была вызвана функция create_message c параметрами (<class '__main__.JIMClient'>, 'lsdfjlsdfkj', 'KIBORG2', 'KIBORG1'), {}. Используемый модуль: common.jimbase и функция self._bootstrap_inner(). Также была вызвана функция send_message.
2021-04-11 14:09:05,402 DEBUG jimbase.py Сформирован словарь сообщения: {'action': 'message', 'sender': 'KIBORG2', 'to': 'KIBORG1', 'time': 1618139345.4025855, 'mess_text': 'lsdfjlsdfkj'}
2021-04-11 14:09:05,405 DEBUG decorator.py Была вызвана функция send_message c параметрами (<common.json_messenger.JSONMessenger object at 0x03A88880>, {'action': 'message', 'sender': 'KIBORG2', 'to': 'KIBORG1', 'time': 1618139345.4025855, 'mess_text': 'lsdfjlsdfkj'}), {}. Используемый модуль: common.json_messenger и функция self._bootstrap_inner(). Также была вызвана функция send_message.
2021-04-11 14:09:05,756 INFO client.py Получено сообщение от пользователя KIBORG2:
lsdfjlsdfkj
2021-04-11 14:09:05,779 DEBUG decorator.py Была вызвана функция message_from_server c параметрами (<__main__.JIMClient object at 0x036F84A8>,), {}. Используемый модуль: __main__ и функция self._bootstrap_inner(). Также была вызвана функция listen_func.
2021-04-11 14:09:05,782 DEBUG decorator.py Была вызвана функция get_message c параметрами (<common.json_messenger.JSONMessenger object at 0x036F8880>,), {}. Используемый модуль: common.json_messenger и функция self._bootstrap_inner(). Также была вызвана функция message_from_server.
2021-04-11 14:09:30,855 DEBUG decorator.py Была вызвана функция stop c параметрами (<__main__.JIMClient object at 0x03A884A8>,), {}. Используемый модуль: __main__ и функция self._bootstrap_inner(). Также была вызвана функция sender_func.
2021-04-11 14:09:30,858 DEBUG decorator.py Была вызвана функция send_message c параметрами (<common.json_messenger.JSONMessenger object at 0x03A88880>, {'action': 'exit', 'time': 1618139370.8551352, 'account_name': 'KIBORG2'}), {}. Используемый модуль: common.json_messenger и функция self._bootstrap_inner(). Также была вызвана функция stop.
2021-04-11 14:09:30,859 INFO client.py Завершение работы по команде пользователя.
2021-04-11 14:09:30,858 ERROR client.py Соединение с сервером 127.0.0.1 было потеряно.
2021-04-11 14:09:30,859 INFO client.py Завершение работы по команде пользователя.
2021-04-11 15:25:10,710 CRITICAL client.py Не удалось подключиться к серверу 127.0.0.1:7777, конечный компьютер отверг запрос на подключение.
2021-04-11 15:25:10,793 DEBUG client.py Запрос списка известных пользователей dfslkdjf
2021-04-11 15:26:37,988 CRITICAL client.py Не удалось подключиться к серверу 127.0.0.1:7777, конечный компьютер отверг запрос на подключение.
2021-04-11 15:26:38,066 DEBUG client.py Запрос списка известных пользователей jghjhg
2021-04-11 15:45:59,597 CRITICAL client.py Не удалось подключиться к серверу 127.0.0.1:7777, конечный компьютер отверг запрос на подключение.
2021-04-11 15:45:59,674 DEBUG client.py Запрос списка известных пользователей dfsf
2021-04-11 16:27:53,962 CRITICAL main_window.py Не удалось подключиться к серверу 127.0.0.1:7777, конечный компьютер отверг запрос на подключение.
2021-04-11 16:27:54,053 DEBUG main_window.py Запрос списка известных пользователей ывадло
2021-04-11 16:57:13,577 DEBUG decorator.py Была вызвана функция create_presence c параметрами (<class '__main__.JIMClient'>, 'авыыв'), {}. Используемый модуль: __main__ и функция main(). Также была вызвана функция start.
2021-04-11 16:57:13,578 DEBUG main_window.py Сформировано presence сообщение для пользователя авыыв
2021-04-11 16:57:13,580 DEBUG decorator.py Была вызвана функция send_message c параметрами (<common.json_messenger.JSONMessenger object at 0x04680F40>, {'action': 'presence', 'time': 1618149433.5783813, 'user': {'account_name': 'авыыв'}}), {}. Используемый модуль: common.json_messenger и функция main(). Также была вызвана функция start.
2021-04-11 16:57:13,582 DEBUG decorator.py Была вызвана функция get_message c параметрами (<common.json_messenger.JSONMessenger object at 0x04680F40>,), {}. Используемый модуль: common.json_messenger и функция main(). Также была вызвана функция start.
2021-04-11 16:57:14,173 DEBUG decorator.py Была вызвана функция process_ans c параметрами (<class '__main__.JIMClient'>, {'response': 200}), {}. Используемый модуль: __main__ и функция main(). Также была вызвана функция start.
2021-04-11 16:57:14,173 DEBUG main_window.py Разбор сообщения от сервера: {'response': 200}
2021-04-11 16:57:14,173 INFO main_window.py Принят ответ от сервера Получен ответ от сервера!
2021-04-11 16:57:14,247 DEBUG main_window.py Запрос списка известных пользователей авыыв
2021-04-11 16:57:14,249 DEBUG decorator.py Была вызвана функция send_message c параметрами (<common.json_messenger.JSONMessenger object at 0x04680F40>, {'action': 'get_users', 'time': 1618149434.247382, 'account_name': 'авыыв'}), {}. Используемый модуль: common.json_messenger и функция main(). Также была вызвана функция user_list_request.
2021-04-11 16:57:14,251 DEBUG decorator.py Была вызвана функция get_message c параметрами (<common.json_messenger.JSONMessenger object at 0x04680F40>,), {}. Используемый модуль: common.json_messenger и функция main(). Также была вызвана функция user_list_request.
2021-04-11 16:57:14,720 DEBUG main_window.py Запрос контакт листа для пользователся авыыв
2021-04-11 16:57:14,720 DEBUG main_window.py Сформирован запрос {'action': 'get_contacts', 'time': 1618149434.720381, 'user': 'авыыв'}
2021-04-11 16:57:14,722 DEBUG decorator.py Была вызвана функция send_message c параметрами (<common.json_messenger.JSONMessenger object at 0x04680F40>, {'action': 'get_contacts', 'time': 1618149434.720381, 'user': 'авыыв'}), {}. Используемый модуль: common.json_messenger и функция main(). Также была вызвана функция contacts_list_request.
2021-04-11 16:57:14,725 DEBUG decorator.py Была вызвана функция get_message c параметрами (<common.json_messenger.JSONMessenger object at 0x04680F40>,), {}. Используемый модуль: common.json_messenger и функция main(). Также была вызвана функция contacts_list_request.
2021-04-11 16:57:15,209 DEBUG main_window.py Получен ответ {'response': 202, 'data_list': []}
2021-04-11 16:57:15,212 DEBUG main_window.py Запущены процессы
2021-04-11 16:57:15,217 DEBUG decorator.py Была вызвана функция message_from_server c параметрами (<__main__.JIMClient object at 0x04680EE0>,), {}. Используемый модуль: __main__ и функция self._bootstrap_inner(). Также была вызвана функция listen_func.
2021-04-11 16:57:15,221 DEBUG decorator.py Была вызвана функция get_message c параметрами (<common.json_messenger.JSONMessenger object at 0x04680F40>,), {}. Используемый модуль: common.json_messenger и функция self._bootstrap_inner(). Также была вызвана функция message_from_server.
2021-04-11 17:18:35,447 DEBUG decorator.py Была вызвана функция send_message c параметрами (<__main__.JIMClient object at 0x04680EE0>, 's,dfjadf', 'авыыв'), {}. Используемый модуль: __main__ и функция self._bootstrap_inner(). Также была вызвана функция sender_message.
2021-04-11 17:18:35,449 DEBUG decorator.py Была вызвана функция create_message c параметрами (<class '__main__.JIMClient'>, 's,dfjadf', 'авыыв', 'авыыв'), {}. Используемый модуль: common.jimbase и функция self._bootstrap_inner(). Также была вызвана функция send_message.
2021-04-11 17:18:35,449 DEBUG jimbase.py Сформирован словарь сообщения: {'action': 'message', 'sender': 'авыыв', 'to': 'авыыв', 'time': 1618150715.4490285, 'mess_text': 's,dfjadf'}
2021-04-11 17:18:35,454 DEBUG decorator.py Была вызвана функция send_message c параметрами (<common.json_messenger.JSONMessenger object at 0x04680F40>, {'action': 'message', 'sender': 'авыыв', 'to': 'авыыв', 'time': 1618150715.4490285, 'mess_text': 's,dfjadf'}), {}. Используемый модуль: common.json_messenger и функция self._bootstrap_inner(). Также была вызвана функция send_message.
2021-04-11 17:18:35,621 INFO main_window.py Получено сообщение от пользователя авыыв:
s,dfjadf
2021-04-11 17:18:35,639 DEBUG decorator.py Была вызвана функция message_from_server c параметрами (<__main__.JIMClient object at 0x04680EE0>,), {}. Используемый модуль: __main__ и функция self._bootstrap_inner(). Также была вызвана функция listen_func.
2021-04-11 17:18:35,643 DEBUG decorator.py Была вызвана функция get_message c параметрами (<common.json_messenger.JSONMessenger object at 0x04680F40>,), {}. Используемый модуль: common.json_messenger и функция self._bootstrap_inner(). Также была вызвана функция message_from_server.
2021-04-11 17:18:48,374 DEBUG decorator.py Была вызвана функция stop c параметрами (<__main__.JIMClient object at 0x04680EE0>,), {}. Используемый модуль: __main__ и функция self._bootstrap_inner(). Также была вызвана функция sender_func.
2021-04-11 17:18:48,378 DEBUG decorator.py Была вызвана функция send_message c параметрами (<common.json_messenger.JSONMessenger object at 0x04680F40>, {'action': 'exit', 'time': 1618150728.3740273, 'account_name': 'авыыв'}), {}. Используемый модуль: common.json_messenger и функция self._bootstrap_inner(). Также была вызвана функция stop.
2021-04-11 17:18:48,378 INFO main_window.py Завершение работы по команде пользователя.
2021-04-11 17:18:48,378 INFO main_window.py Завершение работы по команде пользователя.
2021-04-11 17:18:48,379 ERROR main_window.py Соединение с сервером 127.0.0.1 было потеряно.
2021-04-11 17:30:54,004 DEBUG decorator.py Была вызвана функция create_presence c параметрами (<class 'client_part.main_window.JIMClient'>, 'qqq'), {}. Используемый модуль: client_part.main_window и функция main(). Также была вызвана функция start.
2021-04-11 17:30:54,004 DEBUG main_window.py Сформировано presence сообщение для пользователя qqq
2021-04-11 17:30:54,006 DEBUG decorator.py Была вызвана функция send_message c параметрами (<common.json_messenger.JSONMessenger object at 0x02D48F40>, {'action': 'presence', 'time': 1618151454.0046585, 'user': {'account_name': 'qqq'}}), {}. Используемый модуль: common.json_messenger и функция main(). Также была вызвана функция start.
2021-04-11 17:30:54,008 DEBUG decorator.py Была вызвана функция get_message c параметрами (<common.json_messenger.JSONMessenger object at 0x02D48F40>,), {}. Используемый модуль: common.json_messenger и функция main(). Также была вызвана функция start.
2021-04-11 17:30:54,421 DEBUG decorator.py Была вызвана функция process_ans c параметрами (<class 'client_part.main_window.JIMClient'>, {'response': 200}), {}. Используемый модуль: client_part.main_window и функция main(). Также была вызвана функция start.
2021-04-11 17:30:54,421 DEBUG main_window.py Разбор сообщения от сервера: {'response': 200}
2021-04-11 17:30:54,422 INFO main_window.py Принят ответ от сервера Получен ответ от сервера!
2021-04-11 17:30:54,498 DEBUG main_window.py Запрос списка известных пользователей qqq
2021-04-11 17:30:54,501 DEBUG decorator.py Была вызвана функция send_message c параметрами (<common.json_messenger.JSONMessenger object at 0x02D48F40>, {'action': 'get_users', 'time': 1618151454.4985876, 'account_name': 'qqq'}), {}. Используемый модуль: common.json_messenger и функция main(). Также была вызвана функция user_list_request.
2021-04-11 17:30:54,503 DEBUG decorator.py Была вызвана функция get_message c параметрами (<common.json_messenger.JSONMessenger object at 0x02D48F40>,), {}. Используемый модуль: common.json_messenger и функция main(). Также была вызвана функция user_list_request.
2021-04-11 17:30:54,964 DEBUG main_window.py Запрос контакт листа для пользователся qqq
2021-04-11 17:30:54,964 DEBUG main_window.py Сформирован запрос {'action': 'get_contacts', 'time': 1618151454.9645886, 'user': 'qqq'}
2021-04-11 17:30:54,966 DEBUG decorator.py Была вызвана функция send_message c параметрами (<common.json_messenger.JSONMessenger object at 0x02D48F40>, {'action': 'get_contacts', 'time': 1618151454.9645886, 'user': 'qqq'}), {}. Используемый модуль: common.json_messenger и функция main(). Также была вызвана функция contacts_list_request.
2021-04-11 17:30:54,968 DEBUG decorator.py Была вызвана функция get_message c параметрами (<common.json_messenger.JSONMessenger object at 0x02D48F40>,), {}. Используемый модуль: common.json_messenger и функция main(). Также была вызвана функция contacts_list_request.
2021-04-11 17:30:55,452 DEBUG main_window.py Получен ответ {'response': 202, 'data_list': []}
2021-04-11 17:32:52,834 DEBUG decorator.py Была вызвана функция create_presence c параметрами (<class 'client_part.main_window.JIMClient'>, 'aaa'), {}. Используемый модуль: client_part.main_window и функция main(). Также была вызвана функция start.
2021-04-11 17:32:52,834 DEBUG main_window.py Сформировано presence сообщение для пользователя aaa
2021-04-11 17:32:52,837 DEBUG decorator.py Была вызвана функция send_message c параметрами (<common.json_messenger.JSONMessenger object at 0x00840FE8>, {'action': 'presence', 'time': 1618151572.8357368, 'user': {'account_name': 'aaa'}}), {}. Используемый модуль: common.json_messenger и функция main(). Также была вызвана функция start.
2021-04-11 17:32:52,838 DEBUG decorator.py Была вызвана функция get_message c параметрами (<common.json_messenger.JSONMessenger object at 0x00840FE8>,), {}. Используемый модуль: common.json_messenger и функция main(). Также была вызвана функция start.
2021-04-11 17:32:53,313 DEBUG decorator.py Была вызвана функция process_ans c параметрами (<class 'client_part.main_window.JIMClient'>, {'response': 200}), {}. Используемый модуль: client_part.main_window и функция main(). Также была вызвана функция start.
2021-04-11 17:32:53,313 DEBUG main_window.py Разбор сообщения от сервера: {'response': 200}
2021-04-11 17:32:53,313 INFO main_window.py Принят ответ от сервера Получен ответ от сервера!
2021-04-11 17:32:53,393 DEBUG main_window.py Запрос списка известных пользователей aaa
2021-04-11 17:32:53,396 DEBUG decorator.py Была вызвана функция send_message c параметрами (<common.json_messenger.JSONMessenger object at 0x00840FE8>, {'action': 'get_users', 'time': 1618151573.393666, 'account_name': 'aaa'}), {}. Используемый модуль: common.json_messenger и функция main(). Также была вызвана функция user_list_request.
2021-04-11 17:32:53,398 DEBUG decorator.py Была вызвана функция get_message c параметрами (<common.json_messenger.JSONMessenger object at 0x00840FE8>,), {}. Используемый модуль: common.json_messenger и функция main(). Также была вызвана функция user_list_request.
2021-04-11 17:32:53,855 DEBUG main_window.py Запрос контакт листа для пользователся aaa
2021-04-11 17:32:53,855 DEBUG main_window.py Сформирован запрос {'action': 'get_contacts', 'time': 1618151573.8556664, 'user': 'aaa'}
2021-04-11 17:32:53,857 DEBUG decorator.py Была вызвана функция send_message c параметрами (<common.json_messenger.JSONMessenger object at 0x00840FE8>, {'action': 'get_contacts', 'time': 1618151573.8556664, 'user': 'aaa'}), {}. Используемый модуль: common.json_messenger и функция main(). Также была вызвана функция contacts_list_request.
2021-04-11 17:32:53,860 DEBUG decorator.py Была вызвана функция get_message c параметрами (<common.json_messenger.JSONMessenger object at 0x00840FE8>,), {}. Используемый модуль: common.json_messenger и функция main(). Также была вызвана функция contacts_list_request.
2021-04-11 17:32:54,343 DEBUG main_window.py Получен ответ {'response': 202, 'data_list': []}
2021-04-11 17:32:54,345 DEBUG client.py Запущены процессы
2021-04-11 17:32:54,348 DEBUG decorator.py Была вызвана функция message_from_server c параметрами (<client_part.main_window.JIMClient object at 0x00840FB8>,), {}. Используемый модуль: client_part.main_window и функция self._bootstrap_inner(). Также была вызвана функция listen_func.
2021-04-11 17:32:54,351 DEBUG decorator.py Была вызвана функция get_message c параметрами (<common.json_messenger.JSONMessenger object at 0x00840FE8>,), {}. Используемый модуль: common.json_messenger и функция self._bootstrap_inner(). Также была вызвана функция message_from_server.
2021-04-11 17:33:04,421 DEBUG decorator.py Была вызвана функция send_message c параметрами (<client_part.main_window.JIMClient object at 0x00840FB8>, 'lsjfk', 'aaa'), {}. Используемый модуль: client_part.main_window и функция self._bootstrap_inner(). Также была вызвана функция sender_message.
2021-04-11 17:33:04,424 DEBUG decorator.py Была вызвана функция create_message c параметрами (<class 'client_part.main_window.JIMClient'>, 'lsjfk', 'aaa', 'aaa'), {}. Используемый модуль: common.jimbase и функция self._bootstrap_inner(). Также была вызвана функция send_message.
2021-04-11 17:33:04,424 DEBUG jimbase.py Сформирован словарь сообщения: {'action': 'message', 'sender': 'aaa', 'to': 'aaa', 'time': 1618151584.4246655, 'mess_text': 'lsjfk'}
2021-04-11 17:33:04,427 DEBUG decorator.py Была вызвана функция send_message c параметрами (<common.json_messenger.JSONMessenger object at 0x00840FE8>, {'action': 'message', 'sender': 'aaa', 'to': 'aaa', 'time': 1618151584.4246655, 'mess_text': 'lsjfk'}), {}. Используемый модуль: common.json_messenger и функция self._bootstrap_inner(). Также была вызвана функция send_message.
2021-04-11 17:33:04,869 INFO main_window.py Получено сообщение от пользователя aaa:
lsjfk
2021-04-11 17:33:04,888 DEBUG decorator.py Была вызвана функция message_from_server c параметрами (<client_part.main_window.JIMClient object at 0x00840FB8>,), {}. Используемый модуль: client_part.main_window и функция self._bootstrap_inner(). Также была вызвана функция listen_func.
2021-04-11 17:33:04,892 DEBUG decorator.py Была вызвана функция get_message c параметрами (<common.json_messenger.JSONMessenger object at 0x00840FE8>,), {}. Используемый модуль: common.json_messenger и функция self._bootstrap_inner(). Также была вызвана функция message_from_server.
2021-04-11 17:55:23,780 DEBUG decorator.py Была вызвана функция stop c параметрами (<client_part.main_window.JIMClient object at 0x00840FB8>,), {}. Используемый модуль: client_part.main_window и функция self._bootstrap_inner(). Также была вызвана функция sender_func.
2021-04-11 17:55:23,783 DEBUG decorator.py Была вызвана функция send_message c параметрами (<common.json_messenger.JSONMessenger object at 0x00840FE8>, {'action': 'exit', 'time': 1618152923.7804115, 'account_name': 'aaa'}), {}. Используемый модуль: common.json_messenger и функция self._bootstrap_inner(). Также была вызвана функция stop.
2021-04-11 17:55:23,783 INFO main_window.py Завершение работы по команде пользователя.
2021-04-11 17:55:23,783 INFO main_window.py Завершение работы по команде пользователя.
2021-04-11 17:55:23,784 ERROR main_window.py Соединение с сервером 127.0.0.1 было потеряно.
2021-04-11 19:01:21,179 DEBUG decorator.py Была вызвана функция create_presence c параметрами (<class 'client_part.main_window.JIMClient'>, 'dfg'), {}. Используемый модуль: client_part.main_window и функция main(). Также была вызвана функция start.
2021-04-11 19:01:21,179 DEBUG main_window.py Сформировано presence сообщение для пользователя dfg
2021-04-11 19:01:21,181 DEBUG decorator.py Была вызвана функция send_message c параметрами (<common.json_messenger.JSONMessenger object at 0x014F0FE8>, {'action': 'presence', 'time': 1618156881.1798034, 'user': {'account_name': 'dfg'}}), {}. Используемый модуль: common.json_messenger и функция main(). Также была вызвана функция start.
2021-04-11 19:01:21,183 DEBUG decorator.py Была вызвана функция get_message c параметрами (<common.json_messenger.JSONMessenger object at 0x014F0FE8>,), {}. Используемый модуль: common.json_messenger и функция main(). Также была вызвана функция start.
2021-04-11 19:01:21,775 DEBUG decorator.py Была вызвана функция process_ans c параметрами (<class 'client_part.main_window.JIMClient'>, {'response': 200}), {}. Используемый модуль: client_part.main_window и функция main(). Также была вызвана функция start.
2021-04-11 19:01:21,776 DEBUG main_window.py Разбор сообщения от сервера: {'response': 200}
2021-04-11 19:01:21,776 INFO main_window.py Принят ответ от сервера Получен ответ от сервера!
2021-04-11 19:01:21,850 DEBUG main_window.py Запрос списка известных пользователей dfg
2021-04-11 19:01:21,853 DEBUG decorator.py Была вызвана функция send_message c параметрами (<common.json_messenger.JSONMessenger object at 0x014F0FE8>, {'action': 'get_users', 'time': 1618156881.8518057, 'account_name': 'dfg'}), {}. Используемый модуль: common.json_messenger и функция main(). Также была вызвана функция user_list_request.
2021-04-11 19:01:21,855 DEBUG decorator.py Была вызвана функция get_message c параметрами (<common.json_messenger.JSONMessenger object at 0x014F0FE8>,), {}. Используемый модуль: common.json_messenger и функция main(). Также была вызвана функция user_list_request.
2021-04-11 19:01:22,313 DEBUG main_window.py Запрос контакт листа для пользователся dfg
2021-04-11 19:01:22,313 DEBUG main_window.py Сформирован запрос {'action': 'get_contacts', 'time': 1618156882.3138046, 'user': 'dfg'}
2021-04-11 19:01:22,316 DEBUG decorator.py Была вызвана функция send_message c параметрами (<common.json_messenger.JSONMessenger object at 0x014F0FE8>, {'action': 'get_contacts', 'time': 1618156882.3138046, 'user': 'dfg'}), {}. Используемый модуль: common.json_messenger и функция main(). Также была вызвана функция contacts_list_request.
2021-04-11 19:01:22,318 DEBUG decorator.py Была вызвана функция get_message c параметрами (<common.json_messenger.JSONMessenger object at 0x014F0FE8>,), {}. Используемый модуль: common.json_messenger и функция main(). Также была вызвана функция contacts_list_request.
2021-04-11 19:01:22,806 DEBUG main_window.py Получен ответ {'response': 202, 'data_list': []}
2021-04-11 19:01:22,808 DEBUG client.py Запущены процессы
2021-04-11 19:01:22,811 DEBUG decorator.py Была вызвана функция message_from_server c параметрами (<client_part.main_window.JIMClient object at 0x014F0FB8>,), {}. Используемый модуль: client_part.main_window и функция self._bootstrap_inner(). Также была вызвана функция listen_func.
2021-04-11 19:01:22,813 DEBUG decorator.py Была вызвана функция get_message c параметрами (<common.json_messenger.JSONMessenger object at 0x014F0FE8>,), {}. Используемый модуль: common.json_messenger и функция self._bootstrap_inner(). Также была вызвана функция message_from_server.
2021-04-11 19:01:57,327 DEBUG decorator.py Была вызвана функция stop c параметрами (<client_part.main_window.JIMClient object at 0x014F0FB8>,), {}. Используемый модуль: client_part.main_window и функция self._bootstrap_inner(). Также была вызвана функция sender_func.
2021-04-11 19:01:57,330 DEBUG decorator.py Была вызвана функция send_message c параметрами (<common.json_messenger.JSONMessenger object at 0x014F0FE8>, {'action': 'exit', 'time': 1618156917.3283064, 'account_name': 'dfg'}), {}. Используемый модуль: common.json_messenger и функция self._bootstrap_inner(). Также была вызвана функция stop.
2021-04-11 19:01:57,330 INFO main_window.py Завершение работы по команде пользователя.
2021-04-11 19:01:57,331 INFO main_window.py Завершение работы по команде пользователя.
2021-04-11 19:01:57,331 ERROR main_window.py Соединение с сервером 127.0.0.1 было потеряно.
2021-04-11 21:56:11,426 DEBUG decorator.py Была вызвана функция create_presence c параметрами (<class 'client_part.main_window.JIMClient'>, 'aaa'), {}. Используемый модуль: client_part.main_window и функция main(). Также была вызвана функция start.
2021-04-11 21:56:11,427 DEBUG main_window.py Сформировано presence сообщение для пользователя aaa
2021-04-11 21:56:11,429 DEBUG decorator.py Была вызвана функция send_message c параметрами (<common.json_messenger.JSONMessenger object at 0x041ED730>, {'action': 'presence', 'time': 1618167371.4273531, 'user': {'account_name': 'aaa'}}), {}. Используемый модуль: common.json_messenger и функция main(). Также была вызвана функция start.
2021-04-11 21:56:11,431 DEBUG decorator.py Была вызвана функция get_message c параметрами (<common.json_messenger.JSONMessenger object at 0x041ED730>,), {}. Используемый модуль: common.json_messenger и функция main(). Также была вызвана функция start.
2021-04-11 21:56:12,019 DEBUG decorator.py Была вызвана функция process_ans c параметрами (<class 'client_part.main_window.JIMClient'>, {'response': 200}), {}. Используемый модуль: client_part.main_window и функция main(). Также была вызвана функция start.
2021-04-11 21:56:12,020 DEBUG main_window.py Разбор сообщения от сервера: {'response': 200}
2021-04-11 21:56:12,020 INFO main_window.py Принят ответ от сервера Получен ответ от сервера!
2021-04-11 21:56:12,104 DEBUG main_window.py Запрос списка известных пользователей aaa
2021-04-11 21:56:12,107 DEBUG decorator.py Была вызвана функция send_message c параметрами (<common.json_messenger.JSONMessenger object at 0x041ED730>, {'action': 'get_users', 'time': 1618167372.10437, 'account_name': 'aaa'}), {}. Используемый модуль: common.json_messenger и функция main(). Также была вызвана функция user_list_request.
2021-04-11 21:56:12,109 DEBUG decorator.py Была вызвана функция get_message c параметрами (<common.json_messenger.JSONMessenger object at 0x041ED730>,), {}. Используемый модуль: common.json_messenger и функция main(). Также была вызвана функция user_list_request.
2021-04-11 21:56:12,564 DEBUG main_window.py Запрос контакт листа для пользователся aaa
2021-04-11 21:56:12,565 DEBUG main_window.py Сформирован запрос {'action': 'get_contacts', 'time': 1618167372.5653517, 'user': 'aaa'}
2021-04-11 21:56:12,566 DEBUG decorator.py Была вызвана функция send_message c параметрами (<common.json_messenger.JSONMessenger object at 0x041ED730>, {'action': 'get_contacts', 'time': 1618167372.5653517, 'user': 'aaa'}), {}. Используемый модуль: common.json_messenger и функция main(). Также была вызвана функция contacts_list_request.
2021-04-11 21:56:12,568 DEBUG decorator.py Была вызвана функция get_message c параметрами (<common.json_messenger.JSONMessenger object at 0x041ED730>,), {}. Используемый модуль: common.json_messenger и функция main(). Также была вызвана функция contacts_list_request.
2021-04-11 21:56:13,055 DEBUG main_window.py Получен ответ {'response': 202, 'data_list': []}
2021-04-11 21:56:13,056 DEBUG client.py Запущены процессы
2021-04-11 21:56:13,059 DEBUG decorator.py Была вызвана функция message_from_server c параметрами (<client_part.main_window.JIMClient object at 0x041EB1A8>,), {}. Используемый модуль: client_part.main_window и функция self._bootstrap_inner(). Также была вызвана функция listen_func.
2021-04-11 21:56:13,063 DEBUG decorator.py Была вызвана функция get_message c параметрами (<common.json_messenger.JSONMessenger object at 0x041ED730>,), {}. Используемый модуль: common.json_messenger и функция self._bootstrap_inner(). Также была вызвана функция message_from_server.
2021-04-11 21:57:03,596 DEBUG decorator.py Была вызвана функция stop c параметрами (<client_part.main_window.JIMClient object at 0x041EB1A8>,), {}. Используемый модуль: client_part.main_window и функция self._bootstrap_inner(). Также была вызвана функция sender_func.
2021-04-11 21:57:03,599 DEBUG decorator.py Была вызвана функция send_message c параметрами (<common.json_messenger.JSONMessenger object at 0x041ED730>, {'action': 'exit', 'time': 1618167423.5969744, 'account_name': 'aaa'}), {}. Используемый модуль: common.json_messenger и функция self._bootstrap_inner(). Также была вызвана функция stop.
2021-04-11 21:57:03,599 INFO main_window.py Завершение работы по команде пользователя.
2021-04-11 21:57:03,600 ERROR main_window.py Соединение с сервером 127.0.0.1 было потеряно.
2021-04-11 21:57:03,600 INFO main_window.py Завершение работы по команде пользователя.
2021-04-11 21:58:44,763 DEBUG decorator.py Была вызвана функция create_presence c параметрами (<class 'client_part.main_window.JIMClient'>, 'sss'), {}. Используемый модуль: client_part.main_window и функция main(). Также была вызвана функция start.
2021-04-11 21:58:44,763 DEBUG main_window.py Сформировано presence сообщение для пользователя sss
2021-04-11 21:58:44,765 DEBUG decorator.py Была вызвана функция send_message c параметрами (<common.json_messenger.JSONMessenger object at 0x03F7E730>, {'action': 'presence', 'time': 1618167524.7636316, 'user': {'account_name': 'sss'}}), {}. Используемый модуль: common.json_messenger и функция main(). Также была вызвана функция start.
2021-04-11 21:58:44,767 DEBUG decorator.py Была вызвана функция get_message c параметрами (<common.json_messenger.JSONMessenger object at 0x03F7E730>,), {}. Используемый модуль: common.json_messenger и функция main(). Также была вызвана функция start.
2021-04-11 21:58:45,121 DEBUG decorator.py Была вызвана функция process_ans c параметрами (<class 'client_part.main_window.JIMClient'>, {'response': 200}), {}. Используемый модуль: client_part.main_window и функция main(). Также была вызвана функция start.
2021-04-11 21:58:45,121 DEBUG main_window.py Разбор сообщения от сервера: {'response': 200}
2021-04-11 21:58:45,122 INFO main_window.py Принят ответ от сервера Получен ответ от сервера!
2021-04-11 21:58:45,195 DEBUG main_window.py Запрос списка известных пользователей sss
2021-04-11 21:58:45,198 DEBUG decorator.py Была вызвана функция send_message c параметрами (<common.json_messenger.JSONMessenger object at 0x03F7E730>, {'action': 'get_users', 'time': 1618167525.196667, 'account_name': 'sss'}), {}. Используемый модуль: common.json_messenger и функция main(). Также была вызвана функция user_list_request.
2021-04-11 21:58:45,200 DEBUG decorator.py Была вызвана функция get_message c параметрами (<common.json_messenger.JSONMessenger object at 0x03F7E730>,), {}. Используемый модуль: common.json_messenger и функция main(). Также была вызвана функция user_list_request.
2021-04-11 21:58:45,664 DEBUG main_window.py Запрос контакт листа для пользователся sss
2021-04-11 21:58:45,665 DEBUG main_window.py Сформирован запрос {'action': 'get_contacts', 'time': 1618167525.6656308, 'user': 'sss'}
2021-04-11 21:58:45,666 DEBUG decorator.py Была вызвана функция send_message c параметрами (<common.json_messenger.JSONMessenger object at 0x03F7E730>, {'action': 'get_contacts', 'time': 1618167525.6656308, 'user': 'sss'}), {}. Используемый модуль: common.json_messenger и функция main(). Также была вызвана функция contacts_list_request.
2021-04-11 21:58:45,669 DEBUG decorator.py Была вызвана функция get_message c параметрами (<common.json_messenger.JSONMessenger object at 0x03F7E730>,), {}. Используемый модуль: common.json_messenger и функция main(). Также была вызвана функция contacts_list_request.
2021-04-11 21:58:46,153 DEBUG main_window.py Получен ответ {'response': 202, 'data_list': []}
2021-04-11 21:58:46,154 DEBUG client.py Запущены процессы
2021-04-11 21:58:46,157 DEBUG decorator.py Была вызвана функция message_from_server c параметрами (<client_part.main_window.JIMClient object at 0x03F7B1A8>,), {}. Используемый модуль: client_part.main_window и функция self._bootstrap_inner(). Также была вызвана функция listen_func.
2021-04-11 21:58:46,161 DEBUG decorator.py Была вызвана функция get_message c параметрами (<common.json_messenger.JSONMessenger object at 0x03F7E730>,), {}. Используемый модуль: common.json_messenger и функция self._bootstrap_inner(). Также была вызвана функция message_from_server.
2021-04-11 21:58:56,534 DEBUG decorator.py Была вызвана функция stop c параметрами (<client_part.main_window.JIMClient object at 0x03F7B1A8>,), {}. Используемый модуль: client_part.main_window и функция self._bootstrap_inner(). Также была вызвана функция sender_func.
2021-04-11 21:58:56,538 DEBUG decorator.py Была вызвана функция send_message c параметрами (<common.json_messenger.JSONMessenger object at 0x03F7E730>, {'action': 'exit', 'time': 1618167536.534847, 'account_name': 'sss'}), {}. Используемый модуль: common.json_messenger и функция self._bootstrap_inner(). Также была вызвана функция stop.
2021-04-11 21:58:56,539 ERROR main_window.py Соединение с сервером 127.0.0.1 было потеряно.
2021-04-11 21:58:56,539 INFO main_window.py Завершение работы по команде пользователя.
2021-04-11 21:58:56,540 INFO main_window.py Завершение работы по команде пользователя.
2021-04-12 00:12:38,993 DEBUG decorator.py Была вызвана функция create_presence c параметрами (<class 'client_part.transport.JIMClient'>, 'aaa'), {}. Используемый модуль: client_part.transport и функция main(). Также была вызвана функция start.
2021-04-12 00:12:38,994 DEBUG transport.py Сформировано presence сообщение для пользователя aaa
2021-04-12 00:12:38,996 DEBUG decorator.py Была вызвана функция send_message c параметрами (<common.json_messenger.JSONMessenger object at 0x03F83C28>, {'action': 'presence', 'time': 1618175558.9941204, 'user': {'account_name': 'aaa'}}), {}. Используемый модуль: common.json_messenger и функция main(). Также была вызвана функция start.
2021-04-12 00:12:38,997 DEBUG decorator.py Была вызвана функция get_message c параметрами (<common.json_messenger.JSONMessenger object at 0x03F83C28>,), {}. Используемый модуль: common.json_messenger и функция main(). Также была вызвана функция start.
2021-04-12 00:12:39,553 DEBUG decorator.py Была вызвана функция process_ans c параметрами (<class 'client_part.transport.JIMClient'>, {'response': 200}), {}. Используемый модуль: client_part.transport и функция main(). Также была вызвана функция start.
2021-04-12 00:12:39,554 DEBUG transport.py Разбор сообщения от сервера: {'response': 200}
2021-04-12 00:12:39,554 INFO transport.py Принят ответ от сервера Получен ответ от сервера!
2021-04-12 00:12:39,601 DEBUG transport.py Запрос списка известных пользователей aaa
2021-04-12 00:12:39,603 DEBUG decorator.py Была вызвана функция send_message c параметрами (<common.json_messenger.JSONMessenger object at 0x03F83C28>, {'action': 'get_users', 'time': 1618175559.6011913, 'account_name': 'aaa'}), {}. Используемый модуль: common.json_messenger и функция main(). Также была вызвана функция user_list_request.
2021-04-12 00:12:39,606 DEBUG decorator.py Была вызвана функция get_message c параметрами (<common.json_messenger.JSONMessenger object at 0x03F83C28>,), {}. Используемый модуль: common.json_messenger и функция main(). Также была вызвана функция user_list_request.
2021-04-12 00:12:40,101 DEBUG transport.py Запрос контакт листа для пользователся aaa
2021-04-12 00:12:40,101 DEBUG transport.py Сформирован запрос {'action': 'get_contacts', 'time': 1618175560.1012118, 'user': 'aaa'}
2021-04-12 00:12:40,103 DEBUG decorator.py Была вызвана функция send_message c параметрами (<common.json_messenger.JSONMessenger object at 0x03F83C28>, {'action': 'get_contacts', 'time': 1618175560.1012118, 'user': 'aaa'}), {}. Используемый модуль: common.json_messenger и функция main(). Также была вызвана функция contacts_list_request.
2021-04-12 00:12:40,105 DEBUG decorator.py Была вызвана функция get_message c параметрами (<common.json_messenger.JSONMessenger object at 0x03F83C28>,), {}. Используемый модуль: common.json_messenger и функция main(). Также была вызвана функция contacts_list_request.
2021-04-12 00:12:40,587 DEBUG transport.py Получен ответ {'response': 202, 'data_list': []}
2021-04-12 00:12:40,593 DEBUG decorator.py Была вызвана функция message_from_server c параметрами (<client_part.transport.JIMClient object at 0x03F7F6A0>,), {}. Используемый модуль: client_part.transport и функция self._bootstrap_inner(). Также была вызвана функция listen_func.
2021-04-12 00:12:40,598 DEBUG decorator.py Была вызвана функция get_message c параметрами (<common.json_messenger.JSONMessenger object at 0x03F83C28>,), {}. Используемый модуль: common.json_messenger и функция self._bootstrap_inner(). Также была вызвана функция message_from_server.
2021-04-12 00:17:16,586 DEBUG decorator.py Была вызвана функция create_presence c параметрами (<class 'client_part.transport.JIMClient'>, 'ggg'), {}. Используемый модуль: client_part.transport и функция main(). Также была вызвана функция start.
2021-04-12 00:17:16,586 DEBUG transport.py Сформировано presence сообщение для пользователя ggg
2021-04-12 00:17:16,588 DEBUG decorator.py Была вызвана функция send_message c параметрами (<common.json_messenger.JSONMessenger object at 0x04033C28>, {'action': 'presence', 'time': 1618175836.5860214, 'user': {'account_name': 'ggg'}}), {}. Используемый модуль: common.json_messenger и функция main(). Также была вызвана функция start.
2021-04-12 00:17:16,591 DEBUG decorator.py Была вызвана функция get_message c параметрами (<common.json_messenger.JSONMessenger object at 0x04033C28>,), {}. Используемый модуль: common.json_messenger и функция main(). Также была вызвана функция start.
2021-04-12 00:17:17,012 DEBUG decorator.py Была вызвана функция process_ans c параметрами (<class 'client_part.transport.JIMClient'>, {'response': 200}), {}. Используемый модуль: client_part.transport и функция main(). Также была вызвана функция start.
2021-04-12 00:17:17,012 DEBUG transport.py Разбор сообщения от сервера: {'response': 200}
2021-04-12 00:17:17,012 INFO transport.py Принят ответ от сервера Получен ответ от сервера!
2021-04-12 00:17:17,355 DEBUG transport.py Запрос списка известных пользователей ggg
2021-04-12 00:17:17,358 DEBUG decorator.py Была вызвана функция send_message c параметрами (<common.json_messenger.JSONMessenger object at 0x04033C28>, {'action': 'get_users', 'time': 1618175837.3550208, 'account_name': 'ggg'}), {}. Используемый модуль: common.json_messenger и функция main(). Также была вызвана функция user_list_request.
2021-04-12 00:17:17,360 DEBUG decorator.py Была вызвана функция get_message c параметрами (<common.json_messenger.JSONMessenger object at 0x04033C28>,), {}. Используемый модуль: common.json_messenger и функция main(). Также была вызвана функция user_list_request.
2021-04-12 00:17:17,576 DEBUG transport.py Запрос контакт листа для пользователся ggg
2021-04-12 00:17:17,577 DEBUG transport.py Сформирован запрос {'action': 'get_contacts', 'time': 1618175837.5770218, 'user': 'ggg'}
2021-04-12 00:17:17,579 DEBUG decorator.py Была вызвана функция send_message c параметрами (<common.json_messenger.JSONMessenger object at 0x04033C28>, {'action': 'get_contacts', 'time': 1618175837.5770218, 'user': 'ggg'}), {}. Используемый модуль: common.json_messenger и функция main(). Также была вызвана функция contacts_list_request.
2021-04-12 00:17:17,582 DEBUG decorator.py Была вызвана функция get_message c параметрами (<common.json_messenger.JSONMessenger object at 0x04033C28>,), {}. Используемый модуль: common.json_messenger и функция main(). Также была вызвана функция contacts_list_request.
2021-04-12 00:17:18,057 DEBUG transport.py Получен ответ {'response': 202, 'data_list': []}
2021-04-12 00:17:18,062 DEBUG decorator.py Была вызвана функция message_from_server c параметрами (<client_part.transport.JIMClient object at 0x0402F6A0>,), {}. Используемый модуль: client_part.transport и функция self._bootstrap_inner(). Также была вызвана функция listen_func.
2021-04-12 00:20:02,935 DEBUG decorator.py Была вызвана функция create_presence c параметрами (<class 'client_part.transport.JIMClient'>, 'aaa'), {}. Используемый модуль: client_part.transport и функция main(). Также была вызвана функция start.
2021-04-12 00:20:02,935 DEBUG transport.py Сформировано presence сообщение для пользователя aaa
2021-04-12 00:20:02,937 DEBUG decorator.py Была вызвана функция send_message c параметрами (<common.json_messenger.JSONMessenger object at 0x03EA3C28>, {'action': 'presence', 'time': 1618176002.9353228, 'user': {'account_name': 'aaa'}}), {}. Используемый модуль: common.json_messenger и функция main(). Также была вызвана функция start.
2021-04-12 00:20:02,939 DEBUG decorator.py Была вызвана функция get_message c параметрами (<common.json_messenger.JSONMessenger object at 0x03EA3C28>,), {}. Используемый модуль: common.json_messenger и функция main(). Также была вызвана функция start.
2021-04-12 00:20:03,315 DEBUG decorator.py Была вызвана функция process_ans c параметрами (<class 'client_part.transport.JIMClient'>, {'response': 200}), {}. Используемый модуль: client_part.transport и функция main(). Также была вызвана функция start.
2021-04-12 00:20:03,315 DEBUG transport.py Разбор сообщения от сервера: {'response': 200}
2021-04-12 00:20:03,315 INFO transport.py Принят ответ от сервера Получен ответ от сервера!
2021-04-12 00:20:03,546 DEBUG transport.py Запрос списка известных пользователей aaa
2021-04-12 00:20:03,550 DEBUG decorator.py Была вызвана функция send_message c параметрами (<common.json_messenger.JSONMessenger object at 0x03EA3C28>, {'action': 'get_users', 'time': 1618176003.5472531, 'account_name': 'aaa'}), {}. Используемый модуль: common.json_messenger и функция main(). Также была вызвана функция user_list_request.
2021-04-12 00:20:03,555 DEBUG decorator.py Была вызвана функция get_message c параметрами (<common.json_messenger.JSONMessenger object at 0x03EA3C28>,), {}. Используемый модуль: common.json_messenger и функция main(). Также была вызвана функция user_list_request.
2021-04-12 00:20:03,862 DEBUG transport.py Запрос контакт листа для пользователся aaa
2021-04-12 00:20:03,863 DEBUG transport.py Сформирован запрос {'action': 'get_contacts', 'time': 1618176003.8632517, 'user': 'aaa'}
2021-04-12 00:20:03,865 DEBUG decorator.py Была вызвана функция send_message c параметрами (<common.json_messenger.JSONMessenger object at 0x03EA3C28>, {'action': 'get_contacts', 'time': 1618176003.8632517, 'user': 'aaa'}), {}. Используемый модуль: common.json_messenger и функция main(). Также была вызвана функция contacts_list_request.
2021-04-12 00:20:03,867 DEBUG decorator.py Была вызвана функция get_message c параметрами (<common.json_messenger.JSONMessenger object at 0x03EA3C28>,), {}. Используемый модуль: common.json_messenger и функция main(). Также была вызвана функция contacts_list_request.
2021-04-12 00:20:04,350 DEBUG transport.py Получен ответ {'response': 202, 'data_list': []}
2021-04-12 00:20:04,356 DEBUG decorator.py Была вызвана функция message_from_server c параметрами (<client_part.transport.JIMClient object at 0x03E9F6A0>,), {}. Используемый модуль: client_part.transport и функция self._bootstrap_inner(). Также была вызвана функция listen_func.
2021-04-12 00:23:27,413 DEBUG decorator.py Была вызвана функция create_presence c параметрами (<class 'client_part.transport.JIMClient'>, 'aaa'), {}. Используемый модуль: client_part.transport и функция main(). Также была вызвана функция start.
2021-04-12 00:23:27,413 DEBUG transport.py Сформировано presence сообщение для пользователя aaa
2021-04-12 00:23:27,415 DEBUG decorator.py Была вызвана функция send_message c параметрами (<common.json_messenger.JSONMessenger object at 0x045483E8>, {'action': 'presence', 'time': 1618176207.4130683, 'user': {'account_name': 'aaa'}}), {}. Используемый модуль: common.json_messenger и функция main(). Также была вызвана функция start.
2021-04-12 00:23:27,416 DEBUG decorator.py Была вызвана функция get_message c параметрами (<common.json_messenger.JSONMessenger object at 0x045483E8>,), {}. Используемый модуль: common.json_messenger и функция main(). Также была вызвана функция start.
2021-04-12 00:23:27,774 DEBUG decorator.py Была вызвана функция process_ans c параметрами (<class 'client_part.transport.JIMClient'>, {'response': 200}), {}. Используемый модуль: client_part.transport и функция main(). Также была вызвана функция start.
2021-04-12 00:23:27,774 DEBUG transport.py Разбор сообщения от сервера: {'response': 200}
2021-04-12 00:23:27,774 INFO transport.py Принят ответ от сервера Получен ответ от сервера!
2021-04-12 00:23:27,832 DEBUG transport.py Запрос списка известных пользователей aaa
2021-04-12 00:23:27,834 DEBUG decorator.py Была вызвана функция send_message c параметрами (<common.json_messenger.JSONMessenger object at 0x045483E8>, {'action': 'get_users', 'time': 1618176207.8320682, 'account_name': 'aaa'}), {}. Используемый модуль: common.json_messenger и функция main(). Также была вызвана функция user_list_request.
2021-04-12 00:23:27,836 DEBUG decorator.py Была вызвана функция get_message c параметрами (<common.json_messenger.JSONMessenger object at 0x045483E8>,), {}. Используемый модуль: common.json_messenger и функция main(). Также была вызвана функция user_list_request.
2021-04-12 00:23:28,313 DEBUG transport.py Запрос контакт листа для пользователся aaa
2021-04-12 00:23:28,313 DEBUG transport.py Сформирован запрос {'action': 'get_contacts', 'time': 1618176208.3130674, 'user': 'aaa'}
2021-04-12 00:23:28,315 DEBUG decorator.py Была вызвана функция send_message c параметрами (<common.json_messenger.JSONMessenger object at 0x045483E8>, {'action': 'get_contacts', 'time': 1618176208.3130674, 'user': 'aaa'}), {}. Используемый модуль: common.json_messenger и функция main(). Также была вызвана функция contacts_list_request.
2021-04-12 00:23:28,318 DEBUG decorator.py Была вызвана функция get_message c параметрами (<common.json_messenger.JSONMessenger object at 0x045483E8>,), {}. Используемый модуль: common.json_messenger и функция main(). Также была вызвана функция contacts_list_request.
2021-04-12 00:23:28,805 DEBUG transport.py Получен ответ {'response': 202, 'data_list': []}
2021-04-12 00:23:28,852 DEBUG decorator.py Была вызвана функция message_from_server c параметрами (<client_part.transport.JIMClient object at 0x04536580>,), {}. Используемый модуль: client_part.transport и функция self._bootstrap_inner(). Также была вызвана функция listen_func.
2021-04-12 00:23:28,863 DEBUG decorator.py Была вызвана функция get_message c параметрами (<common.json_messenger.JSONMessenger object at 0x045483E8>,), {}. Используемый модуль: common.json_messenger и функция self._bootstrap_inner(). Также была вызвана функция message_from_server.
2021-04-12 00:24:10,752 DEBUG decorator.py Была вызвана функция create_presence c параметрами (<class 'client_part.transport.JIMClient'>, 'aaa'), {}. Используемый модуль: client_part.transport и функция main(). Также была вызвана функция start.
2021-04-12 00:24:10,753 DEBUG transport.py Сформировано presence сообщение для пользователя aaa
2021-04-12 00:24:10,755 DEBUG decorator.py Была вызвана функция send_message c параметрами (<common.json_messenger.JSONMessenger object at 0x0423D430>, {'action': 'presence', 'time': 1618176250.7530177, 'user': {'account_name': 'aaa'}}), {}. Используемый модуль: common.json_messenger и функция main(). Также была вызвана функция start.
2021-04-12 00:24:10,757 DEBUG decorator.py Была вызвана функция get_message c параметрами (<common.json_messenger.JSONMessenger object at 0x0423D430>,), {}. Используемый модуль: common.json_messenger и функция main(). Также была вызвана функция start.
2021-04-12 00:24:11,109 DEBUG decorator.py Была вызвана функция process_ans c параметрами (<class 'client_part.transport.JIMClient'>, {'response': 200}), {}. Используемый модуль: client_part.transport и функция main(). Также была вызвана функция start.
2021-04-12 00:24:11,109 DEBUG transport.py Разбор сообщения от сервера: {'response': 200}
2021-04-12 00:24:11,109 INFO transport.py Принят ответ от сервера Получен ответ от сервера!
2021-04-12 00:24:11,151 DEBUG transport.py Запрос списка известных пользователей aaa
2021-04-12 00:24:11,153 DEBUG decorator.py Была вызвана функция send_message c параметрами (<common.json_messenger.JSONMessenger object at 0x0423D430>, {'action': 'get_users', 'time': 1618176251.1510158, 'account_name': 'aaa'}), {}. Используемый модуль: common.json_messenger и функция main(). Также была вызвана функция user_list_request.
2021-04-12 00:24:11,155 DEBUG decorator.py Была вызвана функция get_message c параметрами (<common.json_messenger.JSONMessenger object at 0x0423D430>,), {}. Используемый модуль: common.json_messenger и функция main(). Также была вызвана функция user_list_request.
2021-04-12 00:24:11,653 DEBUG transport.py Запрос контакт листа для пользователся aaa
2021-04-12 00:24:11,654 DEBUG transport.py Сформирован запрос {'action': 'get_contacts', 'time': 1618176251.654017, 'user': 'aaa'}
2021-04-12 00:24:11,656 DEBUG decorator.py Была вызвана функция send_message c параметрами (<common.json_messenger.JSONMessenger object at 0x0423D430>, {'action': 'get_contacts', 'time': 1618176251.654017, 'user': 'aaa'}), {}. Используемый модуль: common.json_messenger и функция main(). Также была вызвана функция contacts_list_request.
2021-04-12 00:24:11,658 DEBUG decorator.py Была вызвана функция get_message c параметрами (<common.json_messenger.JSONMessenger object at 0x0423D430>,), {}. Используемый модуль: common.json_messenger и функция main(). Также была вызвана функция contacts_list_request.
2021-04-12 00:24:12,140 DEBUG transport.py Получен ответ {'response': 202, 'data_list': []}
2021-04-12 00:24:12,175 DEBUG decorator.py Была вызвана функция message_from_server c параметрами (<client_part.transport.JIMClient object at 0x04231580>,), {}. Используемый модуль: client_part.transport и функция self._bootstrap_inner(). Также была вызвана функция listen_func.
2021-04-12 00:24:12,179 DEBUG decorator.py Была вызвана функция get_message c параметрами (<common.json_messenger.JSONMessenger object at 0x0423D430>,), {}. Используемый модуль: common.json_messenger и функция self._bootstrap_inner(). Также была вызвана функция message_from_server.
2021-04-12 00:25:05,981 INFO client.py Запущен клиент с парамертами: адрес сервера: 127.0.0.1, порт: 7777
2021-04-12 00:25:05,987 INFO client.py Запущен клиент с парамертами: адрес сервера: 127.0.0.1, порт: 7777
2021-04-12 00:25:05,993 INFO client.py Запущен клиент с парамертами: адрес сервера: 127.0.0.1, порт: 7777
2021-04-12 00:25:06,186 DEBUG decorator.py Была вызвана функция create_presence c параметрами (<class 'client_part.transport.JIMClient'>, 'KIBORG3'), {}. Используемый модуль: client_part.transport и функция main(). Также была вызвана функция start.
2021-04-12 00:25:06,186 DEBUG transport.py Сформировано presence сообщение для пользователя KIBORG3
2021-04-12 00:25:06,188 DEBUG decorator.py Была вызвана функция send_message c параметрами (<common.json_messenger.JSONMessenger object at 0x03A5C088>, {'action': 'presence', 'time': 1618176306.186356, 'user': {'account_name': 'KIBORG3'}}), {}. Используемый модуль: common.json_messenger и функция main(). Также была вызвана функция start.
2021-04-12 00:25:06,190 DEBUG decorator.py Была вызвана функция get_message c параметрами (<common.json_messenger.JSONMessenger object at 0x03A5C088>,), {}. Используемый модуль: common.json_messenger и функция main(). Также была вызвана функция start.
2021-04-12 00:25:06,192 DEBUG decorator.py Была вызвана функция create_presence c параметрами (<class 'client_part.transport.JIMClient'>, 'KIBORG1'), {}. Используемый модуль: client_part.transport и функция main(). Также была вызвана функция start.
2021-04-12 00:25:06,192 DEBUG transport.py Сформировано presence сообщение для пользователя KIBORG1
2021-04-12 00:25:06,194 DEBUG decorator.py Была вызвана функция send_message c параметрами (<common.json_messenger.JSONMessenger object at 0x0345C088>, {'action': 'presence', 'time': 1618176306.1923566, 'user': {'account_name': 'KIBORG1'}}), {}. Используемый модуль: common.json_messenger и функция main(). Также была вызвана функция start.
2021-04-12 00:25:06,197 DEBUG decorator.py Была вызвана функция get_message c параметрами (<common.json_messenger.JSONMessenger object at 0x0345C088>,), {}. Используемый модуль: common.json_messenger и функция main(). Также была вызвана функция start.
2021-04-12 00:25:06,197 DEBUG decorator.py Была вызвана функция create_presence c параметрами (<class 'client_part.transport.JIMClient'>, 'KIBORG2'), {}. Используемый модуль: client_part.transport и функция main(). Также была вызвана функция start.
2021-04-12 00:25:06,197 DEBUG transport.py Сформировано presence сообщение для пользователя KIBORG2
2021-04-12 00:25:06,199 DEBUG decorator.py Была вызвана функция send_message c параметрами (<common.json_messenger.JSONMessenger object at 0x0361C088>, {'action': 'presence', 'time': 1618176306.1973557, 'user': {'account_name': 'KIBORG2'}}), {}. Используемый модуль: common.json_messenger и функция main(). Также была вызвана функция start.
2021-04-12 00:25:06,201 DEBUG decorator.py Была вызвана функция get_message c параметрами (<common.json_messenger.JSONMessenger object at 0x0361C088>,), {}. Используемый модуль: common.json_messenger и функция main(). Также была вызвана функция start.
2021-04-12 00:25:06,754 DEBUG decorator.py Была вызвана функция process_ans c параметрами (<class 'client_part.transport.JIMClient'>, {'response': 200}), {}. Используемый модуль: client_part.transport и функция main(). Также была вызвана функция start.
2021-04-12 00:25:06,754 DEBUG transport.py Разбор сообщения от сервера: {'response': 200}
2021-04-12 00:25:06,754 INFO transport.py Принят ответ от сервера Получен ответ от сервера!
2021-04-12 00:25:06,822 DEBUG decorator.py Была вызвана функция process_ans c параметрами (<class 'client_part.transport.JIMClient'>, {'response': 200}), {}. Используемый модуль: client_part.transport и функция main(). Также была вызвана функция start.
2021-04-12 00:25:06,822 DEBUG transport.py Разбор сообщения от сервера: {'response': 200}
2021-04-12 00:25:06,822 INFO transport.py Принят ответ от сервера Получен ответ от сервера!
2021-04-12 00:25:06,837 DEBUG transport.py Запрос списка известных пользователей KIBORG3
2021-04-12 00:25:06,840 DEBUG decorator.py Была вызвана функция send_message c параметрами (<common.json_messenger.JSONMessenger object at 0x03A5C088>, {'action': 'get_users', 'time': 1618176306.8373575, 'account_name': 'KIBORG3'}), {}. Используемый модуль: common.json_messenger и функция main(). Также была вызвана функция user_list_request.
2021-04-12 00:25:06,843 DEBUG decorator.py Была вызвана функция get_message c параметрами (<common.json_messenger.JSONMessenger object at 0x03A5C088>,), {}. Используемый модуль: common.json_messenger и функция main(). Также была вызвана функция user_list_request.
2021-04-12 00:25:06,864 DEBUG decorator.py Была вызвана функция process_ans c параметрами (<class 'client_part.transport.JIMClient'>, {'response': 200}), {}. Используемый модуль: client_part.transport и функция main(). Также была вызвана функция start.
2021-04-12 00:25:06,864 DEBUG transport.py Разбор сообщения от сервера: {'response': 200}
2021-04-12 00:25:06,865 INFO transport.py Принят ответ от сервера Получен ответ от сервера!
2021-04-12 00:25:06,925 DEBUG transport.py Запрос списка известных пользователей KIBORG1
2021-04-12 00:25:06,927 DEBUG decorator.py Была вызвана функция send_message c параметрами (<common.json_messenger.JSONMessenger object at 0x0345C088>, {'action': 'get_users', 'time': 1618176306.925357, 'account_name': 'KIBORG1'}), {}. Используемый модуль: common.json_messenger и функция main(). Также была вызвана функция user_list_request.
2021-04-12 00:25:06,930 DEBUG decorator.py Была вызвана функция get_message c параметрами (<common.json_messenger.JSONMessenger object at 0x0345C088>,), {}. Используемый модуль: common.json_messenger и функция main(). Также была вызвана функция user_list_request.
2021-04-12 00:25:06,944 DEBUG transport.py Запрос списка известных пользователей KIBORG2
2021-04-12 00:25:06,946 DEBUG decorator.py Была вызвана функция send_message c параметрами (<common.json_messenger.JSONMessenger object at 0x0361C088>, {'action': 'get_users', 'time': 1618176306.9443574, 'account_name': 'KIBORG2'}), {}. Используемый модуль: common.json_messenger и функция main(). Также была вызвана функция user_list_request.
2021-04-12 00:25:06,950 DEBUG decorator.py Была вызвана функция get_message c параметрами (<common.json_messenger.JSONMessenger object at 0x0361C088>,), {}. Используемый модуль: common.json_messenger и функция main(). Также была вызвана функция user_list_request.
2021-04-12 00:25:07,412 DEBUG transport.py Запрос контакт листа для пользователся KIBORG3
2021-04-12 00:25:07,413 DEBUG transport.py Сформирован запрос {'action': 'get_contacts', 'time': 1618176307.4133563, 'user': 'KIBORG3'}
2021-04-12 00:25:07,415 DEBUG decorator.py Была вызвана функция send_message c параметрами (<common.json_messenger.JSONMessenger object at 0x03A5C088>, {'action': 'get_contacts', 'time': 1618176307.4133563, 'user': 'KIBORG3'}), {}. Используемый модуль: common.json_messenger и функция main(). Также была вызвана функция contacts_list_request.
2021-04-12 00:25:07,419 DEBUG decorator.py Была вызвана функция get_message c параметрами (<common.json_messenger.JSONMessenger object at 0x03A5C088>,), {}. Используемый модуль: common.json_messenger и функция main(). Также была вызвана функция contacts_list_request.
2021-04-12 00:25:07,423 DEBUG transport.py Запрос контакт листа для пользователся KIBORG1
2021-04-12 00:25:07,423 DEBUG transport.py Сформирован запрос {'action': 'get_contacts', 'time': 1618176307.4233568, 'user': 'KIBORG1'}
2021-04-12 00:25:07,426 DEBUG decorator.py Была вызвана функция send_message c параметрами (<common.json_messenger.JSONMessenger object at 0x0345C088>, {'action': 'get_contacts', 'time': 1618176307.4233568, 'user': 'KIBORG1'}), {}. Используемый модуль: common.json_messenger и функция main(). Также была вызвана функция contacts_list_request.
2021-04-12 00:25:07,428 DEBUG decorator.py Была вызвана функция get_message c параметрами (<common.json_messenger.JSONMessenger object at 0x0345C088>,), {}. Используемый модуль: common.json_messenger и функция main(). Также была вызвана функция contacts_list_request.
2021-04-12 00:25:07,440 DEBUG transport.py Запрос контакт листа для пользователся KIBORG2
2021-04-12 00:25:07,441 DEBUG transport.py Сформирован запрос {'action': 'get_contacts', 'time': 1618176307.441375, 'user': 'KIBORG2'}
2021-04-12 00:25:07,443 DEBUG decorator.py Была вызвана функция send_message c параметрами (<common.json_messenger.JSONMessenger object at 0x0361C088>, {'action': 'get_contacts', 'time': 1618176307.441375, 'user': 'KIBORG2'}), {}. Используемый модуль: common.json_messenger и функция main(). Также была вызвана функция contacts_list_request.
2021-04-12 00:25:07,445 DEBUG decorator.py Была вызвана функция get_message c параметрами (<common.json_messenger.JSONMessenger object at 0x0361C088>,), {}. Используемый модуль: common.json_messenger и функция main(). Также была вызвана функция contacts_list_request.
2021-04-12 00:25:07,921 DEBUG transport.py Получен ответ {'response': 202, 'data_list': []}
2021-04-12 00:25:07,932 DEBUG transport.py Получен ответ {'response': 202, 'data_list': []}
2021-04-12 00:25:07,945 DEBUG transport.py Получен ответ {'response': 202, 'data_list': []}
2021-04-12 00:25:07,972 DEBUG decorator.py Была вызвана функция message_from_server c параметрами (<client_part.transport.JIMClient object at 0x04991580>,), {}. Используемый модуль: client_part.transport и функция self._bootstrap_inner(). Также была вызвана функция listen_func.
2021-04-12 00:25:07,976 DEBUG decorator.py Была вызвана функция get_message c параметрами (<common.json_messenger.JSONMessenger object at 0x03A5C088>,), {}. Используемый модуль: common.json_messenger и функция self._bootstrap_inner(). Также была вызвана функция message_from_server.
2021-04-12 00:25:07,999 DEBUG decorator.py Была вызвана функция message_from_server c параметрами (<client_part.transport.JIMClient object at 0x045B1580>,), {}. Используемый модуль: client_part.transport и функция self._bootstrap_inner(). Также была вызвана функция listen_func.
2021-04-12 00:25:08,003 DEBUG decorator.py Была вызвана функция message_from_server c параметрами (<client_part.transport.JIMClient object at 0x04551580>,), {}. Используемый модуль: client_part.transport и функция self._bootstrap_inner(). Также была вызвана функция listen_func.
2021-04-12 00:25:08,004 DEBUG decorator.py Была вызвана функция get_message c параметрами (<common.json_messenger.JSONMessenger object at 0x0345C088>,), {}. Используемый модуль: common.json_messenger и функция self._bootstrap_inner(). Также была вызвана функция message_from_server.
2021-04-12 00:25:08,007 DEBUG decorator.py Была вызвана функция get_message c параметрами (<common.json_messenger.JSONMessenger object at 0x0361C088>,), {}. Используемый модуль: common.json_messenger и функция self._bootstrap_inner(). Также была вызвана функция message_from_server.
2021-04-12 00:27:02,364 DEBUG decorator.py Была вызвана функция create_presence c параметрами (<class 'client_part.transport.JIMClient'>, 'aaa'), {}. Используемый модуль: client_part.transport и функция main(). Также была вызвана функция start.
2021-04-12 00:27:02,364 DEBUG transport.py Сформировано presence сообщение для пользователя aaa
2021-04-12 00:27:02,366 DEBUG decorator.py Была вызвана функция send_message c параметрами (<common.json_messenger.JSONMessenger object at 0x0405D430>, {'action': 'presence', 'time': 1618176422.3641305, 'user': {'account_name': 'aaa'}}), {}. Используемый модуль: common.json_messenger и функция main(). Также была вызвана функция start.
2021-04-12 00:27:02,368 DEBUG decorator.py Была вызвана функция get_message c параметрами (<common.json_messenger.JSONMessenger object at 0x0405D430>,), {}. Используемый модуль: common.json_messenger и функция main(). Также была вызвана функция start.
2021-04-12 00:27:02,996 DEBUG decorator.py Была вызвана функция process_ans c параметрами (<class 'client_part.transport.JIMClient'>, {'response': 200}), {}. Используемый модуль: client_part.transport и функция main(). Также была вызвана функция start.
2021-04-12 00:27:02,996 DEBUG transport.py Разбор сообщения от сервера: {'response': 200}
2021-04-12 00:27:02,996 INFO transport.py Принят ответ от сервера Получен ответ от сервера!
2021-04-12 00:27:03,038 DEBUG transport.py Запрос списка известных пользователей aaa
2021-04-12 00:27:03,040 DEBUG decorator.py Была вызвана функция send_message c параметрами (<common.json_messenger.JSONMessenger object at 0x0405D430>, {'action': 'get_users', 'time': 1618176423.0381305, 'account_name': 'aaa'}), {}. Используемый модуль: common.json_messenger и функция main(). Также была вызвана функция user_list_request.
2021-04-12 00:27:03,043 DEBUG decorator.py Была вызвана функция get_message c параметрами (<common.json_messenger.JSONMessenger object at 0x0405D430>,), {}. Используемый модуль: common.json_messenger и функция main(). Также была вызвана функция user_list_request.
2021-04-12 00:27:03,532 DEBUG transport.py Запрос контакт листа для пользователся aaa
2021-04-12 00:27:03,532 DEBUG transport.py Сформирован запрос {'action': 'get_contacts', 'time': 1618176423.532129, 'user': 'aaa'}
2021-04-12 00:27:03,534 DEBUG decorator.py Была вызвана функция send_message c параметрами (<common.json_messenger.JSONMessenger object at 0x0405D430>, {'action': 'get_contacts', 'time': 1618176423.532129, 'user': 'aaa'}), {}. Используемый модуль: common.json_messenger и функция main(). Также была вызвана функция contacts_list_request.
2021-04-12 00:27:03,536 DEBUG decorator.py Была вызвана функция get_message c параметрами (<common.json_messenger.JSONMessenger object at 0x0405D430>,), {}. Используемый модуль: common.json_messenger и функция main(). Также была вызвана функция contacts_list_request.
2021-04-12 00:27:04,028 DEBUG transport.py Получен ответ {'response': 202, 'data_list': []}
2021-04-12 00:27:04,065 DEBUG decorator.py Была вызвана функция message_from_server c параметрами (<client_part.transport.JIMClient object at 0x04051580>,), {}. Используемый модуль: client_part.transport и функция self._bootstrap_inner(). Также была вызвана функция listen_func.
2021-04-12 00:27:04,068 DEBUG decorator.py Была вызвана функция get_message c параметрами (<common.json_messenger.JSONMessenger object at 0x0405D430>,), {}. Используемый модуль: common.json_messenger и функция self._bootstrap_inner(). Также была вызвана функция message_from_server.
