2021-04-11 14:07:10,791 INFO server.py Запущен сервер, порт для подключений: 7777, адрес с которого принимаются подключения: 127.0.0.1. Если адрес не указан, принимаются соединения с любых адресов.
2021-04-11 14:08:43,919 INFO server.py Установлено соединение с ПК ('127.0.0.1', 64628)
2021-04-11 14:08:43,919 INFO server.py Установлено соединение с ПК ('127.0.0.1', 64629)
2021-04-11 14:08:44,419 INFO server.py Есть сообщения от клиентов
2021-04-11 14:08:44,579 DEBUG decorator.py Была вызвана функция get_message c параметрами (<common.json_messenger.JSONMessenger object at 0x06A29178>,), {}. Используемый модуль: common.json_messenger и функция self._bootstrap_inner(). Также была вызвана функция process.
2021-04-11 14:08:44,583 DEBUG decorator.py Была вызвана функция process_client_message c параметрами (<__main__.JIMServer object at 0x044A07F0>, <common.json_messenger.JSONMessenger object at 0x06A29178>, {'action': 'presence', 'time': 1618139324.0895505, 'user': {'account_name': 'KIBORG2'}}), {}. Используемый модуль: __main__ и функция self._bootstrap_inner(). Также была вызвана функция process.
2021-04-11 14:08:44,583 INFO server.py Разбор сообщения от клиента : {'action': 'presence', 'time': 1618139324.0895505, 'user': {'account_name': 'KIBORG2'}}
2021-04-11 14:08:44,618 INFO server.py Cформирован ответ клиенту {'response': 200}
2021-04-11 14:08:44,622 DEBUG decorator.py Была вызвана функция send_message c параметрами (<common.json_messenger.JSONMessenger object at 0x06A29178>, {'response': 200}), {}. Используемый модуль: common.json_messenger и функция self._bootstrap_inner(). Также была вызвана функция process_client_message.
2021-04-11 14:08:44,625 DEBUG decorator.py Была вызвана функция get_message c параметрами (<common.json_messenger.JSONMessenger object at 0x06A29460>,), {}. Используемый модуль: common.json_messenger и функция self._bootstrap_inner(). Также была вызвана функция process.
2021-04-11 14:08:44,628 DEBUG decorator.py Была вызвана функция process_client_message c параметрами (<__main__.JIMServer object at 0x044A07F0>, <common.json_messenger.JSONMessenger object at 0x06A29460>, {'action': 'presence', 'time': 1618139324.0895505, 'user': {'account_name': 'KIBORG1'}}), {}. Используемый модуль: __main__ и функция self._bootstrap_inner(). Также была вызвана функция process.
2021-04-11 14:08:44,628 INFO server.py Разбор сообщения от клиента : {'action': 'presence', 'time': 1618139324.0895505, 'user': {'account_name': 'KIBORG1'}}
2021-04-11 14:08:44,667 INFO server.py Cформирован ответ клиенту {'response': 200}
2021-04-11 14:08:44,671 DEBUG decorator.py Была вызвана функция send_message c параметрами (<common.json_messenger.JSONMessenger object at 0x06A29460>, {'response': 200}), {}. Используемый модуль: common.json_messenger и функция self._bootstrap_inner(). Также была вызвана функция process_client_message.
2021-04-11 14:08:45,171 INFO server.py Есть сообщения от клиентов
2021-04-11 14:08:45,173 DEBUG decorator.py Была вызвана функция get_message c параметрами (<common.json_messenger.JSONMessenger object at 0x0101E478>,), {}. Используемый модуль: common.json_messenger и функция self._bootstrap_inner(). Также была вызвана функция process.
2021-04-11 14:08:45,176 DEBUG decorator.py Была вызвана функция process_client_message c параметрами (<__main__.JIMServer object at 0x044A07F0>, <common.json_messenger.JSONMessenger object at 0x0101E478>, {'action': 'get_users', 'time': 1618139324.7015502, 'account_name': 'KIBORG2'}), {}. Используемый модуль: __main__ и функция self._bootstrap_inner(). Также была вызвана функция process.
2021-04-11 14:08:45,176 INFO server.py Разбор сообщения от клиента : {'action': 'get_users', 'time': 1618139324.7015502, 'account_name': 'KIBORG2'}
2021-04-11 14:08:45,189 DEBUG decorator.py Была вызвана функция send_message c параметрами (<common.json_messenger.JSONMessenger object at 0x0101E478>, {'response': 202, 'data_list': ['DASHA', 'MASHA', 'GLASHA', 'KIBORG2', 'KIBORG1']}), {}. Используемый модуль: common.json_messenger и функция self._bootstrap_inner(). Также была вызвана функция process_client_message.
2021-04-11 14:08:45,193 DEBUG decorator.py Была вызвана функция get_message c параметрами (<common.json_messenger.JSONMessenger object at 0x06A294C0>,), {}. Используемый модуль: common.json_messenger и функция self._bootstrap_inner(). Также была вызвана функция process.
2021-04-11 14:08:45,195 DEBUG decorator.py Была вызвана функция process_client_message c параметрами (<__main__.JIMServer object at 0x044A07F0>, <common.json_messenger.JSONMessenger object at 0x06A294C0>, {'action': 'get_users', 'time': 1618139324.743551, 'account_name': 'KIBORG1'}), {}. Используемый модуль: __main__ и функция self._bootstrap_inner(). Также была вызвана функция process.
2021-04-11 14:08:45,195 INFO server.py Разбор сообщения от клиента : {'action': 'get_users', 'time': 1618139324.743551, 'account_name': 'KIBORG1'}
2021-04-11 14:08:45,199 DEBUG decorator.py Была вызвана функция send_message c параметрами (<common.json_messenger.JSONMessenger object at 0x06A294C0>, {'response': 202, 'data_list': ['DASHA', 'MASHA', 'GLASHA', 'KIBORG2', 'KIBORG1']}), {}. Используемый модуль: common.json_messenger и функция self._bootstrap_inner(). Также была вызвана функция process_client_message.
2021-04-11 14:08:45,699 INFO server.py Есть сообщения от клиентов
2021-04-11 14:08:45,701 DEBUG decorator.py Была вызвана функция get_message c параметрами (<common.json_messenger.JSONMessenger object at 0x0101EF28>,), {}. Используемый модуль: common.json_messenger и функция self._bootstrap_inner(). Также была вызвана функция process.
2021-04-11 14:08:45,703 DEBUG decorator.py Была вызвана функция process_client_message c параметрами (<__main__.JIMServer object at 0x044A07F0>, <common.json_messenger.JSONMessenger object at 0x0101EF28>, {'action': 'get_contacts', 'time': 1618139325.2125514, 'user': 'KIBORG2'}), {}. Используемый модуль: __main__ и функция self._bootstrap_inner(). Также была вызвана функция process.
2021-04-11 14:08:45,704 INFO server.py Разбор сообщения от клиента : {'action': 'get_contacts', 'time': 1618139325.2125514, 'user': 'KIBORG2'}
2021-04-11 14:08:45,710 DEBUG decorator.py Была вызвана функция send_message c параметрами (<common.json_messenger.JSONMessenger object at 0x0101EF28>, {'response': 202, 'data_list': []}), {}. Используемый модуль: common.json_messenger и функция self._bootstrap_inner(). Также была вызвана функция process_client_message.
2021-04-11 14:08:45,714 DEBUG decorator.py Была вызвана функция get_message c параметрами (<common.json_messenger.JSONMessenger object at 0x01154AF0>,), {}. Используемый модуль: common.json_messenger и функция self._bootstrap_inner(). Также была вызвана функция process.
2021-04-11 14:08:45,717 DEBUG decorator.py Была вызвана функция process_client_message c параметрами (<__main__.JIMServer object at 0x044A07F0>, <common.json_messenger.JSONMessenger object at 0x01154AF0>, {'action': 'get_contacts', 'time': 1618139325.2195501, 'user': 'KIBORG1'}), {}. Используемый модуль: __main__ и функция self._bootstrap_inner(). Также была вызвана функция process.
2021-04-11 14:08:45,717 INFO server.py Разбор сообщения от клиента : {'action': 'get_contacts', 'time': 1618139325.2195501, 'user': 'KIBORG1'}
2021-04-11 14:08:45,722 DEBUG decorator.py Была вызвана функция send_message c параметрами (<common.json_messenger.JSONMessenger object at 0x01154AF0>, {'response': 202, 'data_list': []}), {}. Используемый модуль: common.json_messenger и функция self._bootstrap_inner(). Также была вызвана функция process_client_message.
2021-04-11 14:09:05,742 INFO server.py Есть сообщения от клиентов
2021-04-11 14:09:05,745 DEBUG decorator.py Была вызвана функция get_message c параметрами (<common.json_messenger.JSONMessenger object at 0x0101EF28>,), {}. Используемый модуль: common.json_messenger и функция self._bootstrap_inner(). Также была вызвана функция process.
2021-04-11 14:09:05,747 DEBUG decorator.py Была вызвана функция process_client_message c параметрами (<__main__.JIMServer object at 0x044A07F0>, <common.json_messenger.JSONMessenger object at 0x0101EF28>, {'action': 'message', 'sender': 'KIBORG2', 'to': 'KIBORG1', 'time': 1618139345.4025855, 'mess_text': 'lsdfjlsdfkj'}), {}. Используемый модуль: __main__ и функция self._bootstrap_inner(). Также была вызвана функция process.
2021-04-11 14:09:05,747 INFO server.py Разбор сообщения от клиента : {'action': 'message', 'sender': 'KIBORG2', 'to': 'KIBORG1', 'time': 1618139345.4025855, 'mess_text': 'lsdfjlsdfkj'}
2021-04-11 14:09:05,749 ERROR server_database.py process_message не нашел пользователя "sender" в таблице ChatUsers
2021-04-11 14:09:05,750 INFO server.py Сообщение от клиента добавлено в очередь
2021-04-11 14:09:05,753 DEBUG decorator.py Была вызвана функция process_message c параметрами (<__main__.JIMServer object at 0x044A07F0>, {'action': 'message', 'sender': 'KIBORG2', 'to': 'KIBORG1', 'time': 1618139345.4025855, 'mess_text': 'lsdfjlsdfkj'}, [<socket.socket fd=1412, family=AddressFamily.AF_INET, type=SocketKind.SOCK_STREAM, proto=0, laddr=('127.0.0.1', 7777), raddr=('127.0.0.1', 64628)>, <socket.socket fd=1416, family=AddressFamily.AF_INET, type=SocketKind.SOCK_STREAM, proto=0, laddr=('127.0.0.1', 7777), raddr=('127.0.0.1', 64629)>]), {}. Используемый модуль: __main__ и функция self._bootstrap_inner(). Также была вызвана функция process.
2021-04-11 14:09:05,756 DEBUG decorator.py Была вызвана функция send_message c параметрами (<common.json_messenger.JSONMessenger object at 0x06A29460>, {'action': 'message', 'sender': 'KIBORG2', 'to': 'KIBORG1', 'time': 1618139345.4025855, 'mess_text': 'lsdfjlsdfkj'}), {}. Используемый модуль: common.json_messenger и функция self._bootstrap_inner(). Также была вызвана функция process_message.
2021-04-11 14:09:05,756 INFO server.py Отправлено сообщение пользователю KIBORG1 от пользователя KIBORG2.
2021-04-11 14:09:31,286 INFO server.py Есть сообщения от клиентов
2021-04-11 14:09:31,288 DEBUG decorator.py Была вызвана функция get_message c параметрами (<common.json_messenger.JSONMessenger object at 0x0101E3A0>,), {}. Используемый модуль: common.json_messenger и функция self._bootstrap_inner(). Также была вызвана функция process.
2021-04-11 14:09:31,289 INFO server.py Клиент ('127.0.0.1', 64628) отключился от сервера.
2021-04-11 14:09:34,799 INFO server.py Есть сообщения от клиентов
2021-04-11 14:09:34,802 DEBUG decorator.py Была вызвана функция get_message c параметрами (<common.json_messenger.JSONMessenger object at 0x06A29178>,), {}. Используемый модуль: common.json_messenger и функция self._bootstrap_inner(). Также была вызвана функция process.
2021-04-11 14:09:34,802 INFO server.py Клиент ('127.0.0.1', 64629) отключился от сервера.
2021-04-11 14:38:05,057 INFO server.py Запущен сервер, порт для подключений: 7777, адрес с которого принимаются подключения: 127.0.0.1. Если адрес не указан, принимаются соединения с любых адресов.
2021-04-11 14:39:27,383 INFO server.py Запущен сервер, порт для подключений: 7777, адрес с которого принимаются подключения: 127.0.0.1. Если адрес не указан, принимаются соединения с любых адресов.
2021-04-11 16:56:58,716 INFO server.py Запущен сервер, порт для подключений: 7777, адрес с которого принимаются подключения: 127.0.0.1. Если адрес не указан, принимаются соединения с любых адресов.
2021-04-11 16:57:13,437 INFO server.py Установлено соединение с ПК ('127.0.0.1', 55790)
2021-04-11 16:57:13,937 INFO server.py Есть сообщения от клиентов
2021-04-11 16:57:14,081 DEBUG decorator.py Была вызвана функция get_message c параметрами (<common.json_messenger.JSONMessenger object at 0x0694B1A8>,), {}. Используемый модуль: common.json_messenger и функция self._bootstrap_inner(). Также была вызвана функция process.
2021-04-11 16:57:14,083 DEBUG decorator.py Была вызвана функция process_client_message c параметрами (<__main__.JIMServer object at 0x043A27D8>, <common.json_messenger.JSONMessenger object at 0x0694B1A8>, {'action': 'presence', 'time': 1618149433.5783813, 'user': {'account_name': 'авыыв'}}), {}. Используемый модуль: __main__ и функция self._bootstrap_inner(). Также была вызвана функция process.
2021-04-11 16:57:14,084 INFO server.py Разбор сообщения от клиента : {'action': 'presence', 'time': 1618149433.5783813, 'user': {'account_name': 'авыыв'}}
2021-04-11 16:57:14,167 INFO server.py Cформирован ответ клиенту {'response': 200}
2021-04-11 16:57:14,171 DEBUG decorator.py Была вызвана функция send_message c параметрами (<common.json_messenger.JSONMessenger object at 0x0694B1A8>, {'response': 200}), {}. Используемый модуль: common.json_messenger и функция self._bootstrap_inner(). Также была вызвана функция process_client_message.
2021-04-11 16:57:14,671 INFO server.py Есть сообщения от клиентов
2021-04-11 16:57:14,674 DEBUG decorator.py Была вызвана функция get_message c параметрами (<common.json_messenger.JSONMessenger object at 0x0694B460>,), {}. Используемый модуль: common.json_messenger и функция self._bootstrap_inner(). Также была вызвана функция process.
2021-04-11 16:57:14,676 DEBUG decorator.py Была вызвана функция process_client_message c параметрами (<__main__.JIMServer object at 0x043A27D8>, <common.json_messenger.JSONMessenger object at 0x0694B460>, {'action': 'get_users', 'time': 1618149434.247382, 'account_name': 'авыыв'}), {}. Используемый модуль: __main__ и функция self._bootstrap_inner(). Также была вызвана функция process.
2021-04-11 16:57:14,676 INFO server.py Разбор сообщения от клиента : {'action': 'get_users', 'time': 1618149434.247382, 'account_name': 'авыыв'}
2021-04-11 16:57:14,690 DEBUG decorator.py Была вызвана функция send_message c параметрами (<common.json_messenger.JSONMessenger object at 0x0694B460>, {'response': 202, 'data_list': ['DASHA', 'MASHA', 'GLASHA', 'KIBORG2', 'KIBORG1', 'авыыв']}), {}. Используемый модуль: common.json_messenger и функция self._bootstrap_inner(). Также была вызвана функция process_client_message.
2021-04-11 16:57:15,191 INFO server.py Есть сообщения от клиентов
2021-04-11 16:57:15,193 DEBUG decorator.py Была вызвана функция get_message c параметрами (<common.json_messenger.JSONMessenger object at 0x05052100>,), {}. Используемый модуль: common.json_messenger и функция self._bootstrap_inner(). Также была вызвана функция process.
2021-04-11 16:57:15,197 DEBUG decorator.py Была вызвана функция process_client_message c параметрами (<__main__.JIMServer object at 0x043A27D8>, <common.json_messenger.JSONMessenger object at 0x05052100>, {'action': 'get_contacts', 'time': 1618149434.720381, 'user': 'авыыв'}), {}. Используемый модуль: __main__ и функция self._bootstrap_inner(). Также была вызвана функция process.
2021-04-11 16:57:15,197 INFO server.py Разбор сообщения от клиента : {'action': 'get_contacts', 'time': 1618149434.720381, 'user': 'авыыв'}
2021-04-11 16:57:15,209 DEBUG decorator.py Была вызвана функция send_message c параметрами (<common.json_messenger.JSONMessenger object at 0x05052100>, {'response': 202, 'data_list': []}), {}. Используемый модуль: common.json_messenger и функция self._bootstrap_inner(). Также была вызвана функция process_client_message.
2021-04-11 17:18:35,608 INFO server.py Есть сообщения от клиентов
2021-04-11 17:18:35,610 DEBUG decorator.py Была вызвана функция get_message c параметрами (<common.json_messenger.JSONMessenger object at 0x05052100>,), {}. Используемый модуль: common.json_messenger и функция self._bootstrap_inner(). Также была вызвана функция process.
2021-04-11 17:18:35,613 DEBUG decorator.py Была вызвана функция process_client_message c параметрами (<__main__.JIMServer object at 0x043A27D8>, <common.json_messenger.JSONMessenger object at 0x05052100>, {'action': 'message', 'sender': 'авыыв', 'to': 'авыыв', 'time': 1618150715.4490285, 'mess_text': 's,dfjadf'}), {}. Используемый модуль: __main__ и функция self._bootstrap_inner(). Также была вызвана функция process.
2021-04-11 17:18:35,613 INFO server.py Разбор сообщения от клиента : {'action': 'message', 'sender': 'авыыв', 'to': 'авыыв', 'time': 1618150715.4490285, 'mess_text': 's,dfjadf'}
2021-04-11 17:18:35,615 ERROR server_database.py process_message не нашел пользователя "sender" в таблице ChatUsers
2021-04-11 17:18:35,615 INFO server.py Сообщение от клиента добавлено в очередь
2021-04-11 17:18:35,618 DEBUG decorator.py Была вызвана функция process_message c параметрами (<__main__.JIMServer object at 0x043A27D8>, {'action': 'message', 'sender': 'авыыв', 'to': 'авыыв', 'time': 1618150715.4490285, 'mess_text': 's,dfjadf'}, [<socket.socket fd=1388, family=AddressFamily.AF_INET, type=SocketKind.SOCK_STREAM, proto=0, laddr=('127.0.0.1', 7777), raddr=('127.0.0.1', 55790)>]), {}. Используемый модуль: __main__ и функция self._bootstrap_inner(). Также была вызвана функция process.
2021-04-11 17:18:35,621 DEBUG decorator.py Была вызвана функция send_message c параметрами (<common.json_messenger.JSONMessenger object at 0x0694B1A8>, {'action': 'message', 'sender': 'авыыв', 'to': 'авыыв', 'time': 1618150715.4490285, 'mess_text': 's,dfjadf'}), {}. Используемый модуль: common.json_messenger и функция self._bootstrap_inner(). Также была вызвана функция process_message.
2021-04-11 17:18:35,621 INFO server.py Отправлено сообщение пользователю авыыв от пользователя авыыв.
2021-04-11 17:18:48,634 INFO server.py Есть сообщения от клиентов
2021-04-11 17:18:48,636 DEBUG decorator.py Была вызвана функция get_message c параметрами (<common.json_messenger.JSONMessenger object at 0x05052100>,), {}. Используемый модуль: common.json_messenger и функция self._bootstrap_inner(). Также была вызвана функция process.
2021-04-11 17:18:48,637 INFO server.py Клиент ('127.0.0.1', 55790) отключился от сервера.
2021-04-11 17:30:53,868 INFO server.py Установлено соединение с ПК ('127.0.0.1', 63540)
2021-04-11 17:30:54,368 INFO server.py Есть сообщения от клиентов
2021-04-11 17:30:54,372 DEBUG decorator.py Была вызвана функция get_message c параметрами (<common.json_messenger.JSONMessenger object at 0x0694BD48>,), {}. Используемый модуль: common.json_messenger и функция self._bootstrap_inner(). Также была вызвана функция process.
2021-04-11 17:30:54,375 DEBUG decorator.py Была вызвана функция process_client_message c параметрами (<__main__.JIMServer object at 0x043A27D8>, <common.json_messenger.JSONMessenger object at 0x0694BD48>, {'action': 'presence', 'time': 1618151454.0046585, 'user': {'account_name': 'qqq'}}), {}. Используемый модуль: __main__ и функция self._bootstrap_inner(). Также была вызвана функция process.
2021-04-11 17:30:54,375 INFO server.py Разбор сообщения от клиента : {'action': 'presence', 'time': 1618151454.0046585, 'user': {'account_name': 'qqq'}}
2021-04-11 17:30:54,415 INFO server.py Cформирован ответ клиенту {'response': 200}
2021-04-11 17:30:54,419 DEBUG decorator.py Была вызвана функция send_message c параметрами (<common.json_messenger.JSONMessenger object at 0x0694BD48>, {'response': 200}), {}. Используемый модуль: common.json_messenger и функция self._bootstrap_inner(). Также была вызвана функция process_client_message.
2021-04-11 17:30:54,920 INFO server.py Есть сообщения от клиентов
2021-04-11 17:30:54,922 DEBUG decorator.py Была вызвана функция get_message c параметрами (<common.json_messenger.JSONMessenger object at 0x05052100>,), {}. Используемый модуль: common.json_messenger и функция self._bootstrap_inner(). Также была вызвана функция process.
2021-04-11 17:30:54,925 DEBUG decorator.py Была вызвана функция process_client_message c параметрами (<__main__.JIMServer object at 0x043A27D8>, <common.json_messenger.JSONMessenger object at 0x05052100>, {'action': 'get_users', 'time': 1618151454.4985876, 'account_name': 'qqq'}), {}. Используемый модуль: __main__ и функция self._bootstrap_inner(). Также была вызвана функция process.
2021-04-11 17:30:54,925 INFO server.py Разбор сообщения от клиента : {'action': 'get_users', 'time': 1618151454.4985876, 'account_name': 'qqq'}
2021-04-11 17:30:54,940 DEBUG decorator.py Была вызвана функция send_message c параметрами (<common.json_messenger.JSONMessenger object at 0x05052100>, {'response': 202, 'data_list': ['DASHA', 'MASHA', 'GLASHA', 'KIBORG2', 'KIBORG1', 'авыыв', 'qqq']}), {}. Используемый модуль: common.json_messenger и функция self._bootstrap_inner(). Также была вызвана функция process_client_message.
2021-04-11 17:30:55,442 INFO server.py Есть сообщения от клиентов
2021-04-11 17:30:55,444 DEBUG decorator.py Была вызвана функция get_message c параметрами (<common.json_messenger.JSONMessenger object at 0x05052118>,), {}. Используемый модуль: common.json_messenger и функция self._bootstrap_inner(). Также была вызвана функция process.
2021-04-11 17:30:55,447 DEBUG decorator.py Была вызвана функция process_client_message c параметрами (<__main__.JIMServer object at 0x043A27D8>, <common.json_messenger.JSONMessenger object at 0x05052118>, {'action': 'get_contacts', 'time': 1618151454.9645886, 'user': 'qqq'}), {}. Используемый модуль: __main__ и функция self._bootstrap_inner(). Также была вызвана функция process.
2021-04-11 17:30:55,447 INFO server.py Разбор сообщения от клиента : {'action': 'get_contacts', 'time': 1618151454.9645886, 'user': 'qqq'}
2021-04-11 17:30:55,452 DEBUG decorator.py Была вызвана функция send_message c параметрами (<common.json_messenger.JSONMessenger object at 0x05052118>, {'response': 202, 'data_list': []}), {}. Используемый модуль: common.json_messenger и функция self._bootstrap_inner(). Также была вызвана функция process_client_message.
2021-04-11 17:30:55,952 INFO server.py Есть сообщения от клиентов
2021-04-11 17:30:55,955 DEBUG decorator.py Была вызвана функция get_message c параметрами (<common.json_messenger.JSONMessenger object at 0x05052D60>,), {}. Используемый модуль: common.json_messenger и функция self._bootstrap_inner(). Также была вызвана функция process.
2021-04-11 17:30:55,955 INFO server.py Ошибка при получении сообщения: Expecting value: line 1 column 1 (char 0)
2021-04-11 17:32:52,699 INFO server.py Установлено соединение с ПК ('127.0.0.1', 64079)
2021-04-11 17:32:53,199 INFO server.py Есть сообщения от клиентов
2021-04-11 17:32:53,202 DEBUG decorator.py Была вызвана функция get_message c параметрами (<common.json_messenger.JSONMessenger object at 0x05052100>,), {}. Используемый модуль: common.json_messenger и функция self._bootstrap_inner(). Также была вызвана функция process.
2021-04-11 17:32:53,204 DEBUG decorator.py Была вызвана функция process_client_message c параметрами (<__main__.JIMServer object at 0x043A27D8>, <common.json_messenger.JSONMessenger object at 0x05052100>, {'action': 'presence', 'time': 1618151572.8357368, 'user': {'account_name': 'aaa'}}), {}. Используемый модуль: __main__ и функция self._bootstrap_inner(). Также была вызвана функция process.
2021-04-11 17:32:53,204 INFO server.py Разбор сообщения от клиента : {'action': 'presence', 'time': 1618151572.8357368, 'user': {'account_name': 'aaa'}}
2021-04-11 17:32:53,307 INFO server.py Cформирован ответ клиенту {'response': 200}
2021-04-11 17:32:53,311 DEBUG decorator.py Была вызвана функция send_message c параметрами (<common.json_messenger.JSONMessenger object at 0x05052100>, {'response': 200}), {}. Используемый модуль: common.json_messenger и функция self._bootstrap_inner(). Также была вызвана функция process_client_message.
2021-04-11 17:32:53,812 INFO server.py Есть сообщения от клиентов
2021-04-11 17:32:53,815 DEBUG decorator.py Была вызвана функция get_message c параметрами (<common.json_messenger.JSONMessenger object at 0x0502E4C0>,), {}. Используемый модуль: common.json_messenger и функция self._bootstrap_inner(). Также была вызвана функция process.
2021-04-11 17:32:53,817 DEBUG decorator.py Была вызвана функция process_client_message c параметрами (<__main__.JIMServer object at 0x043A27D8>, <common.json_messenger.JSONMessenger object at 0x0502E4C0>, {'action': 'get_users', 'time': 1618151573.393666, 'account_name': 'aaa'}), {}. Используемый модуль: __main__ и функция self._bootstrap_inner(). Также была вызвана функция process.
2021-04-11 17:32:53,817 INFO server.py Разбор сообщения от клиента : {'action': 'get_users', 'time': 1618151573.393666, 'account_name': 'aaa'}
2021-04-11 17:32:53,832 DEBUG decorator.py Была вызвана функция send_message c параметрами (<common.json_messenger.JSONMessenger object at 0x0502E4C0>, {'response': 202, 'data_list': ['DASHA', 'MASHA', 'GLASHA', 'KIBORG2', 'KIBORG1', 'авыыв', 'qqq', 'aaa']}), {}. Используемый модуль: common.json_messenger и функция self._bootstrap_inner(). Также была вызвана функция process_client_message.
2021-04-11 17:32:54,332 INFO server.py Есть сообщения от клиентов
2021-04-11 17:32:54,335 DEBUG decorator.py Была вызвана функция get_message c параметрами (<common.json_messenger.JSONMessenger object at 0x0502E298>,), {}. Используемый модуль: common.json_messenger и функция self._bootstrap_inner(). Также была вызвана функция process.
2021-04-11 17:32:54,337 DEBUG decorator.py Была вызвана функция process_client_message c параметрами (<__main__.JIMServer object at 0x043A27D8>, <common.json_messenger.JSONMessenger object at 0x0502E298>, {'action': 'get_contacts', 'time': 1618151573.8556664, 'user': 'aaa'}), {}. Используемый модуль: __main__ и функция self._bootstrap_inner(). Также была вызвана функция process.
2021-04-11 17:32:54,337 INFO server.py Разбор сообщения от клиента : {'action': 'get_contacts', 'time': 1618151573.8556664, 'user': 'aaa'}
2021-04-11 17:32:54,342 DEBUG decorator.py Была вызвана функция send_message c параметрами (<common.json_messenger.JSONMessenger object at 0x0502E298>, {'response': 202, 'data_list': []}), {}. Используемый модуль: common.json_messenger и функция self._bootstrap_inner(). Также была вызвана функция process_client_message.
2021-04-11 17:33:04,857 INFO server.py Есть сообщения от клиентов
2021-04-11 17:33:04,859 DEBUG decorator.py Была вызвана функция get_message c параметрами (<common.json_messenger.JSONMessenger object at 0x0502E298>,), {}. Используемый модуль: common.json_messenger и функция self._bootstrap_inner(). Также была вызвана функция process.
2021-04-11 17:33:04,862 DEBUG decorator.py Была вызвана функция process_client_message c параметрами (<__main__.JIMServer object at 0x043A27D8>, <common.json_messenger.JSONMessenger object at 0x0502E298>, {'action': 'message', 'sender': 'aaa', 'to': 'aaa', 'time': 1618151584.4246655, 'mess_text': 'lsjfk'}), {}. Используемый модуль: __main__ и функция self._bootstrap_inner(). Также была вызвана функция process.
2021-04-11 17:33:04,862 INFO server.py Разбор сообщения от клиента : {'action': 'message', 'sender': 'aaa', 'to': 'aaa', 'time': 1618151584.4246655, 'mess_text': 'lsjfk'}
2021-04-11 17:33:04,863 ERROR server_database.py process_message не нашел пользователя "sender" в таблице ChatUsers
2021-04-11 17:33:04,863 INFO server.py Сообщение от клиента добавлено в очередь
2021-04-11 17:33:04,866 DEBUG decorator.py Была вызвана функция process_message c параметрами (<__main__.JIMServer object at 0x043A27D8>, {'action': 'message', 'sender': 'aaa', 'to': 'aaa', 'time': 1618151584.4246655, 'mess_text': 'lsjfk'}, [<socket.socket fd=1184, family=AddressFamily.AF_INET, type=SocketKind.SOCK_STREAM, proto=0, laddr=('127.0.0.1', 7777), raddr=('127.0.0.1', 64079)>]), {}. Используемый модуль: __main__ и функция self._bootstrap_inner(). Также была вызвана функция process.
2021-04-11 17:33:04,869 DEBUG decorator.py Была вызвана функция send_message c параметрами (<common.json_messenger.JSONMessenger object at 0x05052100>, {'action': 'message', 'sender': 'aaa', 'to': 'aaa', 'time': 1618151584.4246655, 'mess_text': 'lsjfk'}), {}. Используемый модуль: common.json_messenger и функция self._bootstrap_inner(). Также была вызвана функция process_message.
2021-04-11 17:33:04,869 INFO server.py Отправлено сообщение пользователю aaa от пользователя aaa.
2021-04-11 17:55:23,802 INFO server.py Есть сообщения от клиентов
2021-04-11 17:55:23,804 DEBUG decorator.py Была вызвана функция get_message c параметрами (<common.json_messenger.JSONMessenger object at 0x0502E298>,), {}. Используемый модуль: common.json_messenger и функция self._bootstrap_inner(). Также была вызвана функция process.
2021-04-11 17:55:23,804 INFO server.py Клиент ('127.0.0.1', 64079) отключился от сервера.
2021-04-11 19:01:09,330 INFO server.py Запущен сервер, порт для подключений: 7777, адрес с которого принимаются подключения: 127.0.0.1. Если адрес не указан, принимаются соединения с любых адресов.
2021-04-11 19:01:21,046 INFO server.py Установлено соединение с ПК ('127.0.0.1', 53084)
2021-04-11 19:01:21,547 INFO server.py Есть сообщения от клиентов
2021-04-11 19:01:21,690 DEBUG decorator.py Была вызвана функция get_message c параметрами (<common.json_messenger.JSONMessenger object at 0x069AB1A8>,), {}. Используемый модуль: common.json_messenger и функция self._bootstrap_inner(). Также была вызвана функция process.
2021-04-11 19:01:21,693 DEBUG decorator.py Была вызвана функция process_client_message c параметрами (<__main__.JIMServer object at 0x044327D8>, <common.json_messenger.JSONMessenger object at 0x069AB1A8>, {'action': 'presence', 'time': 1618156881.1798034, 'user': {'account_name': 'dfg'}}), {}. Используемый модуль: __main__ и функция self._bootstrap_inner(). Также была вызвана функция process.
2021-04-11 19:01:21,693 INFO server.py Разбор сообщения от клиента : {'action': 'presence', 'time': 1618156881.1798034, 'user': {'account_name': 'dfg'}}
2021-04-11 19:01:21,770 INFO server.py Cформирован ответ клиенту {'response': 200}
2021-04-11 19:01:21,773 DEBUG decorator.py Была вызвана функция send_message c параметрами (<common.json_messenger.JSONMessenger object at 0x069AB1A8>, {'response': 200}), {}. Используемый модуль: common.json_messenger и функция self._bootstrap_inner(). Также была вызвана функция process_client_message.
2021-04-11 19:01:22,273 INFO server.py Есть сообщения от клиентов
2021-04-11 19:01:22,275 DEBUG decorator.py Была вызвана функция get_message c параметрами (<common.json_messenger.JSONMessenger object at 0x069AB460>,), {}. Используемый модуль: common.json_messenger и функция self._bootstrap_inner(). Также была вызвана функция process.
2021-04-11 19:01:22,278 DEBUG decorator.py Была вызвана функция process_client_message c параметрами (<__main__.JIMServer object at 0x044327D8>, <common.json_messenger.JSONMessenger object at 0x069AB460>, {'action': 'get_users', 'time': 1618156881.8518057, 'account_name': 'dfg'}), {}. Используемый модуль: __main__ и функция self._bootstrap_inner(). Также была вызвана функция process.
2021-04-11 19:01:22,278 INFO server.py Разбор сообщения от клиента : {'action': 'get_users', 'time': 1618156881.8518057, 'account_name': 'dfg'}
2021-04-11 19:01:22,291 DEBUG decorator.py Была вызвана функция send_message c параметрами (<common.json_messenger.JSONMessenger object at 0x069AB460>, {'response': 202, 'data_list': ['DASHA', 'MASHA', 'GLASHA', 'KIBORG2', 'KIBORG1', 'авыыв', 'qqq', 'aaa', 'dfg']}), {}. Используемый модуль: common.json_messenger и функция self._bootstrap_inner(). Также была вызвана функция process_client_message.
2021-04-11 19:01:22,793 INFO server.py Есть сообщения от клиентов
2021-04-11 19:01:22,795 DEBUG decorator.py Была вызвана функция get_message c параметрами (<common.json_messenger.JSONMessenger object at 0x050B22F8>,), {}. Используемый модуль: common.json_messenger и функция self._bootstrap_inner(). Также была вызвана функция process.
2021-04-11 19:01:22,798 DEBUG decorator.py Была вызвана функция process_client_message c параметрами (<__main__.JIMServer object at 0x044327D8>, <common.json_messenger.JSONMessenger object at 0x050B22F8>, {'action': 'get_contacts', 'time': 1618156882.3138046, 'user': 'dfg'}), {}. Используемый модуль: __main__ и функция self._bootstrap_inner(). Также была вызвана функция process.
2021-04-11 19:01:22,798 INFO server.py Разбор сообщения от клиента : {'action': 'get_contacts', 'time': 1618156882.3138046, 'user': 'dfg'}
2021-04-11 19:01:22,806 DEBUG decorator.py Была вызвана функция send_message c параметрами (<common.json_messenger.JSONMessenger object at 0x050B22F8>, {'response': 202, 'data_list': []}), {}. Используемый модуль: common.json_messenger и функция self._bootstrap_inner(). Также была вызвана функция process_client_message.
2021-04-11 19:01:57,344 INFO server.py Есть сообщения от клиентов
2021-04-11 19:01:57,346 DEBUG decorator.py Была вызвана функция get_message c параметрами (<common.json_messenger.JSONMessenger object at 0x050B22F8>,), {}. Используемый модуль: common.json_messenger и функция self._bootstrap_inner(). Также была вызвана функция process.
2021-04-11 19:01:57,346 INFO server.py Клиент ('127.0.0.1', 53084) отключился от сервера.
2021-04-11 21:47:53,957 INFO server.py Запущен сервер, порт для подключений: 7777, адрес с которого принимаются подключения: 127.0.0.1. Если адрес не указан, принимаются соединения с любых адресов.
2021-04-11 21:56:11,263 INFO server.py Установлено соединение с ПК ('127.0.0.1', 64000)
2021-04-11 21:56:11,763 INFO server.py Есть сообщения от клиентов
2021-04-11 21:56:11,956 DEBUG decorator.py Была вызвана функция get_message c параметрами (<common.json_messenger.JSONMessenger object at 0x06AB91A8>,), {}. Используемый модуль: common.json_messenger и функция self._bootstrap_inner(). Также была вызвана функция process.
2021-04-11 21:56:11,959 DEBUG decorator.py Была вызвана функция process_client_message c параметрами (<__main__.JIMServer object at 0x047527D8>, <common.json_messenger.JSONMessenger object at 0x06AB91A8>, {'action': 'presence', 'time': 1618167371.4273531, 'user': {'account_name': 'aaa'}}), {}. Используемый модуль: __main__ и функция self._bootstrap_inner(). Также была вызвана функция process.
2021-04-11 21:56:11,959 INFO server.py Разбор сообщения от клиента : {'action': 'presence', 'time': 1618167371.4273531, 'user': {'account_name': 'aaa'}}
2021-04-11 21:56:12,013 INFO server.py Cформирован ответ клиенту {'response': 200}
2021-04-11 21:56:12,017 DEBUG decorator.py Была вызвана функция send_message c параметрами (<common.json_messenger.JSONMessenger object at 0x06AB91A8>, {'response': 200}), {}. Используемый модуль: common.json_messenger и функция self._bootstrap_inner(). Также была вызвана функция process_client_message.
2021-04-11 21:56:12,517 INFO server.py Есть сообщения от клиентов
2021-04-11 21:56:12,519 DEBUG decorator.py Была вызвана функция get_message c параметрами (<common.json_messenger.JSONMessenger object at 0x06AB9208>,), {}. Используемый модуль: common.json_messenger и функция self._bootstrap_inner(). Также была вызвана функция process.
2021-04-11 21:56:12,522 DEBUG decorator.py Была вызвана функция process_client_message c параметрами (<__main__.JIMServer object at 0x047527D8>, <common.json_messenger.JSONMessenger object at 0x06AB9208>, {'action': 'get_users', 'time': 1618167372.10437, 'account_name': 'aaa'}), {}. Используемый модуль: __main__ и функция self._bootstrap_inner(). Также была вызвана функция process.
2021-04-11 21:56:12,522 INFO server.py Разбор сообщения от клиента : {'action': 'get_users', 'time': 1618167372.10437, 'account_name': 'aaa'}
2021-04-11 21:56:12,539 DEBUG decorator.py Была вызвана функция send_message c параметрами (<common.json_messenger.JSONMessenger object at 0x06AB9208>, {'response': 202, 'data_list': ['DASHA', 'MASHA', 'GLASHA', 'KIBORG2', 'KIBORG1', 'авыыв', 'qqq', 'aaa', 'dfg']}), {}. Используемый модуль: common.json_messenger и функция self._bootstrap_inner(). Также была вызвана функция process_client_message.
2021-04-11 21:56:13,041 INFO server.py Есть сообщения от клиентов
2021-04-11 21:56:13,043 DEBUG decorator.py Была вызвана функция get_message c параметрами (<common.json_messenger.JSONMessenger object at 0x06AB93A0>,), {}. Используемый модуль: common.json_messenger и функция self._bootstrap_inner(). Также была вызвана функция process.
2021-04-11 21:56:13,046 DEBUG decorator.py Была вызвана функция process_client_message c параметрами (<__main__.JIMServer object at 0x047527D8>, <common.json_messenger.JSONMessenger object at 0x06AB93A0>, {'action': 'get_contacts', 'time': 1618167372.5653517, 'user': 'aaa'}), {}. Используемый модуль: __main__ и функция self._bootstrap_inner(). Также была вызвана функция process.
2021-04-11 21:56:13,046 INFO server.py Разбор сообщения от клиента : {'action': 'get_contacts', 'time': 1618167372.5653517, 'user': 'aaa'}
2021-04-11 21:56:13,054 DEBUG decorator.py Была вызвана функция send_message c параметрами (<common.json_messenger.JSONMessenger object at 0x06AB93A0>, {'response': 202, 'data_list': []}), {}. Используемый модуль: common.json_messenger и функция self._bootstrap_inner(). Также была вызвана функция process_client_message.
2021-04-11 21:57:03,606 INFO server.py Есть сообщения от клиентов
2021-04-11 21:57:03,608 DEBUG decorator.py Была вызвана функция get_message c параметрами (<common.json_messenger.JSONMessenger object at 0x06AB9838>,), {}. Используемый модуль: common.json_messenger и функция self._bootstrap_inner(). Также была вызвана функция process.
2021-04-11 21:57:03,609 INFO server.py Клиент ('127.0.0.1', 64000) отключился от сервера.
2021-04-11 21:58:44,572 INFO server.py Установлено соединение с ПК ('127.0.0.1', 64610)
2021-04-11 21:58:45,073 INFO server.py Есть сообщения от клиентов
2021-04-11 21:58:45,075 DEBUG decorator.py Была вызвана функция get_message c параметрами (<common.json_messenger.JSONMessenger object at 0x06AB91A8>,), {}. Используемый модуль: common.json_messenger и функция self._bootstrap_inner(). Также была вызвана функция process.
2021-04-11 21:58:45,078 DEBUG decorator.py Была вызвана функция process_client_message c параметрами (<__main__.JIMServer object at 0x047527D8>, <common.json_messenger.JSONMessenger object at 0x06AB91A8>, {'action': 'presence', 'time': 1618167524.7636316, 'user': {'account_name': 'sss'}}), {}. Используемый модуль: __main__ и функция self._bootstrap_inner(). Также была вызвана функция process.
2021-04-11 21:58:45,078 INFO server.py Разбор сообщения от клиента : {'action': 'presence', 'time': 1618167524.7636316, 'user': {'account_name': 'sss'}}
2021-04-11 21:58:45,116 INFO server.py Cформирован ответ клиенту {'response': 200}
2021-04-11 21:58:45,119 DEBUG decorator.py Была вызвана функция send_message c параметрами (<common.json_messenger.JSONMessenger object at 0x06AB91A8>, {'response': 200}), {}. Используемый модуль: common.json_messenger и функция self._bootstrap_inner(). Также была вызвана функция process_client_message.
2021-04-11 21:58:45,621 INFO server.py Есть сообщения от клиентов
2021-04-11 21:58:45,623 DEBUG decorator.py Была вызвана функция get_message c параметрами (<common.json_messenger.JSONMessenger object at 0x011FDCD0>,), {}. Используемый модуль: common.json_messenger и функция self._bootstrap_inner(). Также была вызвана функция process.
2021-04-11 21:58:45,626 DEBUG decorator.py Была вызвана функция process_client_message c параметрами (<__main__.JIMServer object at 0x047527D8>, <common.json_messenger.JSONMessenger object at 0x011FDCD0>, {'action': 'get_users', 'time': 1618167525.196667, 'account_name': 'sss'}), {}. Используемый модуль: __main__ и функция self._bootstrap_inner(). Также была вызвана функция process.
2021-04-11 21:58:45,626 INFO server.py Разбор сообщения от клиента : {'action': 'get_users', 'time': 1618167525.196667, 'account_name': 'sss'}
2021-04-11 21:58:45,639 DEBUG decorator.py Была вызвана функция send_message c параметрами (<common.json_messenger.JSONMessenger object at 0x011FDCD0>, {'response': 202, 'data_list': ['DASHA', 'MASHA', 'GLASHA', 'KIBORG2', 'KIBORG1', 'авыыв', 'qqq', 'aaa', 'dfg', 'sss']}), {}. Используемый модуль: common.json_messenger и функция self._bootstrap_inner(). Также была вызвана функция process_client_message.
2021-04-11 21:58:46,141 INFO server.py Есть сообщения от клиентов
2021-04-11 21:58:46,144 DEBUG decorator.py Была вызвана функция get_message c параметрами (<common.json_messenger.JSONMessenger object at 0x011FDCD0>,), {}. Используемый модуль: common.json_messenger и функция self._bootstrap_inner(). Также была вызвана функция process.
2021-04-11 21:58:46,147 DEBUG decorator.py Была вызвана функция process_client_message c параметрами (<__main__.JIMServer object at 0x047527D8>, <common.json_messenger.JSONMessenger object at 0x011FDCD0>, {'action': 'get_contacts', 'time': 1618167525.6656308, 'user': 'sss'}), {}. Используемый модуль: __main__ и функция self._bootstrap_inner(). Также была вызвана функция process.
2021-04-11 21:58:46,147 INFO server.py Разбор сообщения от клиента : {'action': 'get_contacts', 'time': 1618167525.6656308, 'user': 'sss'}
2021-04-11 21:58:46,153 DEBUG decorator.py Была вызвана функция send_message c параметрами (<common.json_messenger.JSONMessenger object at 0x011FDCD0>, {'response': 202, 'data_list': []}), {}. Используемый модуль: common.json_messenger и функция self._bootstrap_inner(). Также была вызвана функция process_client_message.
2021-04-11 21:58:56,661 INFO server.py Есть сообщения от клиентов
2021-04-11 21:58:56,663 DEBUG decorator.py Была вызвана функция get_message c параметрами (<common.json_messenger.JSONMessenger object at 0x011FDCD0>,), {}. Используемый модуль: common.json_messenger и функция self._bootstrap_inner(). Также была вызвана функция process.
2021-04-11 21:58:56,663 INFO server.py Клиент ('127.0.0.1', 64610) отключился от сервера.
2021-04-11 23:25:31,983 INFO server.py Запущен сервер, порт для подключений: 7777, адрес с которого принимаются подключения: 127.0.0.1. Если адрес не указан, принимаются соединения с любых адресов.
2021-04-12 00:12:38,827 INFO server.py Установлено соединение с ПК ('127.0.0.1', 61706)
2021-04-12 00:12:39,331 INFO server.py Есть сообщения от клиентов
2021-04-12 00:12:39,488 DEBUG decorator.py Была вызвана функция get_message c параметрами (<common.json_messenger.JSONMessenger object at 0x04D0B1A8>,), {}. Используемый модуль: common.json_messenger и функция self._bootstrap_inner(). Также была вызвана функция process.
2021-04-12 00:12:39,491 DEBUG decorator.py Была вызвана функция process_client_message c параметрами (<__main__.JIMServer object at 0x040A27D8>, <common.json_messenger.JSONMessenger object at 0x04D0B1A8>, {'action': 'presence', 'time': 1618175558.9941204, 'user': {'account_name': 'aaa'}}), {}. Используемый модуль: __main__ и функция self._bootstrap_inner(). Также была вызвана функция process.
2021-04-12 00:12:39,491 INFO server.py Разбор сообщения от клиента : {'action': 'presence', 'time': 1618175558.9941204, 'user': {'account_name': 'aaa'}}
2021-04-12 00:12:39,548 INFO server.py Cформирован ответ клиенту {'response': 200}
2021-04-12 00:12:39,551 DEBUG decorator.py Была вызвана функция send_message c параметрами (<common.json_messenger.JSONMessenger object at 0x04D0B1A8>, {'response': 200}), {}. Используемый модуль: common.json_messenger и функция self._bootstrap_inner(). Также была вызвана функция process_client_message.
2021-04-12 00:12:40,053 INFO server.py Есть сообщения от клиентов
2021-04-12 00:12:40,056 DEBUG decorator.py Была вызвана функция get_message c параметрами (<common.json_messenger.JSONMessenger object at 0x04D0B370>,), {}. Используемый модуль: common.json_messenger и функция self._bootstrap_inner(). Также была вызвана функция process.
2021-04-12 00:12:40,058 DEBUG decorator.py Была вызвана функция process_client_message c параметрами (<__main__.JIMServer object at 0x040A27D8>, <common.json_messenger.JSONMessenger object at 0x04D0B370>, {'action': 'get_users', 'time': 1618175559.6011913, 'account_name': 'aaa'}), {}. Используемый модуль: __main__ и функция self._bootstrap_inner(). Также была вызвана функция process.
2021-04-12 00:12:40,058 INFO server.py Разбор сообщения от клиента : {'action': 'get_users', 'time': 1618175559.6011913, 'account_name': 'aaa'}
2021-04-12 00:12:40,072 DEBUG decorator.py Была вызвана функция send_message c параметрами (<common.json_messenger.JSONMessenger object at 0x04D0B370>, {'response': 202, 'data_list': ['DASHA', 'MASHA', 'GLASHA', 'KIBORG2', 'KIBORG1', 'авыыв', 'qqq', 'aaa', 'dfg', 'sss']}), {}. Используемый модуль: common.json_messenger и функция self._bootstrap_inner(). Также была вызвана функция process_client_message.
2021-04-12 00:12:40,573 INFO server.py Есть сообщения от клиентов
2021-04-12 00:12:40,575 DEBUG decorator.py Была вызвана функция get_message c параметрами (<common.json_messenger.JSONMessenger object at 0x0070F1A8>,), {}. Используемый модуль: common.json_messenger и функция self._bootstrap_inner(). Также была вызвана функция process.
2021-04-12 00:12:40,578 DEBUG decorator.py Была вызвана функция process_client_message c параметрами (<__main__.JIMServer object at 0x040A27D8>, <common.json_messenger.JSONMessenger object at 0x0070F1A8>, {'action': 'get_contacts', 'time': 1618175560.1012118, 'user': 'aaa'}), {}. Используемый модуль: __main__ и функция self._bootstrap_inner(). Также была вызвана функция process.
2021-04-12 00:12:40,578 INFO server.py Разбор сообщения от клиента : {'action': 'get_contacts', 'time': 1618175560.1012118, 'user': 'aaa'}
2021-04-12 00:12:40,587 DEBUG decorator.py Была вызвана функция send_message c параметрами (<common.json_messenger.JSONMessenger object at 0x0070F1A8>, {'response': 202, 'data_list': []}), {}. Используемый модуль: common.json_messenger и функция self._bootstrap_inner(). Также была вызвана функция process_client_message.
2021-04-12 00:12:41,087 INFO server.py Есть сообщения от клиентов
2021-04-12 00:12:41,090 DEBUG decorator.py Была вызвана функция get_message c параметрами (<common.json_messenger.JSONMessenger object at 0x0070F1A8>,), {}. Используемый модуль: common.json_messenger и функция self._bootstrap_inner(). Также была вызвана функция process.
2021-04-12 00:12:41,090 INFO server.py Клиент ('127.0.0.1', 61706) отключился от сервера.
2021-04-12 00:17:16,427 INFO server.py Установлено соединение с ПК ('127.0.0.1', 62749)
2021-04-12 00:17:16,927 INFO server.py Есть сообщения от клиентов
2021-04-12 00:17:16,929 DEBUG decorator.py Была вызвана функция get_message c параметрами (<common.json_messenger.JSONMessenger object at 0x0070F1A8>,), {}. Используемый модуль: common.json_messenger и функция self._bootstrap_inner(). Также была вызвана функция process.
2021-04-12 00:17:16,932 DEBUG decorator.py Была вызвана функция process_client_message c параметрами (<__main__.JIMServer object at 0x040A27D8>, <common.json_messenger.JSONMessenger object at 0x0070F1A8>, {'action': 'presence', 'time': 1618175836.5860214, 'user': {'account_name': 'ggg'}}), {}. Используемый модуль: __main__ и функция self._bootstrap_inner(). Также была вызвана функция process.
2021-04-12 00:17:16,932 INFO server.py Разбор сообщения от клиента : {'action': 'presence', 'time': 1618175836.5860214, 'user': {'account_name': 'ggg'}}
2021-04-12 00:17:17,007 INFO server.py Cформирован ответ клиенту {'response': 200}
2021-04-12 00:17:17,010 DEBUG decorator.py Была вызвана функция send_message c параметрами (<common.json_messenger.JSONMessenger object at 0x0070F1A8>, {'response': 200}), {}. Используемый модуль: common.json_messenger и функция self._bootstrap_inner(). Также была вызвана функция process_client_message.
2021-04-12 00:17:17,511 INFO server.py Есть сообщения от клиентов
2021-04-12 00:17:17,513 DEBUG decorator.py Была вызвана функция get_message c параметрами (<common.json_messenger.JSONMessenger object at 0x0072E8C8>,), {}. Используемый модуль: common.json_messenger и функция self._bootstrap_inner(). Также была вызвана функция process.
2021-04-12 00:17:17,516 DEBUG decorator.py Была вызвана функция process_client_message c параметрами (<__main__.JIMServer object at 0x040A27D8>, <common.json_messenger.JSONMessenger object at 0x0072E8C8>, {'action': 'get_users', 'time': 1618175837.3550208, 'account_name': 'ggg'}), {}. Используемый модуль: __main__ и функция self._bootstrap_inner(). Также была вызвана функция process.
2021-04-12 00:17:17,516 INFO server.py Разбор сообщения от клиента : {'action': 'get_users', 'time': 1618175837.3550208, 'account_name': 'ggg'}
2021-04-12 00:17:17,544 DEBUG decorator.py Была вызвана функция send_message c параметрами (<common.json_messenger.JSONMessenger object at 0x0072E8C8>, {'response': 202, 'data_list': ['DASHA', 'MASHA', 'GLASHA', 'KIBORG2', 'KIBORG1', 'авыыв', 'qqq', 'aaa', 'dfg', 'sss', 'ggg']}), {}. Используемый модуль: common.json_messenger и функция self._bootstrap_inner(). Также была вызвана функция process_client_message.
2021-04-12 00:17:18,045 INFO server.py Есть сообщения от клиентов
2021-04-12 00:17:18,048 DEBUG decorator.py Была вызвана функция get_message c параметрами (<common.json_messenger.JSONMessenger object at 0x0072E8C8>,), {}. Используемый модуль: common.json_messenger и функция self._bootstrap_inner(). Также была вызвана функция process.
2021-04-12 00:17:18,051 DEBUG decorator.py Была вызвана функция process_client_message c параметрами (<__main__.JIMServer object at 0x040A27D8>, <common.json_messenger.JSONMessenger object at 0x0072E8C8>, {'action': 'get_contacts', 'time': 1618175837.5770218, 'user': 'ggg'}), {}. Используемый модуль: __main__ и функция self._bootstrap_inner(). Также была вызвана функция process.
2021-04-12 00:17:18,051 INFO server.py Разбор сообщения от клиента : {'action': 'get_contacts', 'time': 1618175837.5770218, 'user': 'ggg'}
2021-04-12 00:17:18,057 DEBUG decorator.py Была вызвана функция send_message c параметрами (<common.json_messenger.JSONMessenger object at 0x0072E8C8>, {'response': 202, 'data_list': []}), {}. Используемый модуль: common.json_messenger и функция self._bootstrap_inner(). Также была вызвана функция process_client_message.
2021-04-12 00:17:18,557 INFO server.py Есть сообщения от клиентов
2021-04-12 00:17:18,560 DEBUG decorator.py Была вызвана функция get_message c параметрами (<common.json_messenger.JSONMessenger object at 0x0072E8C8>,), {}. Используемый модуль: common.json_messenger и функция self._bootstrap_inner(). Также была вызвана функция process.
2021-04-12 00:17:18,560 INFO server.py Клиент ('127.0.0.1', 62749) отключился от сервера.
2021-04-12 00:20:02,752 INFO server.py Установлено соединение с ПК ('127.0.0.1', 63295)
2021-04-12 00:20:03,252 INFO server.py Есть сообщения от клиентов
2021-04-12 00:20:03,254 DEBUG decorator.py Была вызвана функция get_message c параметрами (<common.json_messenger.JSONMessenger object at 0x0070F2C8>,), {}. Используемый модуль: common.json_messenger и функция self._bootstrap_inner(). Также была вызвана функция process.
2021-04-12 00:20:03,257 DEBUG decorator.py Была вызвана функция process_client_message c параметрами (<__main__.JIMServer object at 0x040A27D8>, <common.json_messenger.JSONMessenger object at 0x0070F2C8>, {'action': 'presence', 'time': 1618176002.9353228, 'user': {'account_name': 'aaa'}}), {}. Используемый модуль: __main__ и функция self._bootstrap_inner(). Также была вызвана функция process.
2021-04-12 00:20:03,257 INFO server.py Разбор сообщения от клиента : {'action': 'presence', 'time': 1618176002.9353228, 'user': {'account_name': 'aaa'}}
2021-04-12 00:20:03,309 INFO server.py Cформирован ответ клиенту {'response': 200}
2021-04-12 00:20:03,313 DEBUG decorator.py Была вызвана функция send_message c параметрами (<common.json_messenger.JSONMessenger object at 0x0070F2C8>, {'response': 200}), {}. Используемый модуль: common.json_messenger и функция self._bootstrap_inner(). Также была вызвана функция process_client_message.
2021-04-12 00:20:03,814 INFO server.py Есть сообщения от клиентов
2021-04-12 00:20:03,817 DEBUG decorator.py Была вызвана функция get_message c параметрами (<common.json_messenger.JSONMessenger object at 0x0072ED48>,), {}. Используемый модуль: common.json_messenger и функция self._bootstrap_inner(). Также была вызвана функция process.
2021-04-12 00:20:03,821 DEBUG decorator.py Была вызвана функция process_client_message c параметрами (<__main__.JIMServer object at 0x040A27D8>, <common.json_messenger.JSONMessenger object at 0x0072ED48>, {'action': 'get_users', 'time': 1618176003.5472531, 'account_name': 'aaa'}), {}. Используемый модуль: __main__ и функция self._bootstrap_inner(). Также была вызвана функция process.
2021-04-12 00:20:03,821 INFO server.py Разбор сообщения от клиента : {'action': 'get_users', 'time': 1618176003.5472531, 'account_name': 'aaa'}
2021-04-12 00:20:03,839 DEBUG decorator.py Была вызвана функция send_message c параметрами (<common.json_messenger.JSONMessenger object at 0x0072ED48>, {'response': 202, 'data_list': ['DASHA', 'MASHA', 'GLASHA', 'KIBORG2', 'KIBORG1', 'авыыв', 'qqq', 'aaa', 'dfg', 'sss', 'ggg']}), {}. Используемый модуль: common.json_messenger и функция self._bootstrap_inner(). Также была вызвана функция process_client_message.
2021-04-12 00:20:04,339 INFO server.py Есть сообщения от клиентов
2021-04-12 00:20:04,342 DEBUG decorator.py Была вызвана функция get_message c параметрами (<common.json_messenger.JSONMessenger object at 0x0072E3D0>,), {}. Используемый модуль: common.json_messenger и функция self._bootstrap_inner(). Также была вызвана функция process.
2021-04-12 00:20:04,345 DEBUG decorator.py Была вызвана функция process_client_message c параметрами (<__main__.JIMServer object at 0x040A27D8>, <common.json_messenger.JSONMessenger object at 0x0072E3D0>, {'action': 'get_contacts', 'time': 1618176003.8632517, 'user': 'aaa'}), {}. Используемый модуль: __main__ и функция self._bootstrap_inner(). Также была вызвана функция process.
2021-04-12 00:20:04,345 INFO server.py Разбор сообщения от клиента : {'action': 'get_contacts', 'time': 1618176003.8632517, 'user': 'aaa'}
2021-04-12 00:20:04,350 DEBUG decorator.py Была вызвана функция send_message c параметрами (<common.json_messenger.JSONMessenger object at 0x0072E3D0>, {'response': 202, 'data_list': []}), {}. Используемый модуль: common.json_messenger и функция self._bootstrap_inner(). Также была вызвана функция process_client_message.
2021-04-12 00:20:04,850 INFO server.py Есть сообщения от клиентов
2021-04-12 00:20:04,852 DEBUG decorator.py Была вызвана функция get_message c параметрами (<common.json_messenger.JSONMessenger object at 0x0072E8C8>,), {}. Используемый модуль: common.json_messenger и функция self._bootstrap_inner(). Также была вызвана функция process.
2021-04-12 00:20:04,852 INFO server.py Клиент ('127.0.0.1', 63295) отключился от сервера.
2021-04-12 00:23:27,244 INFO server.py Установлено соединение с ПК ('127.0.0.1', 63776)
2021-04-12 00:23:27,744 INFO server.py Есть сообщения от клиентов
2021-04-12 00:23:27,747 DEBUG decorator.py Была вызвана функция get_message c параметрами (<common.json_messenger.JSONMessenger object at 0x0072ED48>,), {}. Используемый модуль: common.json_messenger и функция self._bootstrap_inner(). Также была вызвана функция process.
2021-04-12 00:23:27,750 DEBUG decorator.py Была вызвана функция process_client_message c параметрами (<__main__.JIMServer object at 0x040A27D8>, <common.json_messenger.JSONMessenger object at 0x0072ED48>, {'action': 'presence', 'time': 1618176207.4130683, 'user': {'account_name': 'aaa'}}), {}. Используемый модуль: __main__ и функция self._bootstrap_inner(). Также была вызвана функция process.
2021-04-12 00:23:27,750 INFO server.py Разбор сообщения от клиента : {'action': 'presence', 'time': 1618176207.4130683, 'user': {'account_name': 'aaa'}}
2021-04-12 00:23:27,768 INFO server.py Cформирован ответ клиенту {'response': 200}
2021-04-12 00:23:27,772 DEBUG decorator.py Была вызвана функция send_message c параметрами (<common.json_messenger.JSONMessenger object at 0x0072ED48>, {'response': 200}), {}. Используемый модуль: common.json_messenger и функция self._bootstrap_inner(). Также была вызвана функция process_client_message.
2021-04-12 00:23:28,272 INFO server.py Есть сообщения от клиентов
2021-04-12 00:23:28,274 DEBUG decorator.py Была вызвана функция get_message c параметрами (<common.json_messenger.JSONMessenger object at 0x0070F1A8>,), {}. Используемый модуль: common.json_messenger и функция self._bootstrap_inner(). Также была вызвана функция process.
2021-04-12 00:23:28,277 DEBUG decorator.py Была вызвана функция process_client_message c параметрами (<__main__.JIMServer object at 0x040A27D8>, <common.json_messenger.JSONMessenger object at 0x0070F1A8>, {'action': 'get_users', 'time': 1618176207.8320682, 'account_name': 'aaa'}), {}. Используемый модуль: __main__ и функция self._bootstrap_inner(). Также была вызвана функция process.
2021-04-12 00:23:28,277 INFO server.py Разбор сообщения от клиента : {'action': 'get_users', 'time': 1618176207.8320682, 'account_name': 'aaa'}
2021-04-12 00:23:28,291 DEBUG decorator.py Была вызвана функция send_message c параметрами (<common.json_messenger.JSONMessenger object at 0x0070F1A8>, {'response': 202, 'data_list': ['DASHA', 'MASHA', 'GLASHA', 'KIBORG2', 'KIBORG1', 'авыыв', 'qqq', 'aaa', 'dfg', 'sss', 'ggg']}), {}. Используемый модуль: common.json_messenger и функция self._bootstrap_inner(). Также была вызвана функция process_client_message.
2021-04-12 00:23:28,793 INFO server.py Есть сообщения от клиентов
2021-04-12 00:23:28,795 DEBUG decorator.py Была вызвана функция get_message c параметрами (<common.json_messenger.JSONMessenger object at 0x0070F1A8>,), {}. Используемый модуль: common.json_messenger и функция self._bootstrap_inner(). Также была вызвана функция process.
2021-04-12 00:23:28,799 DEBUG decorator.py Была вызвана функция process_client_message c параметрами (<__main__.JIMServer object at 0x040A27D8>, <common.json_messenger.JSONMessenger object at 0x0070F1A8>, {'action': 'get_contacts', 'time': 1618176208.3130674, 'user': 'aaa'}), {}. Используемый модуль: __main__ и функция self._bootstrap_inner(). Также была вызвана функция process.
2021-04-12 00:23:28,799 INFO server.py Разбор сообщения от клиента : {'action': 'get_contacts', 'time': 1618176208.3130674, 'user': 'aaa'}
2021-04-12 00:23:28,804 DEBUG decorator.py Была вызвана функция send_message c параметрами (<common.json_messenger.JSONMessenger object at 0x0070F1A8>, {'response': 202, 'data_list': []}), {}. Используемый модуль: common.json_messenger и функция self._bootstrap_inner(). Также была вызвана функция process_client_message.
2021-04-12 00:23:47,325 INFO server.py Есть сообщения от клиентов
2021-04-12 00:23:47,327 DEBUG decorator.py Была вызвана функция get_message c параметрами (<common.json_messenger.JSONMessenger object at 0x0070F1A8>,), {}. Используемый модуль: common.json_messenger и функция self._bootstrap_inner(). Также была вызвана функция process.
2021-04-12 00:23:47,327 INFO server.py Клиент ('127.0.0.1', 63776) отключился от сервера.
2021-04-12 00:24:10,576 INFO server.py Установлено соединение с ПК ('127.0.0.1', 63871)
2021-04-12 00:24:11,077 INFO server.py Есть сообщения от клиентов
2021-04-12 00:24:11,080 DEBUG decorator.py Была вызвана функция get_message c параметрами (<common.json_messenger.JSONMessenger object at 0x0072ED48>,), {}. Используемый модуль: common.json_messenger и функция self._bootstrap_inner(). Также была вызвана функция process.
2021-04-12 00:24:11,082 DEBUG decorator.py Была вызвана функция process_client_message c параметрами (<__main__.JIMServer object at 0x040A27D8>, <common.json_messenger.JSONMessenger object at 0x0072ED48>, {'action': 'presence', 'time': 1618176250.7530177, 'user': {'account_name': 'aaa'}}), {}. Используемый модуль: __main__ и функция self._bootstrap_inner(). Также была вызвана функция process.
2021-04-12 00:24:11,082 INFO server.py Разбор сообщения от клиента : {'action': 'presence', 'time': 1618176250.7530177, 'user': {'account_name': 'aaa'}}
2021-04-12 00:24:11,104 INFO server.py Cформирован ответ клиенту {'response': 200}
2021-04-12 00:24:11,107 DEBUG decorator.py Была вызвана функция send_message c параметрами (<common.json_messenger.JSONMessenger object at 0x0072ED48>, {'response': 200}), {}. Используемый модуль: common.json_messenger и функция self._bootstrap_inner(). Также была вызвана функция process_client_message.
2021-04-12 00:24:11,608 INFO server.py Есть сообщения от клиентов
2021-04-12 00:24:11,611 DEBUG decorator.py Была вызвана функция get_message c параметрами (<common.json_messenger.JSONMessenger object at 0x0072E3D0>,), {}. Используемый модуль: common.json_messenger и функция self._bootstrap_inner(). Также была вызвана функция process.
2021-04-12 00:24:11,613 DEBUG decorator.py Была вызвана функция process_client_message c параметрами (<__main__.JIMServer object at 0x040A27D8>, <common.json_messenger.JSONMessenger object at 0x0072E3D0>, {'action': 'get_users', 'time': 1618176251.1510158, 'account_name': 'aaa'}), {}. Используемый модуль: __main__ и функция self._bootstrap_inner(). Также была вызвана функция process.
2021-04-12 00:24:11,613 INFO server.py Разбор сообщения от клиента : {'action': 'get_users', 'time': 1618176251.1510158, 'account_name': 'aaa'}
2021-04-12 00:24:11,628 DEBUG decorator.py Была вызвана функция send_message c параметрами (<common.json_messenger.JSONMessenger object at 0x0072E3D0>, {'response': 202, 'data_list': ['DASHA', 'MASHA', 'GLASHA', 'KIBORG2', 'KIBORG1', 'авыыв', 'qqq', 'aaa', 'dfg', 'sss', 'ggg']}), {}. Используемый модуль: common.json_messenger и функция self._bootstrap_inner(). Также была вызвана функция process_client_message.
2021-04-12 00:24:12,129 INFO server.py Есть сообщения от клиентов
2021-04-12 00:24:12,132 DEBUG decorator.py Была вызвана функция get_message c параметрами (<common.json_messenger.JSONMessenger object at 0x0072E8C8>,), {}. Используемый модуль: common.json_messenger и функция self._bootstrap_inner(). Также была вызвана функция process.
2021-04-12 00:24:12,135 DEBUG decorator.py Была вызвана функция process_client_message c параметрами (<__main__.JIMServer object at 0x040A27D8>, <common.json_messenger.JSONMessenger object at 0x0072E8C8>, {'action': 'get_contacts', 'time': 1618176251.654017, 'user': 'aaa'}), {}. Используемый модуль: __main__ и функция self._bootstrap_inner(). Также была вызвана функция process.
2021-04-12 00:24:12,135 INFO server.py Разбор сообщения от клиента : {'action': 'get_contacts', 'time': 1618176251.654017, 'user': 'aaa'}
2021-04-12 00:24:12,140 DEBUG decorator.py Была вызвана функция send_message c параметрами (<common.json_messenger.JSONMessenger object at 0x0072E8C8>, {'response': 202, 'data_list': []}), {}. Используемый модуль: common.json_messenger и функция self._bootstrap_inner(). Также была вызвана функция process_client_message.
2021-04-12 00:24:28,155 INFO server.py Есть сообщения от клиентов
2021-04-12 00:24:28,157 DEBUG decorator.py Была вызвана функция get_message c параметрами (<common.json_messenger.JSONMessenger object at 0x0072E3D0>,), {}. Используемый модуль: common.json_messenger и функция self._bootstrap_inner(). Также была вызвана функция process.
2021-04-12 00:24:28,157 INFO server.py Клиент ('127.0.0.1', 63871) отключился от сервера.
2021-04-12 00:24:57,270 INFO server.py Запущен сервер, порт для подключений: 7777, адрес с которого принимаются подключения: 127.0.0.1. Если адрес не указан, принимаются соединения с любых адресов.
2021-04-12 00:25:06,013 INFO server.py Установлено соединение с ПК ('127.0.0.1', 63973)
2021-04-12 00:25:06,019 INFO server.py Установлено соединение с ПК ('127.0.0.1', 63974)
2021-04-12 00:25:06,025 INFO server.py Установлено соединение с ПК ('127.0.0.1', 63975)
2021-04-12 00:25:06,525 INFO server.py Есть сообщения от клиентов
2021-04-12 00:25:06,663 DEBUG decorator.py Была вызвана функция get_message c параметрами (<common.json_messenger.JSONMessenger object at 0x06B2B238>,), {}. Используемый модуль: common.json_messenger и функция self._bootstrap_inner(). Также была вызвана функция process.
2021-04-12 00:25:06,666 DEBUG decorator.py Была вызвана функция process_client_message c параметрами (<__main__.JIMServer object at 0x0446F868>, <common.json_messenger.JSONMessenger object at 0x06B2B238>, {'action': 'presence', 'time': 1618176306.186356, 'user': {'account_name': 'KIBORG3'}}), {}. Используемый модуль: __main__ и функция self._bootstrap_inner(). Также была вызвана функция process.
2021-04-12 00:25:06,666 INFO server.py Разбор сообщения от клиента : {'action': 'presence', 'time': 1618176306.186356, 'user': {'account_name': 'KIBORG3'}}
2021-04-12 00:25:06,748 INFO server.py Cформирован ответ клиенту {'response': 200}
2021-04-12 00:25:06,752 DEBUG decorator.py Была вызвана функция send_message c параметрами (<common.json_messenger.JSONMessenger object at 0x06B2B238>, {'response': 200}), {}. Используемый модуль: common.json_messenger и функция self._bootstrap_inner(). Также была вызвана функция process_client_message.
2021-04-12 00:25:06,754 DEBUG decorator.py Была вызвана функция get_message c параметрами (<common.json_messenger.JSONMessenger object at 0x06B2B538>,), {}. Используемый модуль: common.json_messenger и функция self._bootstrap_inner(). Также была вызвана функция process.
2021-04-12 00:25:06,757 DEBUG decorator.py Была вызвана функция process_client_message c параметрами (<__main__.JIMServer object at 0x0446F868>, <common.json_messenger.JSONMessenger object at 0x06B2B538>, {'action': 'presence', 'time': 1618176306.1923566, 'user': {'account_name': 'KIBORG1'}}), {}. Используемый модуль: __main__ и функция self._bootstrap_inner(). Также была вызвана функция process.
2021-04-12 00:25:06,757 INFO server.py Разбор сообщения от клиента : {'action': 'presence', 'time': 1618176306.1923566, 'user': {'account_name': 'KIBORG1'}}
2021-04-12 00:25:06,815 INFO server.py Cформирован ответ клиенту {'response': 200}
2021-04-12 00:25:06,819 DEBUG decorator.py Была вызвана функция send_message c параметрами (<common.json_messenger.JSONMessenger object at 0x06B2B538>, {'response': 200}), {}. Используемый модуль: common.json_messenger и функция self._bootstrap_inner(). Также была вызвана функция process_client_message.
2021-04-12 00:25:06,823 DEBUG decorator.py Была вызвана функция get_message c параметрами (<common.json_messenger.JSONMessenger object at 0x0520F5F8>,), {}. Используемый модуль: common.json_messenger и функция self._bootstrap_inner(). Также была вызвана функция process.
2021-04-12 00:25:06,825 DEBUG decorator.py Была вызвана функция process_client_message c параметрами (<__main__.JIMServer object at 0x0446F868>, <common.json_messenger.JSONMessenger object at 0x0520F5F8>, {'action': 'presence', 'time': 1618176306.1973557, 'user': {'account_name': 'KIBORG2'}}), {}. Используемый модуль: __main__ и функция self._bootstrap_inner(). Также была вызвана функция process.
2021-04-12 00:25:06,825 INFO server.py Разбор сообщения от клиента : {'action': 'presence', 'time': 1618176306.1973557, 'user': {'account_name': 'KIBORG2'}}
2021-04-12 00:25:06,858 INFO server.py Cформирован ответ клиенту {'response': 200}
2021-04-12 00:25:06,862 DEBUG decorator.py Была вызвана функция send_message c параметрами (<common.json_messenger.JSONMessenger object at 0x0520F5F8>, {'response': 200}), {}. Используемый модуль: common.json_messenger и функция self._bootstrap_inner(). Также была вызвана функция process_client_message.
2021-04-12 00:25:07,362 INFO server.py Есть сообщения от клиентов
2021-04-12 00:25:07,364 DEBUG decorator.py Была вызвана функция get_message c параметрами (<common.json_messenger.JSONMessenger object at 0x05233388>,), {}. Используемый модуль: common.json_messenger и функция self._bootstrap_inner(). Также была вызвана функция process.
2021-04-12 00:25:07,366 DEBUG decorator.py Была вызвана функция process_client_message c параметрами (<__main__.JIMServer object at 0x0446F868>, <common.json_messenger.JSONMessenger object at 0x05233388>, {'action': 'get_users', 'time': 1618176306.8373575, 'account_name': 'KIBORG3'}), {}. Используемый модуль: __main__ и функция self._bootstrap_inner(). Также была вызвана функция process.
2021-04-12 00:25:07,366 INFO server.py Разбор сообщения от клиента : {'action': 'get_users', 'time': 1618176306.8373575, 'account_name': 'KIBORG3'}
2021-04-12 00:25:07,386 DEBUG decorator.py Была вызвана функция send_message c параметрами (<common.json_messenger.JSONMessenger object at 0x05233388>, {'response': 202, 'data_list': ['DASHA', 'MASHA', 'GLASHA', 'KIBORG2', 'KIBORG1', 'авыыв', 'qqq', 'aaa', 'dfg', 'sss', 'ggg', 'KIBORG3']}), {}. Используемый модуль: common.json_messenger и функция self._bootstrap_inner(). Также была вызвана функция process_client_message.
2021-04-12 00:25:07,389 DEBUG decorator.py Была вызвана функция get_message c параметрами (<common.json_messenger.JSONMessenger object at 0x052339D0>,), {}. Используемый модуль: common.json_messenger и функция self._bootstrap_inner(). Также была вызвана функция process.
2021-04-12 00:25:07,392 DEBUG decorator.py Была вызвана функция process_client_message c параметрами (<__main__.JIMServer object at 0x0446F868>, <common.json_messenger.JSONMessenger object at 0x052339D0>, {'action': 'get_users', 'time': 1618176306.925357, 'account_name': 'KIBORG1'}), {}. Используемый модуль: __main__ и функция self._bootstrap_inner(). Также была вызвана функция process.
2021-04-12 00:25:07,392 INFO server.py Разбор сообщения от клиента : {'action': 'get_users', 'time': 1618176306.925357, 'account_name': 'KIBORG1'}
2021-04-12 00:25:07,396 DEBUG decorator.py Была вызвана функция send_message c параметрами (<common.json_messenger.JSONMessenger object at 0x052339D0>, {'response': 202, 'data_list': ['DASHA', 'MASHA', 'GLASHA', 'KIBORG2', 'KIBORG1', 'авыыв', 'qqq', 'aaa', 'dfg', 'sss', 'ggg', 'KIBORG3']}), {}. Используемый модуль: common.json_messenger и функция self._bootstrap_inner(). Также была вызвана функция process_client_message.
2021-04-12 00:25:07,399 DEBUG decorator.py Была вызвана функция get_message c параметрами (<common.json_messenger.JSONMessenger object at 0x05233EF8>,), {}. Используемый модуль: common.json_messenger и функция self._bootstrap_inner(). Также была вызвана функция process.
2021-04-12 00:25:07,403 DEBUG decorator.py Была вызвана функция process_client_message c параметрами (<__main__.JIMServer object at 0x0446F868>, <common.json_messenger.JSONMessenger object at 0x05233EF8>, {'action': 'get_users', 'time': 1618176306.9443574, 'account_name': 'KIBORG2'}), {}. Используемый модуль: __main__ и функция self._bootstrap_inner(). Также была вызвана функция process.
2021-04-12 00:25:07,404 INFO server.py Разбор сообщения от клиента : {'action': 'get_users', 'time': 1618176306.9443574, 'account_name': 'KIBORG2'}
2021-04-12 00:25:07,408 DEBUG decorator.py Была вызвана функция send_message c параметрами (<common.json_messenger.JSONMessenger object at 0x05233EF8>, {'response': 202, 'data_list': ['DASHA', 'MASHA', 'GLASHA', 'KIBORG2', 'KIBORG1', 'авыыв', 'qqq', 'aaa', 'dfg', 'sss', 'ggg', 'KIBORG3']}), {}. Используемый модуль: common.json_messenger и функция self._bootstrap_inner(). Также была вызвана функция process_client_message.
2021-04-12 00:25:07,908 INFO server.py Есть сообщения от клиентов
2021-04-12 00:25:07,911 DEBUG decorator.py Была вызвана функция get_message c параметрами (<common.json_messenger.JSONMessenger object at 0x05233EF8>,), {}. Используемый модуль: common.json_messenger и функция self._bootstrap_inner(). Также была вызвана функция process.
2021-04-12 00:25:07,913 DEBUG decorator.py Была вызвана функция process_client_message c параметрами (<__main__.JIMServer object at 0x0446F868>, <common.json_messenger.JSONMessenger object at 0x05233EF8>, {'action': 'get_contacts', 'time': 1618176307.4133563, 'user': 'KIBORG3'}), {}. Используемый модуль: __main__ и функция self._bootstrap_inner(). Также была вызвана функция process.
2021-04-12 00:25:07,913 INFO server.py Разбор сообщения от клиента : {'action': 'get_contacts', 'time': 1618176307.4133563, 'user': 'KIBORG3'}
2021-04-12 00:25:07,921 DEBUG decorator.py Была вызвана функция send_message c параметрами (<common.json_messenger.JSONMessenger object at 0x05233EF8>, {'response': 202, 'data_list': []}), {}. Используемый модуль: common.json_messenger и функция self._bootstrap_inner(). Также была вызвана функция process_client_message.
2021-04-12 00:25:07,924 DEBUG decorator.py Была вызвана функция get_message c параметрами (<common.json_messenger.JSONMessenger object at 0x05233E08>,), {}. Используемый модуль: common.json_messenger и функция self._bootstrap_inner(). Также была вызвана функция process.
2021-04-12 00:25:07,926 DEBUG decorator.py Была вызвана функция process_client_message c параметрами (<__main__.JIMServer object at 0x0446F868>, <common.json_messenger.JSONMessenger object at 0x05233E08>, {'action': 'get_contacts', 'time': 1618176307.4233568, 'user': 'KIBORG1'}), {}. Используемый модуль: __main__ и функция self._bootstrap_inner(). Также была вызвана функция process.
2021-04-12 00:25:07,927 INFO server.py Разбор сообщения от клиента : {'action': 'get_contacts', 'time': 1618176307.4233568, 'user': 'KIBORG1'}
2021-04-12 00:25:07,932 DEBUG decorator.py Была вызвана функция send_message c параметрами (<common.json_messenger.JSONMessenger object at 0x05233E08>, {'response': 202, 'data_list': []}), {}. Используемый модуль: common.json_messenger и функция self._bootstrap_inner(). Также была вызвана функция process_client_message.
2021-04-12 00:25:07,935 DEBUG decorator.py Была вызвана функция get_message c параметрами (<common.json_messenger.JSONMessenger object at 0x05233EF8>,), {}. Используемый модуль: common.json_messenger и функция self._bootstrap_inner(). Также была вызвана функция process.
2021-04-12 00:25:07,938 DEBUG decorator.py Была вызвана функция process_client_message c параметрами (<__main__.JIMServer object at 0x0446F868>, <common.json_messenger.JSONMessenger object at 0x05233EF8>, {'action': 'get_contacts', 'time': 1618176307.441375, 'user': 'KIBORG2'}), {}. Используемый модуль: __main__ и функция self._bootstrap_inner(). Также была вызвана функция process.
2021-04-12 00:25:07,939 INFO server.py Разбор сообщения от клиента : {'action': 'get_contacts', 'time': 1618176307.441375, 'user': 'KIBORG2'}
2021-04-12 00:25:07,945 DEBUG decorator.py Была вызвана функция send_message c параметрами (<common.json_messenger.JSONMessenger object at 0x05233EF8>, {'response': 202, 'data_list': []}), {}. Используемый модуль: common.json_messenger и функция self._bootstrap_inner(). Также была вызвана функция process_client_message.
2021-04-12 00:25:28,472 INFO server.py Есть сообщения от клиентов
2021-04-12 00:25:28,475 DEBUG decorator.py Была вызвана функция get_message c параметрами (<common.json_messenger.JSONMessenger object at 0x05233EF8>,), {}. Используемый модуль: common.json_messenger и функция self._bootstrap_inner(). Также была вызвана функция process.
2021-04-12 00:25:28,476 INFO server.py Клиент ('127.0.0.1', 63975) отключился от сервера.
2021-04-12 00:25:35,992 INFO server.py Есть сообщения от клиентов
2021-04-12 00:25:35,994 DEBUG decorator.py Была вызвана функция get_message c параметрами (<common.json_messenger.JSONMessenger object at 0x0520F5F8>,), {}. Используемый модуль: common.json_messenger и функция self._bootstrap_inner(). Также была вызвана функция process.
2021-04-12 00:25:35,994 INFO server.py Клиент ('127.0.0.1', 63973) отключился от сервера.
2021-04-12 00:26:14,048 INFO server.py Есть сообщения от клиентов
2021-04-12 00:26:14,050 DEBUG decorator.py Была вызвана функция get_message c параметрами (<common.json_messenger.JSONMessenger object at 0x06B2B238>,), {}. Используемый модуль: common.json_messenger и функция self._bootstrap_inner(). Также была вызвана функция process.
2021-04-12 00:26:14,051 INFO server.py Клиент ('127.0.0.1', 63974) отключился от сервера.
2021-04-12 00:26:44,942 INFO server.py Запущен сервер, порт для подключений: 7777, адрес с которого принимаются подключения: 127.0.0.1. Если адрес не указан, принимаются соединения с любых адресов.
2021-04-12 00:27:02,195 INFO server.py Установлено соединение с ПК ('127.0.0.1', 64200)
2021-04-12 00:27:02,696 INFO server.py Есть сообщения от клиентов
2021-04-12 00:27:02,931 DEBUG decorator.py Была вызвана функция get_message c параметрами (<common.json_messenger.JSONMessenger object at 0x06C8C1D8>,), {}. Используемый модуль: common.json_messenger и функция self._bootstrap_inner(). Также была вызвана функция process.
2021-04-12 00:27:02,934 DEBUG decorator.py Была вызвана функция process_client_message c параметрами (<__main__.JIMServer object at 0x0467F850>, <common.json_messenger.JSONMessenger object at 0x06C8C1D8>, {'action': 'presence', 'time': 1618176422.3641305, 'user': {'account_name': 'aaa'}}), {}. Используемый модуль: __main__ и функция self._bootstrap_inner(). Также была вызвана функция process.
2021-04-12 00:27:02,934 INFO server.py Разбор сообщения от клиента : {'action': 'presence', 'time': 1618176422.3641305, 'user': {'account_name': 'aaa'}}
2021-04-12 00:27:02,990 INFO server.py Cформирован ответ клиенту {'response': 200}
2021-04-12 00:27:02,994 DEBUG decorator.py Была вызвана функция send_message c параметрами (<common.json_messenger.JSONMessenger object at 0x06C8C1D8>, {'response': 200}), {}. Используемый модуль: common.json_messenger и функция self._bootstrap_inner(). Также была вызвана функция process_client_message.
2021-04-12 00:27:03,494 INFO server.py Есть сообщения от клиентов
2021-04-12 00:27:03,496 DEBUG decorator.py Была вызвана функция get_message c параметрами (<common.json_messenger.JSONMessenger object at 0x06C8C238>,), {}. Используемый модуль: common.json_messenger и функция self._bootstrap_inner(). Также была вызвана функция process.
2021-04-12 00:27:03,499 DEBUG decorator.py Была вызвана функция process_client_message c параметрами (<__main__.JIMServer object at 0x0467F850>, <common.json_messenger.JSONMessenger object at 0x06C8C238>, {'action': 'get_users', 'time': 1618176423.0381305, 'account_name': 'aaa'}), {}. Используемый модуль: __main__ и функция self._bootstrap_inner(). Также была вызвана функция process.
2021-04-12 00:27:03,499 INFO server.py Разбор сообщения от клиента : {'action': 'get_users', 'time': 1618176423.0381305, 'account_name': 'aaa'}
2021-04-12 00:27:03,513 DEBUG decorator.py Была вызвана функция send_message c параметрами (<common.json_messenger.JSONMessenger object at 0x06C8C238>, {'response': 202, 'data_list': ['DASHA', 'MASHA', 'GLASHA', 'KIBORG2', 'KIBORG1', 'авыыв', 'qqq', 'aaa', 'dfg', 'sss', 'ggg', 'KIBORG3']}), {}. Используемый модуль: common.json_messenger и функция self._bootstrap_inner(). Также была вызвана функция process_client_message.
2021-04-12 00:27:04,014 INFO server.py Есть сообщения от клиентов
2021-04-12 00:27:04,017 DEBUG decorator.py Была вызвана функция get_message c параметрами (<common.json_messenger.JSONMessenger object at 0x06C8C3D0>,), {}. Используемый модуль: common.json_messenger и функция self._bootstrap_inner(). Также была вызвана функция process.
2021-04-12 00:27:04,019 DEBUG decorator.py Была вызвана функция process_client_message c параметрами (<__main__.JIMServer object at 0x0467F850>, <common.json_messenger.JSONMessenger object at 0x06C8C3D0>, {'action': 'get_contacts', 'time': 1618176423.532129, 'user': 'aaa'}), {}. Используемый модуль: __main__ и функция self._bootstrap_inner(). Также была вызвана функция process.
2021-04-12 00:27:04,019 INFO server.py Разбор сообщения от клиента : {'action': 'get_contacts', 'time': 1618176423.532129, 'user': 'aaa'}
2021-04-12 00:27:04,028 DEBUG decorator.py Была вызвана функция send_message c параметрами (<common.json_messenger.JSONMessenger object at 0x06C8C3D0>, {'response': 202, 'data_list': []}), {}. Используемый модуль: common.json_messenger и функция self._bootstrap_inner(). Также была вызвана функция process_client_message.
2021-04-12 00:27:18,545 INFO server.py Есть сообщения от клиентов
2021-04-12 00:27:18,548 DEBUG decorator.py Была вызвана функция get_message c параметрами (<common.json_messenger.JSONMessenger object at 0x06C8C868>,), {}. Используемый модуль: common.json_messenger и функция self._bootstrap_inner(). Также была вызвана функция process.
2021-04-12 00:27:18,549 INFO server.py Клиент ('127.0.0.1', 64200) отключился от сервера.
