2021-04-13 07:27:00,175 INFO client.py Запущен клиент с парамертами: адрес сервера: 127.0.0.1, порт: 7777
2021-04-13 07:27:00,190 INFO client.py Запущен клиент с парамертами: адрес сервера: 127.0.0.1, порт: 7777
2021-04-13 07:27:00,204 DEBUG transport.py Сформировано presence сообщение для пользователя KIBORG2
2021-04-13 07:27:00,208 INFO client.py Запущен клиент с парамертами: адрес сервера: 127.0.0.1, порт: 7777
2021-04-13 07:27:00,218 DEBUG transport.py Сформировано presence сообщение для пользователя KIBORG1
2021-04-13 07:27:00,235 DEBUG transport.py Сформировано presence сообщение для пользователя KIBORG3
2021-04-13 07:27:00,256 DEBUG transport.py Разбор сообщения от сервера: {'response': 200}
2021-04-13 07:27:00,256 INFO transport.py Принят ответ от сервера Получен ответ от сервера!
2021-04-13 07:27:00,280 DEBUG transport.py Разбор сообщения от сервера: {'response': 200}
2021-04-13 07:27:00,280 INFO transport.py Принят ответ от сервера Получен ответ от сервера!
2021-04-13 07:27:00,310 DEBUG transport.py Запрос списка известных пользователей KIBORG2
2021-04-13 07:27:00,311 DEBUG transport.py Разбор сообщения от сервера: {'response': 200}
2021-04-13 07:27:00,311 INFO transport.py Принят ответ от сервера Получен ответ от сервера!
2021-04-13 07:27:00,336 DEBUG transport.py Запрос списка известных пользователей KIBORG1
2021-04-13 07:27:00,371 DEBUG transport.py Запрос списка известных пользователей KIBORG3
2021-04-13 07:27:00,855 DEBUG transport.py Запрос контакт листа для пользователся KIBORG3
2021-04-13 07:27:00,855 DEBUG transport.py Сформирован запрос {'action': 'get_contacts', 'time': 1618288020.855979, 'user': 'KIBORG3'}
2021-04-13 07:27:00,855 DEBUG transport.py Запрос контакт листа для пользователся KIBORG1
2021-04-13 07:27:00,855 DEBUG transport.py Сформирован запрос {'action': 'get_contacts', 'time': 1618288020.855979, 'user': 'KIBORG1'}
2021-04-13 07:27:00,858 DEBUG transport.py Запрос контакт листа для пользователся KIBORG2
2021-04-13 07:27:00,858 DEBUG transport.py Сформирован запрос {'action': 'get_contacts', 'time': 1618288020.8589783, 'user': 'KIBORG2'}
2021-04-13 07:27:01,331 DEBUG transport.py Получен ответ {'response': 202, 'data_list': ['KIBORG1', 'KIBORG3']}
2021-04-13 07:27:01,333 DEBUG transport.py Получен ответ {'response': 202, 'data_list': ['KIBORG2', 'KIBORG3']}
2021-04-13 07:27:01,336 DEBUG transport.py Получен ответ {'response': 202, 'data_list': ['KIBORG1', 'KIBORG2']}
2021-04-13 07:27:15,977 DEBUG jimbase.py Сформирован словарь сообщения: {'action': 'message', 'sender': 'KIBORG2', 'to': 'KIBORG3', 'time': 1618288035.9775457, 'mess_text': 'Не хотим работать. Ясно'}
2021-04-13 07:27:16,000 DEBUG main_window.py Отправлено сообщение для KIBORG3: Не хотим работать. Ясно
2021-04-13 07:27:16,480 INFO transport.py Получено сообщение от пользователя KIBORG2:
Не хотим работать. Ясно
2021-04-13 07:27:16,493 DEBUG transport.py Принято сообщение с сервера: Не хотим работать. Ясно
2021-04-13 08:36:50,829 DEBUG jimbase.py Сформирован словарь сообщения: {'action': 'message', 'sender': 'KIBORG3', 'to': 'KIBORG2', 'time': 1618292210.8290048, 'mess_text': 'почему же'}
2021-04-13 08:36:50,851 DEBUG main_window.py Отправлено сообщение для KIBORG2: почему же
2021-04-13 08:36:51,828 INFO transport.py Получено сообщение от пользователя KIBORG3:
почему же
2021-04-13 08:36:51,839 DEBUG transport.py Принято сообщение с сервера: почему же
2021-04-13 08:44:15,785 INFO client.py Запущен клиент с парамертами: адрес сервера: 127.0.0.1, порт: 7777
2021-04-13 08:44:15,800 INFO client.py Запущен клиент с парамертами: адрес сервера: 127.0.0.1, порт: 7777
2021-04-13 08:44:15,804 INFO client.py Запущен клиент с парамертами: адрес сервера: 127.0.0.1, порт: 7777
2021-04-13 08:44:15,814 DEBUG transport.py Сформировано presence сообщение для пользователя KIBORG1
2021-04-13 08:44:15,831 DEBUG transport.py Сформировано presence сообщение для пользователя KIBORG3
2021-04-13 08:44:15,838 DEBUG transport.py Сформировано presence сообщение для пользователя KIBORG2
2021-04-13 08:44:52,552 INFO client.py Запущен клиент с парамертами: адрес сервера: 127.0.0.1, порт: 7777
2021-04-13 08:44:52,553 INFO client.py Запущен клиент с парамертами: адрес сервера: 127.0.0.1, порт: 7777
2021-04-13 08:44:52,584 INFO client.py Запущен клиент с парамертами: адрес сервера: 127.0.0.1, порт: 7777
2021-04-13 08:44:52,591 DEBUG transport.py Сформировано presence сообщение для пользователя KIBORG3
2021-04-13 08:44:52,591 DEBUG transport.py Сформировано presence сообщение для пользователя KIBORG2
2021-04-13 08:44:52,618 DEBUG transport.py Сформировано presence сообщение для пользователя KIBORG1
2021-04-13 08:44:52,657 DEBUG transport.py Получен ответ от сервера!
2021-04-13 08:44:52,681 DEBUG transport.py Получен ответ от сервера!
2021-04-13 08:44:52,717 DEBUG transport.py Запрос списка известных пользователей KIBORG3
2021-04-13 08:44:52,745 DEBUG transport.py Запрос списка известных пользователей KIBORG2
2021-04-13 08:44:52,748 DEBUG transport.py Получен ответ от сервера!
2021-04-13 08:44:52,796 DEBUG transport.py Запрос списка известных пользователей KIBORG1
2021-04-13 08:44:53,294 DEBUG transport.py Запрос контакт листа для пользователся KIBORG3
2021-04-13 08:44:53,294 DEBUG transport.py Сформирован запрос {'action': 'get_contacts', 'time': 1618292693.2949405, 'user': 'KIBORG3'}
2021-04-13 08:44:53,295 DEBUG transport.py Запрос контакт листа для пользователся KIBORG1
2021-04-13 08:44:53,295 DEBUG transport.py Сформирован запрос {'action': 'get_contacts', 'time': 1618292693.2959418, 'user': 'KIBORG1'}
2021-04-13 08:44:53,298 DEBUG transport.py Запрос контакт листа для пользователся KIBORG2
2021-04-13 08:44:53,298 DEBUG transport.py Сформирован запрос {'action': 'get_contacts', 'time': 1618292693.298942, 'user': 'KIBORG2'}
2021-04-13 08:44:53,769 DEBUG transport.py Получен ответ {'response': 202, 'data_list': ['KIBORG1', 'KIBORG2']}
2021-04-13 08:44:53,772 DEBUG transport.py Получен ответ {'response': 202, 'data_list': ['KIBORG1', 'KIBORG3']}
2021-04-13 08:44:53,774 DEBUG transport.py Получен ответ {'response': 202, 'data_list': ['KIBORG2', 'KIBORG3']}
2021-04-13 08:45:00,652 DEBUG jimbase.py Сформирован словарь сообщения: {'action': 'message', 'sender': 'KIBORG3', 'to': 'KIBORG2', 'time': 1618292700.6529906, 'mess_text': 'test'}
2021-04-13 08:45:00,685 DEBUG main_window.py Отправлено сообщение для KIBORG2: test
2021-04-13 08:45:01,526 INFO transport.py Получено сообщение от пользователя KIBORG3:
test
2021-04-13 08:45:14,013 DEBUG jimbase.py Сформирован словарь сообщения: {'action': 'message', 'sender': 'KIBORG2', 'to': 'KIBORG3', 'time': 1618292714.0139418, 'mess_text': 'не пиши мне больше'}
2021-04-13 08:45:14,035 DEBUG main_window.py Отправлено сообщение для KIBORG3: не пиши мне больше
2021-04-13 08:45:15,064 INFO transport.py Получено сообщение от пользователя KIBORG2:
не пиши мне больше
2021-04-13 08:45:24,083 DEBUG jimbase.py Сформирован словарь сообщения: {'action': 'message', 'sender': 'KIBORG3', 'to': 'KIBORG2', 'time': 1618292724.0831952, 'mess_text': 'Зануда'}
2021-04-13 08:45:24,114 DEBUG main_window.py Отправлено сообщение для KIBORG2: Зануда
2021-04-13 08:45:25,063 INFO transport.py Получено сообщение от пользователя KIBORG3:
Зануда
2021-04-13 08:45:38,247 DEBUG jimbase.py Сформирован словарь сообщения: {'action': 'message', 'sender': 'KIBORG2', 'to': 'KIBORG1', 'time': 1618292738.2477634, 'mess_text': 'Че молчишь?'}
2021-04-13 08:45:38,268 DEBUG main_window.py Отправлено сообщение для KIBORG1: Че молчишь?
2021-04-13 08:45:39,072 INFO transport.py Получено сообщение от пользователя KIBORG2:
Че молчишь?
2021-04-13 08:45:50,833 DEBUG jimbase.py Сформирован словарь сообщения: {'action': 'message', 'sender': 'KIBORG1', 'to': 'KIBORG2', 'time': 1618292750.8333411, 'mess_text': 'Меня тоже достать решил?'}
2021-04-13 08:45:50,856 DEBUG main_window.py Отправлено сообщение для KIBORG2: Меня тоже достать решил?
2021-04-13 08:45:51,596 INFO transport.py Получено сообщение от пользователя KIBORG1:
Меня тоже достать решил?
2021-04-13 08:46:07,191 DEBUG jimbase.py Сформирован словарь сообщения: {'action': 'message', 'sender': 'KIBORG2', 'to': 'KIBORG1', 'time': 1618292767.1919465, 'mess_text': '111'}
2021-04-13 08:46:07,224 DEBUG main_window.py Отправлено сообщение для KIBORG1: 111
2021-04-13 08:46:07,369 INFO transport.py Получено сообщение от пользователя KIBORG2:
111
2021-04-13 08:46:11,889 DEBUG jimbase.py Сформирован словарь сообщения: {'action': 'message', 'sender': 'KIBORG1', 'to': 'KIBORG2', 'time': 1618292771.889366, 'mess_text': '222'}
2021-04-13 08:46:11,921 DEBUG main_window.py Отправлено сообщение для KIBORG2: 222
2021-04-13 08:46:12,378 INFO transport.py Получено сообщение от пользователя KIBORG1:
222
2021-04-13 09:01:27,903 DEBUG transport.py Сформировано presence сообщение для пользователя ttt
2021-04-13 09:01:28,500 DEBUG transport.py Получен ответ от сервера!
2021-04-13 09:01:28,671 DEBUG transport.py Запрос списка известных пользователей ttt
2021-04-13 09:01:29,038 DEBUG transport.py Запрос контакт листа для пользователся ttt
2021-04-13 09:01:29,038 DEBUG transport.py Сформирован запрос {'action': 'get_contacts', 'time': 1618293689.0385933, 'user': 'ttt'}
2021-04-13 09:01:29,515 DEBUG transport.py Получен ответ {'response': 202, 'data_list': []}
2021-04-13 09:01:49,606 INFO client.py Запущен клиент с парамертами: адрес сервера: 127.0.0.1, порт: 7777
2021-04-13 09:01:49,611 INFO client.py Запущен клиент с парамертами: адрес сервера: 127.0.0.1, порт: 7777
2021-04-13 09:01:49,635 DEBUG transport.py Сформировано presence сообщение для пользователя KIBORG3
2021-04-13 09:01:49,642 DEBUG transport.py Сформировано presence сообщение для пользователя KIBORG2
2021-04-13 09:01:49,644 INFO client.py Запущен клиент с парамертами: адрес сервера: 127.0.0.1, порт: 7777
2021-04-13 09:01:49,674 DEBUG transport.py Сформировано presence сообщение для пользователя KIBORG1
2021-04-13 09:01:49,688 DEBUG transport.py Получен ответ от сервера!
2021-04-13 09:01:49,710 DEBUG transport.py Получен ответ от сервера!
2021-04-13 09:01:49,748 DEBUG transport.py Запрос списка известных пользователей KIBORG3
2021-04-13 09:01:49,784 DEBUG transport.py Получен ответ от сервера!
2021-04-13 09:01:49,806 DEBUG transport.py Запрос списка известных пользователей KIBORG2
2021-04-13 09:01:49,849 DEBUG transport.py Запрос списка известных пользователей KIBORG1
2021-04-13 09:01:50,351 DEBUG transport.py Запрос контакт листа для пользователся KIBORG1
2021-04-13 09:01:50,351 DEBUG transport.py Сформирован запрос {'action': 'get_contacts', 'time': 1618293710.3518343, 'user': 'KIBORG1'}
2021-04-13 09:01:50,352 DEBUG transport.py Запрос контакт листа для пользователся KIBORG2
2021-04-13 09:01:50,353 DEBUG transport.py Сформирован запрос {'action': 'get_contacts', 'time': 1618293710.3538482, 'user': 'KIBORG2'}
2021-04-13 09:01:50,384 DEBUG transport.py Запрос контакт листа для пользователся KIBORG3
2021-04-13 09:01:50,384 DEBUG transport.py Сформирован запрос {'action': 'get_contacts', 'time': 1618293710.3848333, 'user': 'KIBORG3'}
2021-04-13 09:01:50,802 DEBUG transport.py Получен ответ {'response': 202, 'data_list': ['KIBORG1', 'KIBORG2']}
2021-04-13 09:01:50,804 DEBUG transport.py Получен ответ {'response': 202, 'data_list': ['KIBORG1', 'KIBORG3']}
2021-04-13 09:01:50,806 DEBUG transport.py Получен ответ {'response': 202, 'data_list': ['KIBORG2', 'KIBORG3']}
2021-04-13 09:01:56,379 DEBUG transport.py Запрос списка известных пользователей KIBORG1
2021-04-13 09:01:56,815 DEBUG add_contact.py Обновление списка пользователей с сервера выполнено
2021-04-13 09:02:00,966 DEBUG jimbase.py Сформирован словарь сообщения: {'action': 'message', 'sender': 'KIBORG1', 'to': 'KIBORG2', 'time': 1618293720.9668846, 'mess_text': '333'}
2021-04-13 09:02:00,990 DEBUG main_window.py Отправлено сообщение для KIBORG2: 333
2021-04-13 09:02:01,340 INFO transport.py Получено сообщение от пользователя KIBORG1:
333
2021-04-13 09:02:57,314 INFO client.py Запущен клиент с парамертами: адрес сервера: 127.0.0.1, порт: 7777
2021-04-13 09:02:57,316 INFO client.py Запущен клиент с парамертами: адрес сервера: 127.0.0.1, порт: 7777
2021-04-13 09:02:57,317 INFO client.py Запущен клиент с парамертами: адрес сервера: 127.0.0.1, порт: 7777
2021-04-13 09:02:57,351 DEBUG transport.py Сформировано presence сообщение для пользователя KIBORG1
2021-04-13 09:02:57,353 DEBUG transport.py Сформировано presence сообщение для пользователя KIBORG2
2021-04-13 09:02:57,354 DEBUG transport.py Сформировано presence сообщение для пользователя KIBORG3
2021-04-13 09:02:57,412 DEBUG transport.py Получен ответ от сервера!
2021-04-13 09:02:57,438 DEBUG transport.py Получен ответ от сервера!
2021-04-13 09:02:57,464 DEBUG transport.py Запрос списка известных пользователей KIBORG1
2021-04-13 09:02:57,467 DEBUG transport.py Получен ответ от сервера!
2021-04-13 09:02:57,510 DEBUG transport.py Запрос списка известных пользователей KIBORG2
2021-04-13 09:02:57,516 DEBUG transport.py Запрос списка известных пользователей KIBORG3
2021-04-13 09:02:58,008 DEBUG transport.py Запрос контакт листа для пользователся KIBORG3
2021-04-13 09:02:58,009 DEBUG transport.py Сформирован запрос {'action': 'get_contacts', 'time': 1618293778.0097153, 'user': 'KIBORG3'}
2021-04-13 09:02:58,010 DEBUG transport.py Запрос контакт листа для пользователся KIBORG2
2021-04-13 09:02:58,010 DEBUG transport.py Сформирован запрос {'action': 'get_contacts', 'time': 1618293778.0107172, 'user': 'KIBORG2'}
2021-04-13 09:02:58,011 DEBUG transport.py Запрос контакт листа для пользователся KIBORG1
2021-04-13 09:02:58,011 DEBUG transport.py Сформирован запрос {'action': 'get_contacts', 'time': 1618293778.0117164, 'user': 'KIBORG1'}
2021-04-13 09:02:58,486 DEBUG transport.py Получен ответ {'response': 202, 'data_list': ['KIBORG2', 'KIBORG3']}
2021-04-13 09:02:58,488 DEBUG transport.py Получен ответ {'response': 202, 'data_list': ['KIBORG1', 'KIBORG3']}
2021-04-13 09:02:58,490 DEBUG transport.py Получен ответ {'response': 202, 'data_list': ['KIBORG1', 'KIBORG2']}
2021-04-13 09:03:08,847 DEBUG jimbase.py Сформирован словарь сообщения: {'action': 'message', 'sender': 'KIBORG3', 'to': 'KIBORG2', 'time': 1618293788.8473375, 'mess_text': 'Сам такой\n'}
2021-04-13 09:03:08,868 DEBUG main_window.py Отправлено сообщение для KIBORG2: Сам такой

2021-04-13 09:03:09,142 INFO transport.py Получено сообщение от пользователя KIBORG3:
Сам такой

2021-04-13 09:03:23,832 DEBUG jimbase.py Сформирован словарь сообщения: {'action': 'message', 'sender': 'KIBORG3', 'to': 'KIBORG2', 'time': 1618293803.832338, 'mess_text': '11'}
2021-04-13 09:03:23,855 DEBUG main_window.py Отправлено сообщение для KIBORG2: 11
2021-04-13 09:03:35,553 INFO client.py Запущен клиент с парамертами: адрес сервера: 127.0.0.1, порт: 7777
2021-04-13 09:03:35,570 INFO client.py Запущен клиент с парамертами: адрес сервера: 127.0.0.1, порт: 7777
2021-04-13 09:03:35,586 INFO client.py Запущен клиент с парамертами: адрес сервера: 127.0.0.1, порт: 7777
2021-04-13 09:03:37,582 CRITICAL transport.py Не удалось подключиться к серверу 127.0.0.1:7777, конечный компьютер отверг запрос на подключение.
2021-04-13 09:03:37,598 CRITICAL transport.py Не удалось подключиться к серверу 127.0.0.1:7777, конечный компьютер отверг запрос на подключение.
2021-04-13 09:03:37,616 CRITICAL transport.py Не удалось подключиться к серверу 127.0.0.1:7777, конечный компьютер отверг запрос на подключение.
2021-04-13 09:03:37,644 DEBUG transport.py Запрос списка известных пользователей KIBORG1
2021-04-13 09:03:37,665 DEBUG transport.py Запрос списка известных пользователей KIBORG2
2021-04-13 09:03:37,670 DEBUG transport.py Запрос списка известных пользователей KIBORG3
2021-04-13 09:04:13,297 INFO client.py Запущен клиент с парамертами: адрес сервера: 127.0.0.1, порт: 7777
2021-04-13 09:04:13,320 INFO client.py Запущен клиент с парамертами: адрес сервера: 127.0.0.1, порт: 7777
2021-04-13 09:04:13,325 DEBUG transport.py Сформировано presence сообщение для пользователя KIBORG2
2021-04-13 09:04:13,337 INFO client.py Запущен клиент с парамертами: адрес сервера: 127.0.0.1, порт: 7777
2021-04-13 09:04:13,354 DEBUG transport.py Сформировано presence сообщение для пользователя KIBORG3
2021-04-13 09:04:13,369 DEBUG transport.py Сформировано presence сообщение для пользователя KIBORG1
2021-04-13 09:04:13,385 DEBUG transport.py Получен ответ от сервера!
2021-04-13 09:04:13,410 DEBUG transport.py Получен ответ от сервера!
2021-04-13 09:04:13,465 DEBUG transport.py Запрос списка известных пользователей KIBORG2
2021-04-13 09:04:13,472 DEBUG transport.py Запрос списка известных пользователей KIBORG3
2021-04-13 09:04:13,498 DEBUG transport.py Получен ответ от сервера!
2021-04-13 09:04:13,551 DEBUG transport.py Запрос списка известных пользователей KIBORG1
2021-04-13 09:04:14,040 DEBUG transport.py Запрос контакт листа для пользователся KIBORG1
2021-04-13 09:04:14,040 DEBUG transport.py Сформирован запрос {'action': 'get_contacts', 'time': 1618293854.04099, 'user': 'KIBORG1'}
2021-04-13 09:04:14,041 DEBUG transport.py Запрос контакт листа для пользователся KIBORG3
2021-04-13 09:04:14,041 DEBUG transport.py Сформирован запрос {'action': 'get_contacts', 'time': 1618293854.041989, 'user': 'KIBORG3'}
2021-04-13 09:04:14,048 DEBUG transport.py Запрос контакт листа для пользователся KIBORG2
2021-04-13 09:04:14,048 DEBUG transport.py Сформирован запрос {'action': 'get_contacts', 'time': 1618293854.0489888, 'user': 'KIBORG2'}
2021-04-13 09:04:14,517 DEBUG transport.py Получен ответ {'response': 202, 'data_list': ['KIBORG1', 'KIBORG3']}
2021-04-13 09:04:14,520 DEBUG transport.py Получен ответ {'response': 202, 'data_list': ['KIBORG1', 'KIBORG2']}
2021-04-13 09:04:14,522 DEBUG transport.py Получен ответ {'response': 202, 'data_list': ['KIBORG2', 'KIBORG3']}
2021-04-13 09:04:20,800 DEBUG jimbase.py Сформирован словарь сообщения: {'action': 'message', 'sender': 'KIBORG3', 'to': 'KIBORG2', 'time': 1618293860.8002048, 'mess_text': '22'}
2021-04-13 09:04:20,824 DEBUG main_window.py Отправлено сообщение для KIBORG2: 22
2021-04-13 09:04:22,018 INFO transport.py Получено сообщение от пользователя KIBORG3:
22
2021-04-13 09:04:22,751 DEBUG jimbase.py Сформирован словарь сообщения: {'action': 'message', 'sender': 'KIBORG3', 'to': 'KIBORG2', 'time': 1618293862.7512856, 'mess_text': '33'}
2021-04-13 09:04:22,774 DEBUG main_window.py Отправлено сообщение для KIBORG2: 33
2021-04-13 09:04:23,034 INFO transport.py Получено сообщение от пользователя KIBORG3:
33
2021-04-13 09:04:40,059 DEBUG jimbase.py Сформирован словарь сообщения: {'action': 'message', 'sender': 'KIBORG2', 'to': 'KIBORG3', 'time': 1618293880.0593333, 'mess_text': '11'}
2021-04-13 09:04:40,080 DEBUG main_window.py Отправлено сообщение для KIBORG3: 11
2021-04-13 09:04:40,554 INFO transport.py Получено сообщение от пользователя KIBORG2:
11
2021-04-13 09:04:41,532 DEBUG jimbase.py Сформирован словарь сообщения: {'action': 'message', 'sender': 'KIBORG2', 'to': 'KIBORG3', 'time': 1618293881.5323164, 'mess_text': '22'}
2021-04-13 09:04:41,555 DEBUG main_window.py Отправлено сообщение для KIBORG3: 22
2021-04-13 09:04:49,912 DEBUG jimbase.py Сформирован словарь сообщения: {'action': 'message', 'sender': 'KIBORG2', 'to': 'KIBORG1', 'time': 1618293889.911946, 'mess_text': '44'}
2021-04-13 09:04:49,933 DEBUG main_window.py Отправлено сообщение для KIBORG1: 44
2021-04-13 09:04:50,548 INFO transport.py Получено сообщение от пользователя KIBORG2:
44
2021-04-13 09:04:52,863 DEBUG jimbase.py Сформирован словарь сообщения: {'action': 'message', 'sender': 'KIBORG1', 'to': 'KIBORG2', 'time': 1618293892.8639457, 'mess_text': '55'}
2021-04-13 09:04:52,886 DEBUG main_window.py Отправлено сообщение для KIBORG2: 55
2021-04-13 09:04:54,084 INFO transport.py Получено сообщение от пользователя KIBORG1:
55
2021-04-13 09:10:08,605 INFO client.py Запущен клиент с парамертами: адрес сервера: 127.0.0.1, порт: 7777
2021-04-13 09:10:08,607 INFO client.py Запущен клиент с парамертами: адрес сервера: 127.0.0.1, порт: 7777
2021-04-13 09:10:08,611 INFO client.py Запущен клиент с парамертами: адрес сервера: 127.0.0.1, порт: 7777
2021-04-13 09:10:08,641 DEBUG transport.py Сформировано presence сообщение для пользователя KIBORG2
2021-04-13 09:10:08,642 DEBUG transport.py Сформировано presence сообщение для пользователя KIBORG1
2021-04-13 09:10:08,644 DEBUG transport.py Сформировано presence сообщение для пользователя KIBORG3
2021-04-13 09:10:08,691 DEBUG transport.py Получен ответ от сервера!
2021-04-13 09:10:08,750 DEBUG transport.py Запрос списка известных пользователей KIBORG2
2021-04-13 09:10:08,760 DEBUG transport.py Получен ответ от сервера!
2021-04-13 09:10:08,799 DEBUG transport.py Получен ответ от сервера!
2021-04-13 09:10:08,811 DEBUG transport.py Запрос списка известных пользователей KIBORG1
2021-04-13 09:10:08,813 DEBUG transport.py Запрос контакт листа для пользователся KIBORG2
2021-04-13 09:10:08,813 DEBUG transport.py Сформирован запрос {'action': 'get_contacts', 'time': 1618294208.813301, 'user': 'KIBORG2'}
2021-04-13 09:10:08,871 DEBUG transport.py Запрос списка известных пользователей KIBORG3
2021-04-13 09:10:09,312 DEBUG transport.py Получен ответ {'response': 202, 'data_list': ['KIBORG1', 'KIBORG3']}
2021-04-13 09:10:09,341 DEBUG transport.py Запрос контакт листа для пользователся KIBORG3
2021-04-13 09:10:09,342 DEBUG transport.py Сформирован запрос {'action': 'get_contacts', 'time': 1618294209.3423, 'user': 'KIBORG3'}
2021-04-13 09:10:09,342 DEBUG transport.py Запрос контакт листа для пользователся KIBORG1
2021-04-13 09:10:09,343 DEBUG transport.py Сформирован запрос {'action': 'get_contacts', 'time': 1618294209.3433022, 'user': 'KIBORG1'}
2021-04-13 09:10:09,817 DEBUG transport.py Получен ответ {'response': 202, 'data_list': ['KIBORG2', 'KIBORG3']}
2021-04-13 09:10:09,821 DEBUG transport.py Получен ответ {'response': 202, 'data_list': ['KIBORG1', 'KIBORG2']}
2021-04-13 09:11:24,500 INFO client.py Запущен клиент с парамертами: адрес сервера: 127.0.0.1, порт: 7777
2021-04-13 09:11:24,505 INFO client.py Запущен клиент с парамертами: адрес сервера: 127.0.0.1, порт: 7777
2021-04-13 09:11:24,531 DEBUG transport.py Сформировано presence сообщение для пользователя KIBORG2
2021-04-13 09:11:24,534 DEBUG transport.py Сформировано presence сообщение для пользователя KIBORG1
2021-04-13 09:11:24,577 DEBUG transport.py Получен ответ от сервера!
2021-04-13 09:11:24,597 DEBUG transport.py Получен ответ от сервера!
2021-04-13 09:11:24,624 DEBUG transport.py Запрос списка известных пользователей KIBORG2
2021-04-13 09:11:24,644 DEBUG transport.py Запрос списка известных пользователей KIBORG1
2021-04-13 09:11:25,147 DEBUG transport.py Запрос контакт листа для пользователся KIBORG2
2021-04-13 09:11:25,147 DEBUG transport.py Сформирован запрос {'action': 'get_contacts', 'time': 1618294285.1478806, 'user': 'KIBORG2'}
2021-04-13 09:11:25,152 DEBUG transport.py Запрос контакт листа для пользователся KIBORG1
2021-04-13 09:11:25,152 DEBUG transport.py Сформирован запрос {'action': 'get_contacts', 'time': 1618294285.1528552, 'user': 'KIBORG1'}
2021-04-13 09:11:25,615 DEBUG transport.py Получен ответ {'response': 202, 'data_list': ['KIBORG1', 'KIBORG3']}
2021-04-13 09:11:25,618 DEBUG transport.py Получен ответ {'response': 202, 'data_list': ['KIBORG2', 'KIBORG3']}
2021-04-13 09:12:05,397 INFO client.py Запущен клиент с парамертами: адрес сервера: 127.0.0.1, порт: 7777
2021-04-13 09:12:05,400 INFO client.py Запущен клиент с парамертами: адрес сервера: 127.0.0.1, порт: 7777
2021-04-13 09:12:05,426 DEBUG transport.py Сформировано presence сообщение для пользователя KIBORG2
2021-04-13 09:12:05,429 DEBUG transport.py Сформировано presence сообщение для пользователя KIBORG1
2021-04-13 09:12:05,481 DEBUG transport.py Получен ответ от сервера!
2021-04-13 09:12:05,503 DEBUG transport.py Получен ответ от сервера!
2021-04-13 09:12:05,528 DEBUG transport.py Запрос списка известных пользователей KIBORG2
2021-04-13 09:12:05,551 DEBUG transport.py Запрос списка известных пользователей KIBORG1
2021-04-13 09:12:06,040 DEBUG transport.py Запрос контакт листа для пользователся KIBORG1
2021-04-13 09:12:06,040 DEBUG transport.py Сформирован запрос {'action': 'get_contacts', 'time': 1618294326.0407715, 'user': 'KIBORG1'}
2021-04-13 09:12:06,041 DEBUG transport.py Запрос контакт листа для пользователся KIBORG2
2021-04-13 09:12:06,041 DEBUG transport.py Сформирован запрос {'action': 'get_contacts', 'time': 1618294326.0417705, 'user': 'KIBORG2'}
2021-04-13 09:12:06,520 DEBUG transport.py Получен ответ {'response': 202, 'data_list': ['KIBORG1', 'KIBORG3']}
2021-04-13 09:12:06,522 DEBUG transport.py Получен ответ {'response': 202, 'data_list': ['KIBORG2', 'KIBORG3']}
2021-04-13 09:13:03,650 INFO client.py Запущен клиент с парамертами: адрес сервера: 127.0.0.1, порт: 7777
2021-04-13 09:13:03,660 INFO client.py Запущен клиент с парамертами: адрес сервера: 127.0.0.1, порт: 7777
2021-04-13 09:13:03,687 DEBUG transport.py Сформировано presence сообщение для пользователя KIBORG1
2021-04-13 09:13:03,696 DEBUG transport.py Сформировано presence сообщение для пользователя KIBORG2
2021-04-13 09:13:03,714 DEBUG transport.py Получен ответ от сервера!
2021-04-13 09:13:03,736 DEBUG transport.py Получен ответ от сервера!
2021-04-13 09:13:03,762 DEBUG transport.py Запрос списка известных пользователей KIBORG1
2021-04-13 09:13:03,781 DEBUG transport.py Запрос списка известных пользователей KIBORG2
2021-04-13 09:13:04,270 DEBUG transport.py Запрос контакт листа для пользователся KIBORG1
2021-04-13 09:13:04,270 DEBUG transport.py Сформирован запрос {'action': 'get_contacts', 'time': 1618294384.2703114, 'user': 'KIBORG1'}
2021-04-13 09:13:04,277 DEBUG transport.py Запрос контакт листа для пользователся KIBORG2
2021-04-13 09:13:04,277 DEBUG transport.py Сформирован запрос {'action': 'get_contacts', 'time': 1618294384.2773106, 'user': 'KIBORG2'}
2021-04-13 09:13:04,753 DEBUG transport.py Получен ответ {'response': 202, 'data_list': ['KIBORG2', 'KIBORG3']}
2021-04-13 09:13:04,756 DEBUG transport.py Получен ответ {'response': 202, 'data_list': ['KIBORG1', 'KIBORG3']}
2021-04-13 09:13:49,503 INFO client.py Запущен клиент с парамертами: адрес сервера: 127.0.0.1, порт: 7777
2021-04-13 09:13:49,510 INFO client.py Запущен клиент с парамертами: адрес сервера: 127.0.0.1, порт: 7777
2021-04-13 09:13:49,534 DEBUG transport.py Сформировано presence сообщение для пользователя KIBORG1
2021-04-13 09:13:49,539 DEBUG transport.py Сформировано presence сообщение для пользователя KIBORG2
2021-04-13 09:13:49,582 DEBUG transport.py Получен ответ от сервера!
2021-04-13 09:13:49,604 DEBUG transport.py Получен ответ от сервера!
2021-04-13 09:13:49,633 DEBUG transport.py Запрос списка известных пользователей KIBORG1
2021-04-13 09:13:49,663 DEBUG transport.py Запрос списка известных пользователей KIBORG2
2021-04-13 09:13:50,193 DEBUG transport.py Запрос контакт листа для пользователся KIBORG1
2021-04-13 09:13:50,193 DEBUG transport.py Сформирован запрос {'action': 'get_contacts', 'time': 1618294430.1932755, 'user': 'KIBORG1'}
2021-04-13 09:13:50,197 DEBUG transport.py Запрос контакт листа для пользователся KIBORG2
2021-04-13 09:13:50,197 DEBUG transport.py Сформирован запрос {'action': 'get_contacts', 'time': 1618294430.1972752, 'user': 'KIBORG2'}
2021-04-13 09:13:50,627 DEBUG transport.py Получен ответ {'response': 202, 'data_list': ['KIBORG2', 'KIBORG3']}
2021-04-13 09:13:50,629 DEBUG transport.py Получен ответ {'response': 202, 'data_list': ['KIBORG1', 'KIBORG3']}
2021-04-13 09:14:58,269 INFO client.py Запущен клиент с парамертами: адрес сервера: 127.0.0.1, порт: 7777
2021-04-13 09:14:58,274 INFO client.py Запущен клиент с парамертами: адрес сервера: 127.0.0.1, порт: 7777
2021-04-13 09:14:58,275 INFO client.py Запущен клиент с парамертами: адрес сервера: 127.0.0.1, порт: 7777
2021-04-13 09:15:00,306 CRITICAL transport.py Не удалось подключиться к серверу 127.0.0.1:7777, конечный компьютер отверг запрос на подключение.
2021-04-13 09:15:00,311 CRITICAL transport.py Не удалось подключиться к серверу 127.0.0.1:7777, конечный компьютер отверг запрос на подключение.
2021-04-13 09:15:00,322 CRITICAL transport.py Не удалось подключиться к серверу 127.0.0.1:7777, конечный компьютер отверг запрос на подключение.
2021-04-13 09:15:00,356 DEBUG transport.py Запрос списка известных пользователей KIBORG3
2021-04-13 09:15:00,362 DEBUG transport.py Запрос списка известных пользователей KIBORG2
2021-04-13 09:15:00,381 DEBUG transport.py Запрос списка известных пользователей KIBORG1
2021-04-13 09:15:13,624 INFO client.py Запущен клиент с парамертами: адрес сервера: 127.0.0.1, порт: 7777
2021-04-13 09:15:13,626 INFO client.py Запущен клиент с парамертами: адрес сервера: 127.0.0.1, порт: 7777
2021-04-13 09:15:13,652 INFO client.py Запущен клиент с парамертами: адрес сервера: 127.0.0.1, порт: 7777
2021-04-13 09:15:13,653 DEBUG transport.py Сформировано presence сообщение для пользователя KIBORG3
2021-04-13 09:15:13,655 DEBUG transport.py Сформировано presence сообщение для пользователя KIBORG1
2021-04-13 09:15:13,684 DEBUG transport.py Сформировано presence сообщение для пользователя KIBORG2
2021-04-13 09:15:13,707 DEBUG transport.py Получен ответ от сервера!
2021-04-13 09:15:13,728 DEBUG transport.py Получен ответ от сервера!
2021-04-13 09:15:13,778 DEBUG transport.py Запрос списка известных пользователей KIBORG3
2021-04-13 09:15:13,792 DEBUG transport.py Запрос списка известных пользователей KIBORG1
2021-04-13 09:15:13,797 DEBUG transport.py Получен ответ от сервера!
2021-04-13 09:15:13,855 DEBUG transport.py Запрос списка известных пользователей KIBORG2
2021-04-13 09:15:14,336 DEBUG transport.py Запрос контакт листа для пользователся KIBORG1
2021-04-13 09:15:14,336 DEBUG transport.py Сформирован запрос {'action': 'get_contacts', 'time': 1618294514.3364327, 'user': 'KIBORG1'}
2021-04-13 09:15:14,337 DEBUG transport.py Запрос контакт листа для пользователся KIBORG2
2021-04-13 09:15:14,337 DEBUG transport.py Сформирован запрос {'action': 'get_contacts', 'time': 1618294514.3374329, 'user': 'KIBORG2'}
2021-04-13 09:15:14,338 DEBUG transport.py Запрос контакт листа для пользователся KIBORG3
2021-04-13 09:15:14,339 DEBUG transport.py Сформирован запрос {'action': 'get_contacts', 'time': 1618294514.3394325, 'user': 'KIBORG3'}
2021-04-13 09:15:14,815 DEBUG transport.py Получен ответ {'response': 202, 'data_list': ['KIBORG1', 'KIBORG2']}
2021-04-13 09:15:14,818 DEBUG transport.py Получен ответ {'response': 202, 'data_list': ['KIBORG2', 'KIBORG3']}
2021-04-13 09:15:14,820 DEBUG transport.py Получен ответ {'response': 202, 'data_list': ['KIBORG1', 'KIBORG3']}
2021-04-13 09:17:14,185 INFO client.py Запущен клиент с парамертами: адрес сервера: 127.0.0.1, порт: 7777
2021-04-13 09:17:14,189 INFO client.py Запущен клиент с парамертами: адрес сервера: 127.0.0.1, порт: 7777
2021-04-13 09:17:14,192 INFO client.py Запущен клиент с парамертами: адрес сервера: 127.0.0.1, порт: 7777
2021-04-13 09:17:16,236 CRITICAL transport.py Не удалось подключиться к серверу 127.0.0.1:7777, конечный компьютер отверг запрос на подключение.
2021-04-13 09:17:16,237 CRITICAL transport.py Не удалось подключиться к серверу 127.0.0.1:7777, конечный компьютер отверг запрос на подключение.
2021-04-13 09:17:16,239 CRITICAL transport.py Не удалось подключиться к серверу 127.0.0.1:7777, конечный компьютер отверг запрос на подключение.
2021-04-13 09:17:16,290 DEBUG transport.py Запрос списка известных пользователей KIBORG2
2021-04-13 09:17:16,296 DEBUG transport.py Запрос списка известных пользователей KIBORG3
2021-04-13 09:17:16,298 DEBUG transport.py Запрос списка известных пользователей KIBORG1
2021-04-13 09:17:28,187 INFO client.py Запущен клиент с парамертами: адрес сервера: 127.0.0.1, порт: 7777
2021-04-13 09:17:28,195 INFO client.py Запущен клиент с парамертами: адрес сервера: 127.0.0.1, порт: 7777
2021-04-13 09:17:28,196 INFO client.py Запущен клиент с парамертами: адрес сервера: 127.0.0.1, порт: 7777
2021-04-13 09:17:28,225 DEBUG transport.py Сформировано presence сообщение для пользователя KIBORG1
2021-04-13 09:17:28,236 DEBUG transport.py Сформировано presence сообщение для пользователя KIBORG3
2021-04-13 09:17:28,236 DEBUG transport.py Сформировано presence сообщение для пользователя KIBORG2
2021-04-13 09:17:28,283 DEBUG transport.py Получен ответ от сервера!
2021-04-13 09:17:28,356 DEBUG transport.py Запрос списка известных пользователей KIBORG1
2021-04-13 09:17:28,358 DEBUG transport.py Получен ответ от сервера!
2021-04-13 09:17:28,410 DEBUG transport.py Получен ответ от сервера!
2021-04-13 09:17:28,432 DEBUG transport.py Запрос контакт листа для пользователся KIBORG1
2021-04-13 09:17:28,432 DEBUG transport.py Сформирован запрос {'action': 'get_contacts', 'time': 1618294648.4324644, 'user': 'KIBORG1'}
2021-04-13 09:17:28,438 DEBUG transport.py Запрос списка известных пользователей KIBORG3
2021-04-13 09:17:28,488 DEBUG transport.py Запрос списка известных пользователей KIBORG2
2021-04-13 09:17:28,925 DEBUG transport.py Получен ответ {'response': 202, 'data_list': ['KIBORG2', 'KIBORG3']}
2021-04-13 09:17:28,956 DEBUG transport.py Запрос контакт листа для пользователся KIBORG2
2021-04-13 09:17:28,957 DEBUG transport.py Сформирован запрос {'action': 'get_contacts', 'time': 1618294648.9574661, 'user': 'KIBORG2'}
2021-04-13 09:17:28,966 DEBUG transport.py Запрос контакт листа для пользователся KIBORG3
2021-04-13 09:17:28,966 DEBUG transport.py Сформирован запрос {'action': 'get_contacts', 'time': 1618294648.9664643, 'user': 'KIBORG3'}
2021-04-13 09:17:29,430 DEBUG transport.py Получен ответ {'response': 202, 'data_list': ['KIBORG1', 'KIBORG2']}
2021-04-13 09:17:29,434 DEBUG transport.py Получен ответ {'response': 202, 'data_list': ['KIBORG1', 'KIBORG3']}
2021-04-13 09:17:37,703 DEBUG jimbase.py Сформирован словарь сообщения: {'action': 'message', 'sender': 'KIBORG2', 'to': 'KIBORG1', 'time': 1618294657.7038233, 'mess_text': '123\n'}
2021-04-13 09:17:37,729 DEBUG main_window.py Отправлено сообщение для KIBORG1: 123

2021-04-13 09:17:38,934 INFO transport.py Получено сообщение от пользователя KIBORG2:
123

2021-04-13 09:17:40,471 DEBUG jimbase.py Сформирован словарь сообщения: {'action': 'message', 'sender': 'KIBORG2', 'to': 'KIBORG1', 'time': 1618294660.4718802, 'mess_text': '456\n'}
2021-04-13 09:17:40,493 DEBUG main_window.py Отправлено сообщение для KIBORG1: 456

2021-04-13 09:17:41,447 INFO transport.py Получено сообщение от пользователя KIBORG2:
456

2021-04-13 09:17:43,839 DEBUG jimbase.py Сформирован словарь сообщения: {'action': 'message', 'sender': 'KIBORG2', 'to': 'KIBORG1', 'time': 1618294663.8391056, 'mess_text': '789\n'}
2021-04-13 09:17:43,863 DEBUG main_window.py Отправлено сообщение для KIBORG1: 789

2021-04-13 09:17:43,969 INFO transport.py Получено сообщение от пользователя KIBORG2:
789

2021-04-13 09:18:56,359 INFO client.py Запущен клиент с парамертами: адрес сервера: 127.0.0.1, порт: 7777
2021-04-13 09:18:56,367 INFO client.py Запущен клиент с парамертами: адрес сервера: 127.0.0.1, порт: 7777
2021-04-13 09:18:56,397 DEBUG transport.py Сформировано presence сообщение для пользователя KIBORG1
2021-04-13 09:18:56,400 INFO client.py Запущен клиент с парамертами: адрес сервера: 127.0.0.1, порт: 7777
2021-04-13 09:18:56,403 DEBUG transport.py Сформировано presence сообщение для пользователя KIBORG2
2021-04-13 09:18:56,426 DEBUG transport.py Сформировано presence сообщение для пользователя KIBORG3
2021-04-13 09:18:56,459 DEBUG transport.py Получен ответ от сервера!
2021-04-13 09:18:56,480 DEBUG transport.py Получен ответ от сервера!
2021-04-13 09:18:56,518 DEBUG transport.py Запрос списка известных пользователей KIBORG1
2021-04-13 09:18:56,530 DEBUG transport.py Запрос списка известных пользователей KIBORG2
2021-04-13 09:18:56,544 DEBUG transport.py Получен ответ от сервера!
2021-04-13 09:18:56,594 DEBUG transport.py Запрос списка известных пользователей KIBORG3
2021-04-13 09:18:57,085 DEBUG transport.py Запрос контакт листа для пользователся KIBORG2
2021-04-13 09:18:57,085 DEBUG transport.py Сформирован запрос {'action': 'get_contacts', 'time': 1618294737.0858867, 'user': 'KIBORG2'}
2021-04-13 09:18:57,085 DEBUG transport.py Запрос контакт листа для пользователся KIBORG3
2021-04-13 09:18:57,086 DEBUG transport.py Сформирован запрос {'action': 'get_contacts', 'time': 1618294737.086844, 'user': 'KIBORG3'}
2021-04-13 09:18:57,087 DEBUG transport.py Запрос контакт листа для пользователся KIBORG1
2021-04-13 09:18:57,087 DEBUG transport.py Сформирован запрос {'action': 'get_contacts', 'time': 1618294737.087862, 'user': 'KIBORG1'}
2021-04-13 09:18:57,563 DEBUG transport.py Получен ответ {'response': 202, 'data_list': ['KIBORG2', 'KIBORG3']}
2021-04-13 09:18:57,565 DEBUG transport.py Получен ответ {'response': 202, 'data_list': ['KIBORG1', 'KIBORG3']}
2021-04-13 09:18:57,567 DEBUG transport.py Получен ответ {'response': 202, 'data_list': ['KIBORG1', 'KIBORG2']}
2021-04-13 09:19:03,429 DEBUG jimbase.py Сформирован словарь сообщения: {'action': 'message', 'sender': 'KIBORG3', 'to': 'KIBORG1', 'time': 1618294743.4298897, 'mess_text': '1'}
2021-04-13 09:19:03,454 DEBUG main_window.py Отправлено сообщение для KIBORG1: 1
2021-04-13 09:19:03,614 INFO transport.py Получено сообщение от пользователя KIBORG3:
1
2021-04-13 09:19:07,542 DEBUG jimbase.py Сформирован словарь сообщения: {'action': 'message', 'sender': 'KIBORG3', 'to': 'KIBORG1', 'time': 1618294747.5429335, 'mess_text': 'gfg'}
2021-04-13 09:19:07,564 DEBUG main_window.py Отправлено сообщение для KIBORG1: gfg
2021-04-13 09:19:09,614 DEBUG jimbase.py Сформирован словарь сообщения: {'action': 'message', 'sender': 'KIBORG3', 'to': 'KIBORG1', 'time': 1618294749.6148896, 'mess_text': 'trtr'}
2021-04-13 09:19:09,637 DEBUG main_window.py Отправлено сообщение для KIBORG1: trtr
2021-04-13 09:19:10,639 DEBUG jimbase.py Сформирован словарь сообщения: {'action': 'message', 'sender': 'KIBORG3', 'to': 'KIBORG1', 'time': 1618294750.63989, 'mess_text': 'w'}
2021-04-13 09:19:10,661 DEBUG main_window.py Отправлено сообщение для KIBORG1: w
2021-04-13 09:19:14,254 DEBUG jimbase.py Сформирован словарь сообщения: {'action': 'message', 'sender': 'KIBORG3', 'to': 'KIBORG1', 'time': 1618294754.2549424, 'mess_text': 'trt\nrtr\nrt'}
2021-04-13 09:19:14,277 DEBUG main_window.py Отправлено сообщение для KIBORG1: trt
rtr
rt
2021-04-13 09:32:33,830 INFO client.py Запущен клиент с парамертами: адрес сервера: 127.0.0.1, порт: 7777
2021-04-13 09:32:33,833 INFO client.py Запущен клиент с парамертами: адрес сервера: 127.0.0.1, порт: 7777
2021-04-13 09:32:33,858 DEBUG transport.py Сформировано presence сообщение для пользователя KIBORG1
2021-04-13 09:32:33,860 DEBUG transport.py Сформировано presence сообщение для пользователя KIBORG2
2021-04-13 09:32:33,907 DEBUG transport.py Получен ответ от сервера!
2021-04-13 09:32:33,928 DEBUG transport.py Получен ответ от сервера!
2021-04-13 09:32:33,974 DEBUG transport.py Запрос списка известных пользователей KIBORG2
2021-04-13 09:32:33,976 DEBUG transport.py Запрос списка известных пользователей KIBORG1
2021-04-13 09:32:34,467 DEBUG transport.py Запрос контакт листа для пользователся KIBORG2
2021-04-13 09:32:34,468 DEBUG transport.py Сформирован запрос {'action': 'get_contacts', 'time': 1618295554.4681287, 'user': 'KIBORG2'}
2021-04-13 09:32:34,470 DEBUG transport.py Запрос контакт листа для пользователся KIBORG1
2021-04-13 09:32:34,471 DEBUG transport.py Сформирован запрос {'action': 'get_contacts', 'time': 1618295554.4711285, 'user': 'KIBORG1'}
2021-04-13 09:32:34,949 DEBUG transport.py Получен ответ {'response': 202, 'data_list': ['KIBORG2', 'KIBORG3']}
2021-04-13 09:32:34,951 DEBUG transport.py Получен ответ {'response': 202, 'data_list': ['KIBORG1', 'KIBORG3']}
2021-04-13 09:32:47,239 DEBUG jimbase.py Сформирован словарь сообщения: {'action': 'message', 'sender': 'KIBORG2', 'to': 'KIBORG1', 'time': 1618295567.2390213, 'mess_text': 'ЗДОРОВО'}
2021-04-13 09:32:47,265 DEBUG main_window.py Отправлено сообщение для KIBORG1: ЗДОРОВО
2021-04-13 09:32:48,312 INFO transport.py Получено сообщение от пользователя KIBORG2:
ЗДОРОВО
2021-04-13 09:32:51,641 DEBUG jimbase.py Сформирован словарь сообщения: {'action': 'message', 'sender': 'KIBORG1', 'to': 'KIBORG2', 'time': 1618295571.641022, 'mess_text': 'ну привет'}
2021-04-13 09:32:51,664 DEBUG main_window.py Отправлено сообщение для KIBORG2: ну привет
2021-04-13 09:32:52,796 INFO transport.py Получено сообщение от пользователя KIBORG1:
ну привет
2021-04-13 09:32:58,799 DEBUG jimbase.py Сформирован словарь сообщения: {'action': 'message', 'sender': 'KIBORG1', 'to': 'KIBORG2', 'time': 1618295578.7991133, 'mess_text': 'как дела'}
2021-04-13 09:32:58,822 DEBUG main_window.py Отправлено сообщение для KIBORG2: как дела
2021-04-13 09:33:00,430 DEBUG jimbase.py Сформирован словарь сообщения: {'action': 'message', 'sender': 'KIBORG1', 'to': 'KIBORG2', 'time': 1618295580.4301383, 'mess_text': 'как дела'}
2021-04-13 09:33:00,453 DEBUG main_window.py Отправлено сообщение для KIBORG2: как дела
2021-04-13 09:33:01,567 DEBUG jimbase.py Сформирован словарь сообщения: {'action': 'message', 'sender': 'KIBORG1', 'to': 'KIBORG2', 'time': 1618295581.5671132, 'mess_text': 'как дела'}
2021-04-13 09:33:01,592 DEBUG main_window.py Отправлено сообщение для KIBORG2: как дела
2021-04-13 22:29:19,181 INFO client.py Запущен клиент с парамертами: адрес сервера: 127.0.0.1, порт: 7777
2021-04-13 22:29:19,184 INFO client.py Запущен клиент с парамертами: адрес сервера: 127.0.0.1, порт: 7777
2021-04-13 22:29:21,214 CRITICAL transport.py Не удалось подключиться к серверу 127.0.0.1:7777, конечный компьютер отверг запрос на подключение.
2021-04-13 22:29:21,218 CRITICAL transport.py Не удалось подключиться к серверу 127.0.0.1:7777, конечный компьютер отверг запрос на подключение.
2021-04-13 22:29:21,271 DEBUG transport.py Запрос списка известных пользователей KIBORG2
2021-04-13 22:29:21,271 CRITICAL client.py Необработанная ошибка: 'NoneType' object has no attribute 'send_message'
2021-04-13 22:29:21,274 DEBUG transport.py Запрос списка известных пользователей KIBORG1
2021-04-13 22:29:21,274 CRITICAL client.py Необработанная ошибка: 'NoneType' object has no attribute 'send_message'
2021-04-13 22:30:44,916 INFO client.py Запущен клиент с парамертами: адрес сервера: 127.0.0.1, порт: 7777
2021-04-13 22:30:44,947 INFO client.py Запущен клиент с парамертами: адрес сервера: 127.0.0.1, порт: 7777
2021-04-13 22:30:46,946 CRITICAL transport.py Не удалось подключиться к серверу 127.0.0.1:7777, конечный компьютер отверг запрос на подключение.
2021-04-13 22:30:46,974 CRITICAL transport.py Не удалось подключиться к серверу 127.0.0.1:7777, конечный компьютер отверг запрос на подключение.
2021-04-13 22:30:47,005 DEBUG transport.py Запрос списка известных пользователей KIBORG1
2021-04-13 22:30:47,005 CRITICAL client.py Необработанная ошибка: 'NoneType' object has no attribute 'send_message'
2021-04-13 22:30:47,039 DEBUG transport.py Запрос списка известных пользователей KIBORG2
2021-04-13 22:30:47,039 CRITICAL client.py Необработанная ошибка: 'NoneType' object has no attribute 'send_message'
2021-04-13 22:31:20,478 INFO client.py Запущен клиент с парамертами: адрес сервера: 127.0.0.1, порт: 7777
2021-04-13 22:31:20,503 INFO client.py Запущен клиент с парамертами: адрес сервера: 127.0.0.1, порт: 7777
2021-04-13 22:31:20,508 DEBUG transport.py Сформировано presence сообщение для пользователя KIBORG1
2021-04-13 22:31:20,525 INFO client.py Запущен клиент с парамертами: адрес сервера: 127.0.0.1, порт: 7777
2021-04-13 22:31:20,538 DEBUG transport.py Сформировано presence сообщение для пользователя KIBORG3
2021-04-13 22:31:20,555 DEBUG transport.py Сформировано presence сообщение для пользователя KIBORG2
2021-04-13 22:31:20,564 DEBUG transport.py Получен ответ от сервера!
2021-04-13 22:31:20,587 DEBUG transport.py Получен ответ от сервера!
2021-04-13 22:31:20,614 DEBUG transport.py Получен ответ от сервера!
2021-04-13 22:31:20,640 DEBUG transport.py Запрос списка известных пользователей KIBORG1
2021-04-13 22:31:20,654 DEBUG transport.py Запрос списка известных пользователей KIBORG3
2021-04-13 22:31:20,675 DEBUG transport.py Запрос списка известных пользователей KIBORG2
2021-04-13 22:31:21,155 DEBUG transport.py Запрос контакт листа для пользователся KIBORG2
2021-04-13 22:31:21,155 DEBUG transport.py Сформирован запрос {'action': 'get_contacts', 'time': 1618342281.1552222, 'user': 'KIBORG2'}
2021-04-13 22:31:21,155 DEBUG transport.py Запрос контакт листа для пользователся KIBORG1
2021-04-13 22:31:21,156 DEBUG transport.py Сформирован запрос {'action': 'get_contacts', 'time': 1618342281.1562214, 'user': 'KIBORG1'}
2021-04-13 22:31:21,160 DEBUG transport.py Запрос контакт листа для пользователся KIBORG3
2021-04-13 22:31:21,160 DEBUG transport.py Сформирован запрос {'action': 'get_contacts', 'time': 1618342281.160224, 'user': 'KIBORG3'}
2021-04-13 22:31:21,632 DEBUG transport.py Получен ответ {'response': 202, 'data_list': ['KIBORG2', 'KIBORG3']}
2021-04-13 22:31:21,633 DEBUG transport.py Получен ответ {'response': 202, 'data_list': ['KIBORG1', 'KIBORG2']}
2021-04-13 22:31:21,635 DEBUG transport.py Получен ответ {'response': 202, 'data_list': ['KIBORG1', 'KIBORG3']}
2021-04-13 22:31:38,528 DEBUG jimbase.py Сформирован словарь сообщения: {'action': 'message', 'sender': 'KIBORG3', 'to': 'KIBORG2', 'time': 1618342298.5282242, 'mess_text': 'Я доберусь до тебя, позор киборгов!'}
2021-04-13 22:31:38,552 DEBUG main_window.py Отправлено сообщение для KIBORG2: Я доберусь до тебя, позор киборгов!
2021-04-13 22:31:39,621 INFO transport.py Получено сообщение от пользователя KIBORG3:
Я доберусь до тебя, позор киборгов!
2021-04-13 22:32:02,633 DEBUG jimbase.py Сформирован словарь сообщения: {'action': 'message', 'sender': 'KIBORG1', 'to': 'KIBORG3', 'time': 1618342322.6321394, 'mess_text': 'Манипуляторы коротки'}
2021-04-13 22:32:02,663 DEBUG main_window.py Отправлено сообщение для KIBORG3: Манипуляторы коротки
2021-04-13 22:32:02,688 INFO transport.py Получено сообщение от пользователя KIBORG1:
Манипуляторы коротки
2021-04-13 22:32:44,387 DEBUG jimbase.py Сформирован словарь сообщения: {'action': 'message', 'sender': 'KIBORG2', 'to': 'KIBORG3', 'time': 1618342364.3878064, 'mess_text': 'Ты айпи не попутал?'}
2021-04-13 22:32:44,418 DEBUG main_window.py Отправлено сообщение для KIBORG3: Ты айпи не попутал?
2021-04-13 22:33:03,124 DEBUG jimbase.py Сформирован словарь сообщения: {'action': 'message', 'sender': 'KIBORG2', 'to': 'KIBORG1', 'time': 1618342383.124849, 'mess_text': 'Видел этого ненормального третьего?'}
2021-04-13 22:33:03,147 DEBUG main_window.py Отправлено сообщение для KIBORG1: Видел этого ненормального третьего?
2021-04-13 22:33:03,712 INFO transport.py Получено сообщение от пользователя KIBORG2:
Видел этого ненормального третьего?
2021-04-13 22:33:15,520 DEBUG jimbase.py Сформирован словарь сообщения: {'action': 'message', 'sender': 'KIBORG1', 'to': 'KIBORG2', 'time': 1618342395.5205705, 'mess_text': 'Ага, спамит почему-то меня постоянно'}
2021-04-13 22:33:15,544 DEBUG main_window.py Отправлено сообщение для KIBORG2: Ага, спамит почему-то меня постоянно
2021-04-13 22:33:16,732 INFO transport.py Получено сообщение от пользователя KIBORG1:
Ага, спамит почему-то меня постоянно
2021-04-13 22:50:50,656 INFO client.py Запущен клиент с парамертами: адрес сервера: 127.0.0.1, порт: 7777
2021-04-13 22:50:50,677 INFO client.py Запущен клиент с парамертами: адрес сервера: 127.0.0.1, порт: 7777
2021-04-13 22:50:50,691 DEBUG transport.py Сформировано presence сообщение для пользователя KIBORG2
2021-04-13 22:50:50,714 DEBUG transport.py Сформировано presence сообщение для пользователя KIBORG1
2021-04-13 22:50:50,746 DEBUG transport.py Получен ответ от сервера!
2021-04-13 22:50:50,778 DEBUG transport.py Получен ответ от сервера!
2021-04-13 22:50:50,845 DEBUG transport.py Запрос списка известных пользователей KIBORG2
2021-04-13 22:50:50,877 DEBUG transport.py Запрос списка известных пользователей KIBORG1
2021-04-13 22:50:51,332 DEBUG transport.py Запрос контакт листа для пользователся KIBORG1
2021-04-13 22:50:51,332 DEBUG transport.py Сформирован запрос {'action': 'get_contacts', 'time': 1618343451.3324096, 'user': 'KIBORG1'}
2021-04-13 22:50:51,358 DEBUG transport.py Запрос контакт листа для пользователся KIBORG2
2021-04-13 22:50:51,358 DEBUG transport.py Сформирован запрос {'action': 'get_contacts', 'time': 1618343451.3583584, 'user': 'KIBORG2'}
2021-04-13 22:50:51,802 DEBUG transport.py Получен ответ {'response': 202, 'data_list': ['KIBORG1', 'KIBORG3']}
2021-04-13 22:50:51,805 DEBUG transport.py Получен ответ {'response': 202, 'data_list': ['KIBORG2', 'KIBORG3']}
2021-04-13 22:50:57,273 CRITICAL transport.py Потеряно соединение с сервером.
2021-04-13 22:50:57,306 CRITICAL transport.py Потеряно соединение с сервером.
2021-04-13 22:52:58,508 INFO client.py Запущен клиент с парамертами: адрес сервера: 127.0.0.1, порт: 7777
2021-04-13 22:52:58,517 INFO client.py Запущен клиент с парамертами: адрес сервера: 127.0.0.1, порт: 7777
2021-04-13 22:52:58,536 DEBUG transport.py Сформировано presence сообщение для пользователя KIBORG1
2021-04-13 22:52:58,543 DEBUG transport.py Сформировано presence сообщение для пользователя KIBORG2
2021-04-13 22:52:58,562 DEBUG transport.py Получен ответ от сервера!
2021-04-13 22:52:58,605 DEBUG transport.py Запрос списка известных пользователей KIBORG1
2021-04-13 22:52:58,636 DEBUG transport.py Получен ответ от сервера!
2021-04-13 22:52:58,685 DEBUG transport.py Запрос списка известных пользователей KIBORG2
2021-04-13 22:52:59,180 DEBUG transport.py Запрос контакт листа для пользователся KIBORG2
2021-04-13 22:52:59,180 DEBUG transport.py Сформирован запрос {'action': 'get_contacts', 'time': 1618343579.1808908, 'user': 'KIBORG2'}
2021-04-13 22:52:59,268 DEBUG transport.py Запрос контакт листа для пользователся KIBORG1
2021-04-13 22:52:59,268 DEBUG transport.py Сформирован запрос {'action': 'get_contacts', 'time': 1618343579.2688906, 'user': 'KIBORG1'}
2021-04-13 22:52:59,655 DEBUG transport.py Получен ответ {'response': 202, 'data_list': ['KIBORG2', 'KIBORG3']}
2021-04-13 22:52:59,657 DEBUG transport.py Получен ответ {'response': 202, 'data_list': ['KIBORG1', 'KIBORG3']}
2021-04-13 22:53:45,544 CRITICAL transport.py Потеряно соединение с сервером.
2021-04-13 22:53:46,503 CRITICAL transport.py Потеряно соединение с сервером.
2021-04-13 22:53:52,121 INFO client.py Запущен клиент с парамертами: адрес сервера: 127.0.0.1, порт: 7777
2021-04-13 22:53:52,136 INFO client.py Запущен клиент с парамертами: адрес сервера: 127.0.0.1, порт: 7777
2021-04-13 22:53:52,153 DEBUG transport.py Сформировано presence сообщение для пользователя KIBORG1
2021-04-13 22:53:52,170 DEBUG transport.py Сформировано presence сообщение для пользователя KIBORG2
2021-04-13 22:53:52,209 DEBUG transport.py Получен ответ от сервера!
2021-04-13 22:53:52,235 DEBUG transport.py Получен ответ от сервера!
2021-04-13 22:53:52,259 DEBUG transport.py Запрос списка известных пользователей KIBORG1
2021-04-13 22:53:52,285 DEBUG transport.py Запрос списка известных пользователей KIBORG2
2021-04-13 22:53:52,770 DEBUG transport.py Запрос контакт листа для пользователся KIBORG2
2021-04-13 22:53:52,770 DEBUG transport.py Сформирован запрос {'action': 'get_contacts', 'time': 1618343632.770717, 'user': 'KIBORG2'}
2021-04-13 22:53:52,779 DEBUG transport.py Запрос контакт листа для пользователся KIBORG1
2021-04-13 22:53:52,780 DEBUG transport.py Сформирован запрос {'action': 'get_contacts', 'time': 1618343632.7807162, 'user': 'KIBORG1'}
2021-04-13 22:53:53,253 DEBUG transport.py Получен ответ {'response': 202, 'data_list': ['KIBORG2', 'KIBORG3']}
2021-04-13 22:53:53,256 DEBUG transport.py Получен ответ {'response': 202, 'data_list': ['KIBORG1', 'KIBORG3']}
2021-04-13 22:55:53,856 CRITICAL transport.py Потеряно соединение с сервером.
2021-04-13 22:55:53,900 CRITICAL transport.py Потеряно соединение с сервером.
2021-04-13 22:56:49,582 INFO client.py Запущен клиент с парамертами: адрес сервера: 127.0.0.1, порт: 7777
2021-04-13 22:56:49,616 INFO client.py Запущен клиент с парамертами: адрес сервера: 127.0.0.1, порт: 7777
2021-04-13 22:56:49,628 DEBUG transport.py Сформировано presence сообщение для пользователя KIBORG2
2021-04-13 22:56:49,657 DEBUG transport.py Сформировано presence сообщение для пользователя KIBORG1
2021-04-13 22:56:49,685 DEBUG transport.py Получен ответ от сервера!
2021-04-13 22:56:49,717 DEBUG transport.py Получен ответ от сервера!
2021-04-13 22:56:49,816 DEBUG transport.py Запрос списка известных пользователей KIBORG2
2021-04-13 22:56:49,816 DEBUG transport.py Запрос списка известных пользователей KIBORG1
2021-04-13 22:56:50,267 DEBUG transport.py Запрос контакт листа для пользователся KIBORG1
2021-04-13 22:56:50,267 DEBUG transport.py Сформирован запрос {'action': 'get_contacts', 'time': 1618343810.2678475, 'user': 'KIBORG1'}
2021-04-13 22:56:50,275 DEBUG transport.py Запрос контакт листа для пользователся KIBORG2
2021-04-13 22:56:50,276 DEBUG transport.py Сформирован запрос {'action': 'get_contacts', 'time': 1618343810.2758455, 'user': 'KIBORG2'}
2021-04-13 22:56:50,739 DEBUG transport.py Получен ответ {'response': 202, 'data_list': ['KIBORG1', 'KIBORG3']}
2021-04-13 22:56:50,742 DEBUG transport.py Получен ответ {'response': 202, 'data_list': ['KIBORG2', 'KIBORG3']}
2021-04-13 22:57:03,888 DEBUG jimbase.py Сформирован словарь сообщения: {'action': 'message', 'sender': 'KIBORG1', 'to': 'KIBORG2', 'time': 1618343823.8881538, 'mess_text': 'проверка'}
2021-04-13 22:57:03,917 DEBUG main_window.py Отправлено сообщение для KIBORG2: проверка
2021-04-13 22:57:04,579 INFO transport.py Получено сообщение от пользователя KIBORG1:
проверка
2021-04-13 22:57:11,927 DEBUG jimbase.py Сформирован словарь сообщения: {'action': 'message', 'sender': 'KIBORG2', 'to': 'KIBORG1', 'time': 1618343831.9275231, 'mess_text': 'а ну'}
2021-04-13 22:57:11,958 DEBUG main_window.py Отправлено сообщение для KIBORG1: а ну
2021-04-13 22:57:12,267 INFO transport.py Получено сообщение от пользователя KIBORG2:
а ну
2021-04-13 22:57:44,638 CRITICAL transport.py Потеряно соединение с сервером.
2021-04-13 22:57:51,617 INFO client.py Запущен клиент с парамертами: адрес сервера: 127.0.0.1, порт: 7777
2021-04-13 22:57:51,620 INFO client.py Запущен клиент с парамертами: адрес сервера: 127.0.0.1, порт: 7777
2021-04-13 22:57:51,647 DEBUG transport.py Сформировано presence сообщение для пользователя KIBORG1
2021-04-13 22:57:51,649 DEBUG transport.py Сформировано presence сообщение для пользователя KIBORG2
2021-04-13 22:57:51,690 DEBUG transport.py Получен ответ от сервера!
2021-04-13 22:57:51,713 DEBUG transport.py Получен ответ от сервера!
2021-04-13 22:57:51,749 DEBUG transport.py Запрос списка известных пользователей KIBORG1
2021-04-13 22:57:51,757 DEBUG transport.py Запрос списка известных пользователей KIBORG2
2021-04-13 22:57:52,246 DEBUG transport.py Запрос контакт листа для пользователся KIBORG2
2021-04-13 22:57:52,246 DEBUG transport.py Сформирован запрос {'action': 'get_contacts', 'time': 1618343872.2464292, 'user': 'KIBORG2'}
2021-04-13 22:57:52,247 DEBUG transport.py Запрос контакт листа для пользователся KIBORG1
2021-04-13 22:57:52,248 DEBUG transport.py Сформирован запрос {'action': 'get_contacts', 'time': 1618343872.2484295, 'user': 'KIBORG1'}
2021-04-13 22:57:52,729 DEBUG transport.py Получен ответ {'response': 202, 'data_list': ['KIBORG2', 'KIBORG3']}
2021-04-13 22:57:52,731 DEBUG transport.py Получен ответ {'response': 202, 'data_list': ['KIBORG1', 'KIBORG3']}
2021-04-13 23:01:30,795 CRITICAL transport.py Потеряно соединение с сервером.
2021-04-13 23:01:30,898 CRITICAL transport.py Потеряно соединение с сервером.
2021-04-13 23:01:37,265 INFO client.py Запущен клиент с парамертами: адрес сервера: 127.0.0.1, порт: 7777
2021-04-13 23:01:37,291 DEBUG transport.py Сформировано presence сообщение для пользователя KIBORG2
2021-04-13 23:01:37,300 INFO client.py Запущен клиент с парамертами: адрес сервера: 127.0.0.1, порт: 7777
2021-04-13 23:01:37,324 DEBUG transport.py Сформировано presence сообщение для пользователя KIBORG1
2021-04-13 23:01:37,336 DEBUG transport.py Получен ответ от сервера!
2021-04-13 23:01:37,357 DEBUG transport.py Получен ответ от сервера!
2021-04-13 23:01:37,391 DEBUG transport.py Запрос списка известных пользователей KIBORG2
2021-04-13 23:01:37,412 DEBUG transport.py Запрос списка известных пользователей KIBORG1
2021-04-13 23:01:37,893 DEBUG transport.py Запрос контакт листа для пользователся KIBORG2
2021-04-13 23:01:37,893 DEBUG transport.py Сформирован запрос {'action': 'get_contacts', 'time': 1618344097.8935573, 'user': 'KIBORG2'}
2021-04-13 23:01:37,905 DEBUG transport.py Запрос контакт листа для пользователся KIBORG1
2021-04-13 23:01:37,906 DEBUG transport.py Сформирован запрос {'action': 'get_contacts', 'time': 1618344097.9065573, 'user': 'KIBORG1'}
2021-04-13 23:01:38,375 DEBUG transport.py Получен ответ {'response': 202, 'data_list': ['KIBORG1', 'KIBORG3']}
2021-04-13 23:01:38,378 DEBUG transport.py Получен ответ {'response': 202, 'data_list': ['KIBORG2', 'KIBORG3']}
2021-04-13 23:01:46,331 DEBUG jimbase.py Сформирован словарь сообщения: {'action': 'message', 'sender': 'KIBORG2', 'to': 'KIBORG1', 'time': 1618344106.3311415, 'mess_text': 'test'}
2021-04-13 23:01:46,339 DEBUG main_window.py Отправлено сообщение для KIBORG1: test
2021-04-13 23:01:46,389 INFO transport.py Получено сообщение от пользователя KIBORG2:
test
2021-04-13 23:01:56,078 DEBUG jimbase.py Сформирован словарь сообщения: {'action': 'message', 'sender': 'KIBORG2', 'to': 'KIBORG1', 'time': 1618344116.0781407, 'mess_text': 'test2'}
2021-04-13 23:01:56,085 DEBUG main_window.py Отправлено сообщение для KIBORG1: test2
2021-04-13 23:02:19,262 CRITICAL transport.py Потеряно соединение с сервером.
2021-04-13 23:02:33,797 INFO client.py Запущен клиент с парамертами: адрес сервера: 127.0.0.1, порт: 7777
2021-04-13 23:02:33,816 INFO client.py Запущен клиент с парамертами: адрес сервера: 127.0.0.1, порт: 7777
2021-04-13 23:02:33,830 DEBUG transport.py Сформировано presence сообщение для пользователя KIBORG1
2021-04-13 23:02:33,846 DEBUG transport.py Сформировано presence сообщение для пользователя KIBORG2
2021-04-13 23:02:33,861 DEBUG transport.py Получен ответ от сервера!
2021-04-13 23:02:33,888 DEBUG transport.py Получен ответ от сервера!
2021-04-13 23:02:33,920 DEBUG transport.py Запрос списка известных пользователей KIBORG1
2021-04-13 23:02:33,936 DEBUG transport.py Запрос списка известных пользователей KIBORG2
2021-04-13 23:02:34,427 DEBUG transport.py Запрос контакт листа для пользователся KIBORG1
2021-04-13 23:02:34,427 DEBUG transport.py Сформирован запрос {'action': 'get_contacts', 'time': 1618344154.4274344, 'user': 'KIBORG1'}
2021-04-13 23:02:34,433 DEBUG transport.py Запрос контакт листа для пользователся KIBORG2
2021-04-13 23:02:34,433 DEBUG transport.py Сформирован запрос {'action': 'get_contacts', 'time': 1618344154.4334743, 'user': 'KIBORG2'}
2021-04-13 23:02:34,906 DEBUG transport.py Получен ответ {'response': 202, 'data_list': ['KIBORG2', 'KIBORG3']}
2021-04-13 23:02:34,909 DEBUG transport.py Получен ответ {'response': 202, 'data_list': ['KIBORG1', 'KIBORG3']}
2021-04-13 23:02:58,159 DEBUG jimbase.py Сформирован словарь сообщения: {'action': 'message', 'sender': 'KIBORG1', 'to': 'KIBORG2', 'time': 1618344178.1599774, 'mess_text': 'а так?'}
2021-04-13 23:02:58,173 DEBUG main_window.py Отправлено сообщение для KIBORG2: а так?
2021-04-13 23:02:58,434 INFO transport.py Получено сообщение от пользователя KIBORG1:
а так?
2021-04-13 23:21:56,066 INFO client.py Запущен клиент с парамертами: адрес сервера: 127.0.0.1, порт: 7777
2021-04-13 23:21:58,095 CRITICAL transport.py Не удалось подключиться к серверу 127.0.0.1:7777, конечный компьютер отверг запрос на подключение.
2021-04-13 23:21:58,144 DEBUG transport.py Запрос списка известных пользователей KIBORG1
2021-04-13 23:21:58,144 CRITICAL client.py Необработанная ошибка: 'NoneType' object has no attribute 'send_message'
2021-04-13 23:24:14,584 INFO client.py Запущен клиент с парамертами: адрес сервера: 127.0.0.1, порт: 7777
2021-04-13 23:24:14,610 DEBUG transport.py Сформировано presence сообщение для пользователя KIBORG1
2021-04-13 23:24:14,665 DEBUG transport.py Получен ответ от сервера!
2021-04-13 23:24:14,723 DEBUG transport.py Запрос списка известных пользователей KIBORG1
2021-04-13 23:24:15,223 DEBUG transport.py Запрос контакт листа для пользователся KIBORG1
2021-04-13 23:24:15,224 DEBUG transport.py Сформирован запрос {'action': 'get_contacts', 'time': 1618345455.224913, 'user': 'KIBORG1'}
2021-04-13 23:24:15,704 DEBUG transport.py Получен ответ {'response': 202, 'data_list': ['KIBORG2', 'KIBORG3']}
2021-04-13 23:24:28,930 INFO client.py Запущен клиент с парамертами: адрес сервера: 127.0.0.1, порт: 7777
2021-04-13 23:24:28,941 INFO client.py Запущен клиент с парамертами: адрес сервера: 127.0.0.1, порт: 7777
2021-04-13 23:24:28,956 DEBUG transport.py Сформировано presence сообщение для пользователя KIBORG2
2021-04-13 23:24:28,967 DEBUG transport.py Сформировано presence сообщение для пользователя KIBORG1
2021-04-13 23:24:28,993 DEBUG transport.py Получен ответ от сервера!
2021-04-13 23:24:28,993 CRITICAL client.py Необработанная ошибка: Имя пользователя уже занято.
2021-04-13 23:24:29,061 DEBUG transport.py Запрос списка известных пользователей KIBORG2
2021-04-13 23:24:29,528 DEBUG transport.py Запрос контакт листа для пользователся KIBORG2
2021-04-13 23:24:29,528 DEBUG transport.py Сформирован запрос {'action': 'get_contacts', 'time': 1618345469.52832, 'user': 'KIBORG2'}
2021-04-13 23:24:30,008 DEBUG transport.py Получен ответ {'response': 202, 'data_list': ['KIBORG1', 'KIBORG3']}
2021-04-13 23:24:54,720 INFO client.py Запущен клиент с парамертами: адрес сервера: 127.0.0.1, порт: 7777
2021-04-13 23:24:54,731 INFO client.py Запущен клиент с парамертами: адрес сервера: 127.0.0.1, порт: 7777
2021-04-13 23:24:54,764 INFO client.py Запущен клиент с парамертами: адрес сервера: 127.0.0.1, порт: 7777
2021-04-13 23:24:54,777 DEBUG transport.py Сформировано presence сообщение для пользователя KIBORG2
2021-04-13 23:24:54,788 DEBUG transport.py Сформировано presence сообщение для пользователя KIBORG1
2021-04-13 23:24:54,805 DEBUG transport.py Получен ответ от сервера!
2021-04-13 23:24:54,822 DEBUG transport.py Сформировано presence сообщение для пользователя KIBORG3
2021-04-13 23:24:54,834 DEBUG transport.py Получен ответ от сервера!
2021-04-13 23:24:54,857 DEBUG transport.py Получен ответ от сервера!
2021-04-13 23:24:54,890 DEBUG transport.py Запрос списка известных пользователей KIBORG2
2021-04-13 23:24:55,017 DEBUG transport.py Запрос списка известных пользователей KIBORG1
2021-04-13 23:24:55,088 DEBUG transport.py Запрос списка известных пользователей KIBORG3
2021-04-13 23:24:55,428 DEBUG transport.py Запрос контакт листа для пользователся KIBORG3
2021-04-13 23:24:55,428 DEBUG transport.py Сформирован запрос {'action': 'get_contacts', 'time': 1618345495.42871, 'user': 'KIBORG3'}
2021-04-13 23:24:55,429 DEBUG transport.py Запрос контакт листа для пользователся KIBORG1
2021-04-13 23:24:55,429 DEBUG transport.py Сформирован запрос {'action': 'get_contacts', 'time': 1618345495.4297106, 'user': 'KIBORG1'}
2021-04-13 23:24:55,439 DEBUG transport.py Запрос контакт листа для пользователся KIBORG2
2021-04-13 23:24:55,439 DEBUG transport.py Сформирован запрос {'action': 'get_contacts', 'time': 1618345495.4397097, 'user': 'KIBORG2'}
2021-04-13 23:24:55,883 DEBUG transport.py Получен ответ {'response': 202, 'data_list': ['KIBORG1', 'KIBORG3']}
2021-04-13 23:24:55,886 DEBUG transport.py Получен ответ {'response': 202, 'data_list': ['KIBORG2', 'KIBORG3']}
2021-04-13 23:24:55,888 DEBUG transport.py Получен ответ {'response': 202, 'data_list': ['KIBORG1', 'KIBORG2']}
2021-04-13 23:25:07,277 DEBUG jimbase.py Сформирован словарь сообщения: {'action': 'message', 'sender': 'KIBORG1', 'to': 'KIBORG2', 'time': 1618345507.277308, 'mess_text': 'Еще раз'}
2021-04-13 23:25:07,286 DEBUG main_window.py Отправлено сообщение для KIBORG2: Еще раз
2021-04-13 23:25:07,401 INFO transport.py Получено сообщение от пользователя KIBORG1:
Еще раз
2021-04-13 23:25:12,247 DEBUG jimbase.py Сформирован словарь сообщения: {'action': 'message', 'sender': 'KIBORG2', 'to': 'KIBORG1', 'time': 1618345512.2472591, 'mess_text': 'Так'}
2021-04-13 23:25:12,266 DEBUG main_window.py Отправлено сообщение для KIBORG1: Так
2021-04-13 23:25:13,128 INFO transport.py Получено сообщение от пользователя KIBORG2:
Так
2021-04-13 23:25:15,429 DEBUG jimbase.py Сформирован словарь сообщения: {'action': 'message', 'sender': 'KIBORG2', 'to': 'KIBORG1', 'time': 1618345515.4292822, 'mess_text': 'Кажется, работает'}
2021-04-13 23:25:15,452 DEBUG main_window.py Отправлено сообщение для KIBORG1: Кажется, работает
2021-04-13 23:25:15,916 INFO transport.py Получено сообщение от пользователя KIBORG2:
Кажется, работает
2021-04-13 23:25:27,902 DEBUG jimbase.py Сформирован словарь сообщения: {'action': 'message', 'sender': 'KIBORG1', 'to': 'KIBORG2', 'time': 1618345527.9022593, 'mess_text': '?'}
2021-04-13 23:25:27,919 DEBUG main_window.py Отправлено сообщение для KIBORG2: ?
2021-04-13 23:25:27,931 INFO transport.py Получено сообщение от пользователя KIBORG1:
?
2021-04-13 23:29:19,554 INFO client.py Запущен клиент с парамертами: адрес сервера: 127.0.0.1, порт: 7777
2021-04-13 23:29:19,563 INFO client.py Запущен клиент с парамертами: адрес сервера: 127.0.0.1, порт: 7777
2021-04-13 23:29:19,592 DEBUG transport.py Сформировано presence сообщение для пользователя KIBORG3
2021-04-13 23:29:19,601 DEBUG transport.py Сформировано presence сообщение для пользователя KIBORG1
2021-04-13 23:29:19,611 INFO client.py Запущен клиент с парамертами: адрес сервера: 127.0.0.1, порт: 7777
2021-04-13 23:29:19,615 DEBUG transport.py Получен ответ от сервера!
2021-04-13 23:29:19,644 DEBUG transport.py Получен ответ от сервера!
2021-04-13 23:29:19,652 DEBUG transport.py Сформировано presence сообщение для пользователя KIBORG2
2021-04-13 23:29:19,689 DEBUG transport.py Запрос списка известных пользователей KIBORG3
2021-04-13 23:29:19,719 DEBUG transport.py Запрос списка известных пользователей KIBORG1
2021-04-13 23:29:19,731 DEBUG transport.py Получен ответ от сервера!
2021-04-13 23:29:19,802 DEBUG transport.py Запрос списка известных пользователей KIBORG2
2021-04-13 23:29:20,267 DEBUG transport.py Запрос контакт листа для пользователся KIBORG3
2021-04-13 23:29:20,267 DEBUG transport.py Сформирован запрос {'action': 'get_contacts', 'time': 1618345760.267561, 'user': 'KIBORG3'}
2021-04-13 23:29:20,270 DEBUG transport.py Запрос контакт листа для пользователся KIBORG2
2021-04-13 23:29:20,271 DEBUG transport.py Сформирован запрос {'action': 'get_contacts', 'time': 1618345760.2715595, 'user': 'KIBORG2'}
2021-04-13 23:29:20,276 DEBUG transport.py Запрос контакт листа для пользователся KIBORG1
2021-04-13 23:29:20,276 DEBUG transport.py Сформирован запрос {'action': 'get_contacts', 'time': 1618345760.2765603, 'user': 'KIBORG1'}
2021-04-13 23:29:20,749 DEBUG transport.py Получен ответ {'response': 202, 'data_list': ['KIBORG1', 'KIBORG2']}
2021-04-13 23:29:20,751 DEBUG transport.py Получен ответ {'response': 202, 'data_list': ['KIBORG2', 'KIBORG3']}
2021-04-13 23:29:20,754 DEBUG transport.py Получен ответ {'response': 202, 'data_list': ['KIBORG1', 'KIBORG3']}
2021-04-13 23:29:34,438 DEBUG jimbase.py Сформирован словарь сообщения: {'action': 'message', 'sender': 'KIBORG3', 'to': 'KIBORG1', 'time': 1618345774.4381027, 'mess_text': 'Ну теперь поговорим, ржавая кастрюля'}
2021-04-13 23:29:34,447 DEBUG main_window.py Отправлено сообщение для KIBORG1: Ну теперь поговорим, ржавая кастрюля
2021-04-13 23:29:34,984 INFO transport.py Получено сообщение от пользователя KIBORG3:
Ну теперь поговорим, ржавая кастрюля
2021-04-13 23:29:46,270 DEBUG jimbase.py Сформирован словарь сообщения: {'action': 'message', 'sender': 'KIBORG1', 'to': 'KIBORG3', 'time': 1618345786.2701027, 'mess_text': 'Ни стыда, ни совести!'}
2021-04-13 23:29:46,287 DEBUG main_window.py Отправлено сообщение для KIBORG3: Ни стыда, ни совести!
2021-04-13 23:29:47,046 INFO transport.py Получено сообщение от пользователя KIBORG1:
Ни стыда, ни совести!
2021-04-13 23:30:30,173 DEBUG jimbase.py Сформирован словарь сообщения: {'action': 'message', 'sender': 'KIBORG2', 'to': 'KIBORG1', 'time': 1618345830.1736972, 'mess_text': 'Я  М-О-Г-У Г-О-В-О-Р-И-Т-Ь'}
2021-04-13 23:30:30,188 DEBUG main_window.py Отправлено сообщение для KIBORG1: Я  М-О-Г-У Г-О-В-О-Р-И-Т-Ь
2021-04-13 23:30:30,337 INFO transport.py Получено сообщение от пользователя KIBORG2:
Я  М-О-Г-У Г-О-В-О-Р-И-Т-Ь
2021-04-13 23:30:37,021 DEBUG jimbase.py Сформирован словарь сообщения: {'action': 'message', 'sender': 'KIBORG1', 'to': 'KIBORG2', 'time': 1618345837.0216954, 'mess_text': 'Рад за тебя'}
2021-04-13 23:30:37,039 DEBUG main_window.py Отправлено сообщение для KIBORG2: Рад за тебя
2021-04-13 23:30:38,074 INFO transport.py Получено сообщение от пользователя KIBORG1:
Рад за тебя
2021-04-13 23:31:23,449 INFO client.py Запущен клиент с парамертами: адрес сервера: 127.0.0.1, порт: 7777
2021-04-13 23:31:23,455 INFO client.py Запущен клиент с парамертами: адрес сервера: 127.0.0.1, порт: 7777
2021-04-13 23:31:23,479 DEBUG transport.py Сформировано presence сообщение для пользователя KIBORG1
2021-04-13 23:31:23,483 DEBUG transport.py Сформировано presence сообщение для пользователя KIBORG2
2021-04-13 23:31:23,527 DEBUG transport.py Получен ответ от сервера!
2021-04-13 23:31:23,550 DEBUG transport.py Получен ответ от сервера!
2021-04-13 23:31:23,586 DEBUG transport.py Запрос списка известных пользователей KIBORG1
2021-04-13 23:31:23,613 DEBUG transport.py Запрос списка известных пользователей KIBORG2
2021-04-13 23:31:24,088 DEBUG transport.py Запрос контакт листа для пользователся KIBORG2
2021-04-13 23:31:24,088 DEBUG transport.py Сформирован запрос {'action': 'get_contacts', 'time': 1618345884.0888479, 'user': 'KIBORG2'}
2021-04-13 23:31:24,094 DEBUG transport.py Запрос контакт листа для пользователся KIBORG1
2021-04-13 23:31:24,094 DEBUG transport.py Сформирован запрос {'action': 'get_contacts', 'time': 1618345884.0948467, 'user': 'KIBORG1'}
2021-04-13 23:31:24,570 DEBUG transport.py Получен ответ {'response': 202, 'data_list': ['KIBORG2', 'KIBORG3']}
2021-04-13 23:31:24,571 DEBUG transport.py Получен ответ {'response': 202, 'data_list': ['KIBORG1', 'KIBORG3']}
2021-04-13 23:33:29,028 INFO client.py Запущен клиент с парамертами: адрес сервера: 127.0.0.1, порт: 7777
2021-04-13 23:33:29,057 DEBUG transport.py Сформировано presence сообщение для пользователя KIBORG3
2021-04-13 23:33:29,073 INFO client.py Запущен клиент с парамертами: адрес сервера: 127.0.0.1, порт: 7777
2021-04-13 23:33:29,077 DEBUG transport.py Получен ответ от сервера!
2021-04-13 23:33:29,084 INFO client.py Запущен клиент с парамертами: адрес сервера: 127.0.0.1, порт: 7777
2021-04-13 23:33:29,106 DEBUG transport.py Сформировано presence сообщение для пользователя KIBORG2
2021-04-13 23:33:29,118 DEBUG transport.py Сформировано presence сообщение для пользователя KIBORG1
2021-04-13 23:33:29,145 DEBUG transport.py Запрос списка известных пользователей KIBORG3
2021-04-13 23:33:29,178 DEBUG transport.py Получен ответ от сервера!
2021-04-13 23:33:29,209 DEBUG transport.py Получен ответ от сервера!
2021-04-13 23:33:29,231 DEBUG transport.py Запрос списка известных пользователей KIBORG2
2021-04-13 23:33:29,257 DEBUG transport.py Запрос списка известных пользователей KIBORG1
2021-04-13 23:33:29,749 DEBUG transport.py Запрос контакт листа для пользователся KIBORG3
2021-04-13 23:33:29,750 DEBUG transport.py Запрос контакт листа для пользователся KIBORG2
2021-04-13 23:33:29,750 DEBUG transport.py Сформирован запрос {'action': 'get_contacts', 'time': 1618346009.750998, 'user': 'KIBORG3'}
2021-04-13 23:33:29,750 DEBUG transport.py Сформирован запрос {'action': 'get_contacts', 'time': 1618346009.750998, 'user': 'KIBORG2'}
2021-04-13 23:33:29,750 DEBUG transport.py Запрос контакт листа для пользователся KIBORG1
2021-04-13 23:33:29,750 DEBUG transport.py Сформирован запрос {'action': 'get_contacts', 'time': 1618346009.750998, 'user': 'KIBORG1'}
2021-04-13 23:33:30,227 DEBUG transport.py Получен ответ {'response': 202, 'data_list': ['KIBORG1', 'KIBORG2']}
2021-04-13 23:33:30,230 DEBUG transport.py Получен ответ {'response': 202, 'data_list': ['KIBORG1', 'KIBORG3']}
2021-04-13 23:33:30,232 DEBUG transport.py Получен ответ {'response': 202, 'data_list': ['KIBORG2', 'KIBORG3']}
2021-04-13 23:33:39,693 DEBUG jimbase.py Сформирован словарь сообщения: {'action': 'message', 'sender': 'KIBORG1', 'to': 'KIBORG2', 'time': 1618346019.6939962, 'mess_text': 'Безумно'}
2021-04-13 23:33:39,701 DEBUG main_window.py Отправлено сообщение для KIBORG2: Безумно
2021-04-13 23:33:40,043 INFO transport.py Получено сообщение от пользователя KIBORG1:
Безумно
2021-04-13 23:33:49,429 DEBUG jimbase.py Сформирован словарь сообщения: {'action': 'message', 'sender': 'KIBORG2', 'to': 'KIBORG1', 'time': 1618346029.4298513, 'mess_text': 'С-П-А-С-И-Б-О'}
2021-04-13 23:33:49,447 DEBUG main_window.py Отправлено сообщение для KIBORG1: С-П-А-С-И-Б-О
2021-04-13 23:33:50,581 INFO transport.py Получено сообщение от пользователя KIBORG2:
С-П-А-С-И-Б-О
2021-04-13 23:36:02,635 INFO client.py Запущен клиент с парамертами: адрес сервера: 127.0.0.1, порт: 7777
2021-04-13 23:36:02,645 INFO client.py Запущен клиент с парамертами: адрес сервера: 127.0.0.1, порт: 7777
2021-04-13 23:36:02,654 INFO client.py Запущен клиент с парамертами: адрес сервера: 127.0.0.1, порт: 7777
2021-04-13 23:36:02,678 DEBUG transport.py Сформировано presence сообщение для пользователя KIBORG1
2021-04-13 23:36:02,695 DEBUG transport.py Сформировано presence сообщение для пользователя KIBORG2
2021-04-13 23:36:02,700 DEBUG transport.py Сформировано presence сообщение для пользователя KIBORG3
2021-04-13 23:36:02,752 DEBUG transport.py Получен ответ от сервера!
2021-04-13 23:36:02,774 DEBUG transport.py Получен ответ от сервера!
2021-04-13 23:36:02,798 DEBUG transport.py Получен ответ от сервера!
2021-04-13 23:36:02,816 DEBUG transport.py Запрос списка известных пользователей KIBORG1
2021-04-13 23:36:02,847 DEBUG transport.py Запрос списка известных пользователей KIBORG2
2021-04-13 23:36:02,849 DEBUG transport.py Запрос списка известных пользователей KIBORG3
2021-04-13 23:36:03,337 DEBUG transport.py Запрос контакт листа для пользователся KIBORG1
2021-04-13 23:36:03,338 DEBUG transport.py Сформирован запрос {'action': 'get_contacts', 'time': 1618346163.3386629, 'user': 'KIBORG1'}
2021-04-13 23:36:03,339 DEBUG transport.py Запрос контакт листа для пользователся KIBORG2
2021-04-13 23:36:03,339 DEBUG transport.py Запрос контакт листа для пользователся KIBORG3
2021-04-13 23:36:03,339 DEBUG transport.py Сформирован запрос {'action': 'get_contacts', 'time': 1618346163.33966, 'user': 'KIBORG2'}
2021-04-13 23:36:03,339 DEBUG transport.py Сформирован запрос {'action': 'get_contacts', 'time': 1618346163.33966, 'user': 'KIBORG3'}
2021-04-13 23:36:03,816 DEBUG transport.py Получен ответ {'response': 202, 'data_list': ['KIBORG2', 'KIBORG3']}
2021-04-13 23:36:03,819 DEBUG transport.py Получен ответ {'response': 202, 'data_list': ['KIBORG1', 'KIBORG3']}
2021-04-13 23:36:03,821 DEBUG transport.py Получен ответ {'response': 202, 'data_list': ['KIBORG1', 'KIBORG2']}
2021-04-13 23:36:08,701 DEBUG jimbase.py Сформирован словарь сообщения: {'action': 'message', 'sender': 'KIBORG3', 'to': 'KIBORG2', 'time': 1618346168.7016475, 'mess_text': 'hi'}
2021-04-13 23:36:08,720 DEBUG main_window.py Отправлено сообщение для KIBORG2: hi
2021-04-13 23:36:08,939 INFO transport.py Получено сообщение от пользователя KIBORG3:
hi
2021-04-13 23:36:18,341 DEBUG jimbase.py Сформирован словарь сообщения: {'action': 'message', 'sender': 'KIBORG2', 'to': 'KIBORG3', 'time': 1618346178.3401802, 'mess_text': 'how do you do?'}
2021-04-13 23:36:18,360 DEBUG main_window.py Отправлено сообщение для KIBORG3: how do you do?
2021-04-13 23:36:19,456 INFO transport.py Получено сообщение от пользователя KIBORG2:
how do you do?
2021-04-13 23:37:12,571 INFO client.py Запущен клиент с парамертами: адрес сервера: 127.0.0.1, порт: 7777
2021-04-13 23:37:12,571 INFO client.py Запущен клиент с парамертами: адрес сервера: 127.0.0.1, порт: 7777
2021-04-13 23:37:12,606 DEBUG transport.py Сформировано presence сообщение для пользователя KIBORG1
2021-04-13 23:37:12,606 DEBUG transport.py Сформировано presence сообщение для пользователя KIBORG2
2021-04-13 23:37:12,637 DEBUG transport.py Получен ответ от сервера!
2021-04-13 23:37:12,684 DEBUG transport.py Запрос списка известных пользователей KIBORG1
2021-04-13 23:37:12,692 DEBUG transport.py Получен ответ от сервера!
2021-04-13 23:37:12,748 DEBUG transport.py Запрос списка известных пользователей KIBORG2
2021-04-13 23:37:13,231 DEBUG transport.py Запрос контакт листа для пользователся KIBORG2
2021-04-13 23:37:13,231 DEBUG transport.py Сформирован запрос {'action': 'get_contacts', 'time': 1618346233.2315378, 'user': 'KIBORG2'}
2021-04-13 23:37:13,233 DEBUG transport.py Запрос контакт листа для пользователся KIBORG1
2021-04-13 23:37:13,233 DEBUG transport.py Сформирован запрос {'action': 'get_contacts', 'time': 1618346233.23354, 'user': 'KIBORG1'}
2021-04-13 23:37:13,708 DEBUG transport.py Получен ответ {'response': 202, 'data_list': ['KIBORG2', 'KIBORG3']}
2021-04-13 23:37:13,711 DEBUG transport.py Получен ответ {'response': 202, 'data_list': ['KIBORG1', 'KIBORG3']}
2021-04-13 23:37:18,901 DEBUG transport.py Запрос списка известных пользователей KIBORG1
2021-04-13 23:37:19,215 DEBUG add_contact.py Обновление списка пользователей с сервера выполнено
2021-04-13 23:37:20,449 DEBUG transport.py Запрос списка известных пользователей KIBORG1
2021-04-13 23:37:20,717 DEBUG add_contact.py Обновление списка пользователей с сервера выполнено
2021-04-13 23:37:45,673 INFO client.py Запущен клиент с парамертами: адрес сервера: 127.0.0.1, порт: 7777
2021-04-13 23:37:45,698 DEBUG transport.py Сформировано presence сообщение для пользователя KIBORG2
2021-04-13 23:37:45,704 INFO client.py Запущен клиент с парамертами: адрес сервера: 127.0.0.1, порт: 7777
2021-04-13 23:37:45,729 DEBUG transport.py Сформировано presence сообщение для пользователя KIBORG1
2021-04-13 23:37:45,747 DEBUG transport.py Получен ответ от сервера!
2021-04-13 23:37:45,794 DEBUG transport.py Запрос списка известных пользователей KIBORG2
2021-04-13 23:37:45,806 DEBUG transport.py Получен ответ от сервера!
2021-04-13 23:37:45,853 DEBUG transport.py Запрос списка известных пользователей KIBORG1
2021-04-13 23:37:46,343 DEBUG transport.py Запрос контакт листа для пользователся KIBORG1
2021-04-13 23:37:46,344 DEBUG transport.py Сформирован запрос {'action': 'get_contacts', 'time': 1618346266.3448615, 'user': 'KIBORG1'}
2021-04-13 23:37:46,344 DEBUG transport.py Запрос контакт листа для пользователся KIBORG2
2021-04-13 23:37:46,345 DEBUG transport.py Сформирован запрос {'action': 'get_contacts', 'time': 1618346266.3458614, 'user': 'KIBORG2'}
2021-04-13 23:37:46,824 DEBUG transport.py Получен ответ {'response': 202, 'data_list': ['KIBORG1', 'KIBORG3']}
2021-04-13 23:37:46,826 DEBUG transport.py Получен ответ {'response': 202, 'data_list': ['KIBORG2', 'KIBORG3']}
2021-04-13 23:39:16,775 INFO client.py Запущен клиент с парамертами: адрес сервера: 127.0.0.1, порт: 7777
2021-04-13 23:39:16,779 INFO client.py Запущен клиент с парамертами: адрес сервера: 127.0.0.1, порт: 7777
2021-04-13 23:39:16,779 INFO client.py Запущен клиент с парамертами: адрес сервера: 127.0.0.1, порт: 7777
2021-04-13 23:39:16,813 DEBUG transport.py Сформировано presence сообщение для пользователя KIBORG2
2021-04-13 23:39:16,816 DEBUG transport.py Сформировано presence сообщение для пользователя KIBORG1
2021-04-13 23:39:16,817 DEBUG transport.py Сформировано presence сообщение для пользователя KIBORG3
2021-04-13 23:39:16,857 DEBUG transport.py Получен ответ от сервера!
2021-04-13 23:39:16,908 DEBUG transport.py Запрос списка известных пользователей KIBORG2
2021-04-13 23:39:16,923 DEBUG transport.py Получен ответ от сервера!
2021-04-13 23:39:16,955 DEBUG transport.py Получен ответ от сервера!
2021-04-13 23:39:16,970 DEBUG transport.py Запрос контакт листа для пользователся KIBORG2
2021-04-13 23:39:16,970 DEBUG transport.py Сформирован запрос {'action': 'get_contacts', 'time': 1618346356.97057, 'user': 'KIBORG2'}
2021-04-13 23:39:16,975 DEBUG transport.py Запрос списка известных пользователей KIBORG1
2021-04-13 23:39:17,029 DEBUG transport.py Запрос списка известных пользователей KIBORG3
2021-04-13 23:39:17,470 DEBUG transport.py Получен ответ {'response': 202, 'data_list': ['KIBORG1', 'KIBORG3']}
2021-04-13 23:39:17,501 DEBUG transport.py Запрос контакт листа для пользователся KIBORG3
2021-04-13 23:39:17,501 DEBUG transport.py Сформирован запрос {'action': 'get_contacts', 'time': 1618346357.5015697, 'user': 'KIBORG3'}
2021-04-13 23:39:17,504 DEBUG transport.py Запрос контакт листа для пользователся KIBORG1
2021-04-13 23:39:17,505 DEBUG transport.py Сформирован запрос {'action': 'get_contacts', 'time': 1618346357.5055714, 'user': 'KIBORG1'}
2021-04-13 23:39:17,975 DEBUG transport.py Получен ответ {'response': 202, 'data_list': ['KIBORG2', 'KIBORG3']}
2021-04-13 23:39:17,978 DEBUG transport.py Получен ответ {'response': 202, 'data_list': ['KIBORG1', 'KIBORG2']}
